[ 2015-09-23T21:57:23+08:00 ] ::1 /whugu/Home/index/
INFO: [ app_init ] --START--
INFO: Run Behavior\BuildLiteBehavior [ RunTime:0.001000s ]
INFO: [ app_init ] --END-- [ RunTime:0.001000s ]
INFO: [ app_begin ] --START--
INFO: Run Behavior\ReadHtmlCacheBehavior [ RunTime:0.001000s ]
INFO: [ app_begin ] --END-- [ RunTime:0.002000s ]
SQL: SHOW COLUMNS FROM `article` [ RunTime:0.0030s ]
SQL: SELECT `id`,`title`,`pubdate` FROM `article` WHERE ( cid=1 ) ORDER BY pubdate desc LIMIT 6   [ RunTime:0.0010s ]
SQL: SELECT `id`,`title`,`pubdate` FROM `article` WHERE ( cid=2 ) ORDER BY pubdate desc LIMIT 6   [ RunTime:0.0050s ]
SQL: SELECT `id`,`title`,`pubdate` FROM `article` WHERE ( cid=3 ) ORDER BY pubdate desc LIMIT 6   [ RunTime:0.0010s ]
SQL: SELECT `id`,`title`,`pubdate` FROM `article` WHERE ( cid=4 ) ORDER BY pubdate desc LIMIT 6   [ RunTime:0.0010s ]
SQL: SELECT `id`,`title`,`pubdate` FROM `article` WHERE ( cid=5 ) ORDER BY pubdate desc LIMIT 6   [ RunTime:0.0030s ]
SQL: SELECT `id`,`title`,`pubdate` FROM `article` WHERE ( cid=6 ) ORDER BY pubdate desc LIMIT 6   [ RunTime:0.0020s ]
INFO: [ view_parse ] --START--
INFO: [ template_filter ] --START--
INFO: Run Behavior\ContentReplaceBehavior [ RunTime:0.001000s ]
INFO: [ template_filter ] --END-- [ RunTime:0.001000s ]
NOTIC: [8] Use of undefined constant php - assumed 'php' C:\www\whugu\app\Runtime\Cache\Home\0b6b5a4469edc68d5c1e1a465947b0f4.php 第 270 行.
NOTIC: [8] Use of undefined constant php - assumed 'php' C:\www\whugu\app\Runtime\Cache\Home\0b6b5a4469edc68d5c1e1a465947b0f4.php 第 270 行.
NOTIC: [8] Use of undefined constant php - assumed 'php' C:\www\whugu\app\Runtime\Cache\Home\0b6b5a4469edc68d5c1e1a465947b0f4.php 第 270 行.
NOTIC: [8] Use of undefined constant php - assumed 'php' C:\www\whugu\app\Runtime\Cache\Home\0b6b5a4469edc68d5c1e1a465947b0f4.php 第 270 行.
NOTIC: [8] Use of undefined constant php - assumed 'php' C:\www\whugu\app\Runtime\Cache\Home\0b6b5a4469edc68d5c1e1a465947b0f4.php 第 270 行.
NOTIC: [8] Use of undefined constant php - assumed 'php' C:\www\whugu\app\Runtime\Cache\Home\0b6b5a4469edc68d5c1e1a465947b0f4.php 第 270 行.
NOTIC: [8] Use of undefined constant php - assumed 'php' C:\www\whugu\app\Runtime\Cache\Home\0b6b5a4469edc68d5c1e1a465947b0f4.php 第 270 行.
NOTIC: [8] Use of undefined constant php - assumed 'php' C:\www\whugu\app\Runtime\Cache\Home\0b6b5a4469edc68d5c1e1a465947b0f4.php 第 270 行.
NOTIC: [8] Use of undefined constant php - assumed 'php' C:\www\whugu\app\Runtime\Cache\Home\0b6b5a4469edc68d5c1e1a465947b0f4.php 第 270 行.
NOTIC: [8] Use of undefined constant php - assumed 'php' C:\www\whugu\app\Runtime\Cache\Home\0b6b5a4469edc68d5c1e1a465947b0f4.php 第 270 行.
NOTIC: [8] Use of undefined constant php - assumed 'php' C:\www\whugu\app\Runtime\Cache\Home\0b6b5a4469edc68d5c1e1a465947b0f4.php 第 270 行.
NOTIC: [8] Use of undefined constant php - assumed 'php' C:\www\whugu\app\Runtime\Cache\Home\0b6b5a4469edc68d5c1e1a465947b0f4.php 第 270 行.
NOTIC: [8] Use of undefined constant php - assumed 'php' C:\www\whugu\app\Runtime\Cache\Home\0b6b5a4469edc68d5c1e1a465947b0f4.php 第 270 行.
NOTIC: [8] Use of undefined constant php - assumed 'php' C:\www\whugu\app\Runtime\Cache\Home\0b6b5a4469edc68d5c1e1a465947b0f4.php 第 270 行.
NOTIC: [8] Use of undefined constant php - assumed 'php' C:\www\whugu\app\Runtime\Cache\Home\0b6b5a4469edc68d5c1e1a465947b0f4.php 第 270 行.
INFO: Run Behavior\ParseTemplateBehavior [ RunTime:0.077005s ]
INFO: [ view_parse ] --END-- [ RunTime:0.079005s ]
INFO: [ view_filter ] --START--
INFO: Run Behavior\WriteHtmlCacheBehavior [ RunTime:0.000000s ]
INFO: [ view_filter ] --END-- [ RunTime:0.002000s ]
INFO: [ app_end ] --START--
INFO: Run Behavior\ShowPageTraceBehavior [ RunTime:0.001000s ]
INFO: [ app_end ] --END-- [ RunTime:0.002000s ]

[ 2015-09-23T21:57:28+08:00 ] ::1 /whugu/Home/index/
INFO: [ app_init ] --START--
INFO: Run Behavior\BuildLiteBehavior [ RunTime:0.001000s ]
INFO: [ app_init ] --END-- [ RunTime:0.001000s ]
INFO: [ app_begin ] --START--
INFO: Run Behavior\ReadHtmlCacheBehavior [ RunTime:0.001000s ]
INFO: [ app_begin ] --END-- [ RunTime:0.002000s ]
SQL: SHOW COLUMNS FROM `article` [ RunTime:0.0030s ]
SQL: SELECT `id`,`title`,`pubdate` FROM `article` WHERE ( cid=1 ) ORDER BY pubdate desc LIMIT 6   [ RunTime:0.0020s ]
SQL: SELECT `id`,`title`,`pubdate` FROM `article` WHERE ( cid=2 ) ORDER BY pubdate desc LIMIT 6   [ RunTime:0.0030s ]
SQL: SELECT `id`,`title`,`pubdate` FROM `article` WHERE ( cid=3 ) ORDER BY pubdate desc LIMIT 6   [ RunTime:0.0010s ]
SQL: SELECT `id`,`title`,`pubdate` FROM `article` WHERE ( cid=4 ) ORDER BY pubdate desc LIMIT 6   [ RunTime:0.0010s ]
SQL: SELECT `id`,`title`,`pubdate` FROM `article` WHERE ( cid=5 ) ORDER BY pubdate desc LIMIT 6   [ RunTime:0.0040s ]
SQL: SELECT `id`,`title`,`pubdate` FROM `article` WHERE ( cid=6 ) ORDER BY pubdate desc LIMIT 6   [ RunTime:0.0020s ]
INFO: [ view_parse ] --START--
INFO: [ template_filter ] --START--
INFO: Run Behavior\ContentReplaceBehavior [ RunTime:0.001000s ]
INFO: [ template_filter ] --END-- [ RunTime:0.001000s ]
NOTIC: [8] Use of undefined constant php - assumed 'php' C:\www\whugu\app\Runtime\Cache\Home\0b6b5a4469edc68d5c1e1a465947b0f4.php 第 270 行.
NOTIC: [8] Use of undefined constant php - assumed 'php' C:\www\whugu\app\Runtime\Cache\Home\0b6b5a4469edc68d5c1e1a465947b0f4.php 第 270 行.
NOTIC: [8] Use of undefined constant php - assumed 'php' C:\www\whugu\app\Runtime\Cache\Home\0b6b5a4469edc68d5c1e1a465947b0f4.php 第 270 行.
NOTIC: [8] Use of undefined constant php - assumed 'php' C:\www\whugu\app\Runtime\Cache\Home\0b6b5a4469edc68d5c1e1a465947b0f4.php 第 270 行.
NOTIC: [8] Use of undefined constant php - assumed 'php' C:\www\whugu\app\Runtime\Cache\Home\0b6b5a4469edc68d5c1e1a465947b0f4.php 第 270 行.
NOTIC: [8] Use of undefined constant php - assumed 'php' C:\www\whugu\app\Runtime\Cache\Home\0b6b5a4469edc68d5c1e1a465947b0f4.php 第 270 行.
NOTIC: [8] Use of undefined constant php - assumed 'php' C:\www\whugu\app\Runtime\Cache\Home\0b6b5a4469edc68d5c1e1a465947b0f4.php 第 270 行.
NOTIC: [8] Use of undefined constant php - assumed 'php' C:\www\whugu\app\Runtime\Cache\Home\0b6b5a4469edc68d5c1e1a465947b0f4.php 第 270 行.
NOTIC: [8] Use of undefined constant php - assumed 'php' C:\www\whugu\app\Runtime\Cache\Home\0b6b5a4469edc68d5c1e1a465947b0f4.php 第 270 行.
NOTIC: [8] Use of undefined constant php - assumed 'php' C:\www\whugu\app\Runtime\Cache\Home\0b6b5a4469edc68d5c1e1a465947b0f4.php 第 270 行.
NOTIC: [8] Use of undefined constant php - assumed 'php' C:\www\whugu\app\Runtime\Cache\Home\0b6b5a4469edc68d5c1e1a465947b0f4.php 第 270 行.
NOTIC: [8] Use of undefined constant php - assumed 'php' C:\www\whugu\app\Runtime\Cache\Home\0b6b5a4469edc68d5c1e1a465947b0f4.php 第 270 行.
NOTIC: [8] Use of undefined constant php - assumed 'php' C:\www\whugu\app\Runtime\Cache\Home\0b6b5a4469edc68d5c1e1a465947b0f4.php 第 270 行.
NOTIC: [8] Use of undefined constant php - assumed 'php' C:\www\whugu\app\Runtime\Cache\Home\0b6b5a4469edc68d5c1e1a465947b0f4.php 第 270 行.
NOTIC: [8] Use of undefined constant php - assumed 'php' C:\www\whugu\app\Runtime\Cache\Home\0b6b5a4469edc68d5c1e1a465947b0f4.php 第 270 行.
INFO: Run Behavior\ParseTemplateBehavior [ RunTime:0.076005s ]
INFO: [ view_parse ] --END-- [ RunTime:0.077005s ]
INFO: [ view_filter ] --START--
INFO: Run Behavior\WriteHtmlCacheBehavior [ RunTime:0.001000s ]
INFO: [ view_filter ] --END-- [ RunTime:0.002000s ]
INFO: [ app_end ] --START--
INFO: Run Behavior\ShowPageTraceBehavior [ RunTime:0.001000s ]
INFO: [ app_end ] --END-- [ RunTime:0.002000s ]

[ 2015-09-23T22:07:03+08:00 ] ::1 /whugu/whugu/Home/article/12757.html
INFO: [ app_init ] --START--
INFO: Run Behavior\BuildLiteBehavior [ RunTime:0.000000s ]
INFO: [ app_init ] --END-- [ RunTime:0.001000s ]
INFO: [ app_begin ] --START--
INFO: Run Behavior\ReadHtmlCacheBehavior [ RunTime:0.001000s ]
INFO: [ app_begin ] --END-- [ RunTime:0.002000s ]
ERR: 无法加载控制器:Whugu

[ 2015-09-23T22:07:15+08:00 ] ::1 /whugu/whugu/Home/article/12757.html
INFO: [ app_init ] --START--
INFO: Run Behavior\BuildLiteBehavior [ RunTime:0.000000s ]
INFO: [ app_init ] --END-- [ RunTime:0.001000s ]
INFO: [ app_begin ] --START--
INFO: Run Behavior\ReadHtmlCacheBehavior [ RunTime:0.001000s ]
INFO: [ app_begin ] --END-- [ RunTime:0.002000s ]
ERR: 无法加载控制器:Whugu

[ 2015-09-23T22:07:17+08:00 ] ::1 /whugu/whugu/Home/article/12757.html
INFO: [ app_init ] --START--
INFO: Run Behavior\BuildLiteBehavior [ RunTime:0.000000s ]
INFO: [ app_init ] --END-- [ RunTime:0.001000s ]
INFO: [ app_begin ] --START--
INFO: Run Behavior\ReadHtmlCacheBehavior [ RunTime:0.001000s ]
INFO: [ app_begin ] --END-- [ RunTime:0.002001s ]
ERR: 无法加载控制器:Whugu

[ 2015-09-23T22:07:25+08:00 ] ::1 /whugu/Home/article/12757.html
INFO: [ app_init ] --START--
INFO: Run Behavior\BuildLiteBehavior [ RunTime:0.000000s ]
INFO: [ app_init ] --END-- [ RunTime:0.001000s ]
INFO: [ app_begin ] --START--
INFO: Run Behavior\ReadHtmlCacheBehavior [ RunTime:0.001000s ]
INFO: [ app_begin ] --END-- [ RunTime:0.003000s ]
SQL: SHOW COLUMNS FROM `article` [ RunTime:0.0020s ]
SQL: SELECT * FROM `article` WHERE `id` = 12757 LIMIT 1   [ RunTime:0.0000s ]
SQL: UPDATE `article` SET `cid`='7',`title`='研会办公室',`content`='<p>什么鬼</p>',`author`='啦啦啦啦',`publisher`='啦啦啦啦',`pubdate`='2015-09-23 21:29:28',`hit`='1',`state`='1' WHERE `id` = 12757 [ RunTime:0.0050s ]
SQL: SHOW COLUMNS FROM `category` [ RunTime:0.0030s ]
SQL: SELECT * FROM `category` WHERE `id` = 7 LIMIT 1   [ RunTime:0.0000s ]
INFO: [ view_parse ] --START--
INFO: [ template_filter ] --START--
INFO: Run Behavior\ContentReplaceBehavior [ RunTime:0.001000s ]
INFO: [ template_filter ] --END-- [ RunTime:0.001000s ]
INFO: Run Behavior\ParseTemplateBehavior [ RunTime:0.024001s ]
INFO: [ view_parse ] --END-- [ RunTime:0.025001s ]
INFO: [ view_filter ] --START--
INFO: Run Behavior\WriteHtmlCacheBehavior [ RunTime:0.001000s ]
INFO: [ view_filter ] --END-- [ RunTime:0.002000s ]
INFO: [ app_end ] --START--
INFO: Run Behavior\ShowPageTraceBehavior [ RunTime:0.001000s ]
INFO: [ app_end ] --END-- [ RunTime:0.002000s ]

[ 2015-09-23T22:18:56+08:00 ] ::1 /whugu/Home/article/12757.html
INFO: [ app_init ] --START--
INFO: Run Behavior\BuildLiteBehavior [ RunTime:0.001001s ]
INFO: [ app_init ] --END-- [ RunTime:0.001001s ]
INFO: [ app_begin ] --START--
INFO: Run Behavior\ReadHtmlCacheBehavior [ RunTime:0.001000s ]
INFO: [ app_begin ] --END-- [ RunTime:0.002000s ]
SQL: SHOW COLUMNS FROM `article` [ RunTime:0.0030s ]
SQL: SELECT * FROM `article` WHERE `id` = 12757 LIMIT 1   [ RunTime:0.0010s ]
SQL: UPDATE `article` SET `cid`='7',`title`='研会办公室',`content`='<p>什么鬼</p>',`author`='啦啦啦啦',`publisher`='啦啦啦啦',`pubdate`='2015-09-23 21:29:28',`hit`='2',`state`='1' WHERE `id` = 12757 [ RunTime:0.0030s ]
SQL: SHOW COLUMNS FROM `category` [ RunTime:0.0030s ]
SQL: SELECT * FROM `category` WHERE `id` = 7 LIMIT 1   [ RunTime:0.0000s ]
INFO: [ view_parse ] --START--
INFO: [ template_filter ] --START--
INFO: Run Behavior\ContentReplaceBehavior [ RunTime:0.001000s ]
INFO: [ template_filter ] --END-- [ RunTime:0.001000s ]
INFO: Run Behavior\ParseTemplateBehavior [ RunTime:0.023002s ]
INFO: [ view_parse ] --END-- [ RunTime:0.024002s ]
INFO: [ view_filter ] --START--
INFO: Run Behavior\WriteHtmlCacheBehavior [ RunTime:0.001000s ]
INFO: [ view_filter ] --END-- [ RunTime:0.001000s ]
INFO: [ app_end ] --START--
INFO: Run Behavior\ShowPageTraceBehavior [ RunTime:0.001000s ]
INFO: [ app_end ] --END-- [ RunTime:0.002000s ]

[ 2015-09-23T23:07:56+08:00 ] ::1 /whugu/Home/article/12757.html
INFO: [ app_init ] --START--
INFO: Run Behavior\BuildLiteBehavior [ RunTime:0.000000s ]
INFO: [ app_init ] --END-- [ RunTime:0.002000s ]
INFO: [ app_begin ] --START--
INFO: Run Behavior\ReadHtmlCacheBehavior [ RunTime:0.000000s ]
INFO: [ app_begin ] --END-- [ RunTime:0.002000s ]
SQL: SHOW COLUMNS FROM `article` [ RunTime:0.0030s ]
SQL: SELECT * FROM `article` WHERE `id` = 12757 LIMIT 1   [ RunTime:0.0000s ]
SQL: UPDATE `article` SET `cid`='7',`title`='研会办公室',`content`='<p>什么鬼</p>',`author`='啦啦啦啦',`publisher`='啦啦啦啦aaa',`pubdate`='2015-09-23 23:07:46',`hit`='3',`state`='1' WHERE `id` = 12757 [ RunTime:0.0090s ]
SQL: SHOW COLUMNS FROM `category` [ RunTime:0.0030s ]
SQL: SELECT * FROM `category` WHERE `id` = 7 LIMIT 1   [ RunTime:0.0010s ]
INFO: [ view_parse ] --START--
INFO: [ template_filter ] --START--
INFO: Run Behavior\ContentReplaceBehavior [ RunTime:0.001000s ]
INFO: [ template_filter ] --END-- [ RunTime:0.001000s ]
INFO: Run Behavior\ParseTemplateBehavior [ RunTime:0.022001s ]
INFO: [ view_parse ] --END-- [ RunTime:0.024001s ]
INFO: [ view_filter ] --START--
INFO: Run Behavior\WriteHtmlCacheBehavior [ RunTime:0.001000s ]
INFO: [ view_filter ] --END-- [ RunTime:0.002000s ]
INFO: [ app_end ] --START--
INFO: Run Behavior\ShowPageTraceBehavior [ RunTime:0.000000s ]
INFO: [ app_end ] --END-- [ RunTime:0.002000s ]

[ 2015-09-23T23:08:25+08:00 ] ::1 /whugu/Home/article/12757.html
INFO: [ app_init ] --START--
INFO: Run Behavior\BuildLiteBehavior [ RunTime:0.000000s ]
INFO: [ app_init ] --END-- [ RunTime:0.002000s ]
INFO: [ app_begin ] --START--
INFO: Run Behavior\ReadHtmlCacheBehavior [ RunTime:0.001000s ]
INFO: [ app_begin ] --END-- [ RunTime:0.001000s ]
SQL: SHOW COLUMNS FROM `article` [ RunTime:0.0030s ]
SQL: SELECT * FROM `article` WHERE `id` = 12757 LIMIT 1   [ RunTime:0.0010s ]
SQL: UPDATE `article` SET `cid`='7',`title`='研会办公室',`content`='<p>什么鬼</p>',`author`='啦啦啦啦',`publisher`='啦啦啦啦aaa',`pubdate`='2015-09-23 23:07:46',`hit`='4',`state`='1' WHERE `id` = 12757 [ RunTime:0.0050s ]
SQL: SHOW COLUMNS FROM `category` [ RunTime:0.0030s ]
SQL: SELECT * FROM `category` WHERE `id` = 7 LIMIT 1   [ RunTime:0.0000s ]
INFO: [ view_parse ] --START--
INFO: [ template_filter ] --START--
INFO: Run Behavior\ContentReplaceBehavior [ RunTime:0.001000s ]
INFO: [ template_filter ] --END-- [ RunTime:0.001000s ]
INFO: Run Behavior\ParseTemplateBehavior [ RunTime:0.023001s ]
INFO: [ view_parse ] --END-- [ RunTime:0.023001s ]
INFO: [ view_filter ] --START--
INFO: Run Behavior\WriteHtmlCacheBehavior [ RunTime:0.001000s ]
INFO: [ view_filter ] --END-- [ RunTime:0.001000s ]
INFO: [ app_end ] --START--
INFO: Run Behavior\ShowPageTraceBehavior [ RunTime:0.001001s ]
INFO: [ app_end ] --END-- [ RunTime:0.003001s ]

[ 2015-09-23T23:29:29+08:00 ] ::1 /whugu/Home/index/
INFO: [ app_init ] --START--
INFO: Run Behavior\BuildLiteBehavior [ RunTime:0.000000s ]
INFO: [ app_init ] --END-- [ RunTime:0.001000s ]
INFO: [ app_begin ] --START--
INFO: Run Behavior\ReadHtmlCacheBehavior [ RunTime:0.001000s ]
INFO: [ app_begin ] --END-- [ RunTime:0.002000s ]
SQL: SHOW COLUMNS FROM `article` [ RunTime:0.0030s ]
SQL: SELECT `id`,`title`,`pubdate` FROM `article` WHERE ( cid=1 ) ORDER BY pubdate desc LIMIT 6   [ RunTime:0.0010s ]
SQL: SELECT `id`,`title`,`pubdate` FROM `article` WHERE ( cid=2 ) ORDER BY pubdate desc LIMIT 6   [ RunTime:0.0040s ]
SQL: SELECT `id`,`title`,`pubdate` FROM `article` WHERE ( cid=3 ) ORDER BY pubdate desc LIMIT 6   [ RunTime:0.0020s ]
SQL: SELECT `id`,`title`,`pubdate` FROM `article` WHERE ( cid=4 ) ORDER BY pubdate desc LIMIT 6   [ RunTime:0.0020s ]
SQL: SELECT `id`,`title`,`pubdate` FROM `article` WHERE ( cid=5 ) ORDER BY pubdate desc LIMIT 6   [ RunTime:0.0040s ]
SQL: SELECT `id`,`title`,`pubdate` FROM `article` WHERE ( cid=6 ) ORDER BY pubdate desc LIMIT 6   [ RunTime:0.0020s ]
SQL: SHOW COLUMNS FROM `banner` [ RunTime:0.0030s ]
SQL: SELECT * FROM `banner`  [ RunTime:0.0000s ]
INFO: [ view_parse ] --START--
INFO: [ template_filter ] --START--
INFO: Run Behavior\ContentReplaceBehavior [ RunTime:0.001000s ]
INFO: [ template_filter ] --END-- [ RunTime:0.001000s ]
NOTIC: [8] Use of undefined constant php - assumed 'php' C:\www\whugu\app\Runtime\Cache\Home\0b6b5a4469edc68d5c1e1a465947b0f4.php 第 270 行.
NOTIC: [8] Use of undefined constant php - assumed 'php' C:\www\whugu\app\Runtime\Cache\Home\0b6b5a4469edc68d5c1e1a465947b0f4.php 第 270 行.
NOTIC: [8] Use of undefined constant php - assumed 'php' C:\www\whugu\app\Runtime\Cache\Home\0b6b5a4469edc68d5c1e1a465947b0f4.php 第 270 行.
NOTIC: [8] Use of undefined constant php - assumed 'php' C:\www\whugu\app\Runtime\Cache\Home\0b6b5a4469edc68d5c1e1a465947b0f4.php 第 270 行.
NOTIC: [8] Use of undefined constant php - assumed 'php' C:\www\whugu\app\Runtime\Cache\Home\0b6b5a4469edc68d5c1e1a465947b0f4.php 第 270 行.
NOTIC: [8] Use of undefined constant php - assumed 'php' C:\www\whugu\app\Runtime\Cache\Home\0b6b5a4469edc68d5c1e1a465947b0f4.php 第 270 行.
NOTIC: [8] Use of undefined constant php - assumed 'php' C:\www\whugu\app\Runtime\Cache\Home\0b6b5a4469edc68d5c1e1a465947b0f4.php 第 270 行.
NOTIC: [8] Use of undefined constant php - assumed 'php' C:\www\whugu\app\Runtime\Cache\Home\0b6b5a4469edc68d5c1e1a465947b0f4.php 第 270 行.
NOTIC: [8] Use of undefined constant php - assumed 'php' C:\www\whugu\app\Runtime\Cache\Home\0b6b5a4469edc68d5c1e1a465947b0f4.php 第 270 行.
NOTIC: [8] Use of undefined constant php - assumed 'php' C:\www\whugu\app\Runtime\Cache\Home\0b6b5a4469edc68d5c1e1a465947b0f4.php 第 270 行.
NOTIC: [8] Use of undefined constant php - assumed 'php' C:\www\whugu\app\Runtime\Cache\Home\0b6b5a4469edc68d5c1e1a465947b0f4.php 第 270 行.
NOTIC: [8] Use of undefined constant php - assumed 'php' C:\www\whugu\app\Runtime\Cache\Home\0b6b5a4469edc68d5c1e1a465947b0f4.php 第 270 行.
NOTIC: [8] Use of undefined constant php - assumed 'php' C:\www\whugu\app\Runtime\Cache\Home\0b6b5a4469edc68d5c1e1a465947b0f4.php 第 270 行.
NOTIC: [8] Use of undefined constant php - assumed 'php' C:\www\whugu\app\Runtime\Cache\Home\0b6b5a4469edc68d5c1e1a465947b0f4.php 第 270 行.
NOTIC: [8] Use of undefined constant php - assumed 'php' C:\www\whugu\app\Runtime\Cache\Home\0b6b5a4469edc68d5c1e1a465947b0f4.php 第 270 行.
INFO: Run Behavior\ParseTemplateBehavior [ RunTime:0.099006s ]
INFO: [ view_parse ] --END-- [ RunTime:0.099006s ]
INFO: [ view_filter ] --START--
INFO: Run Behavior\WriteHtmlCacheBehavior [ RunTime:0.001000s ]
INFO: [ view_filter ] --END-- [ RunTime:0.001000s ]
INFO: [ app_end ] --START--
INFO: Run Behavior\ShowPageTraceBehavior [ RunTime:0.001000s ]
INFO: [ app_end ] --END-- [ RunTime:0.002000s ]

[ 2015-09-23T23:29:29+08:00 ] ::1 /whugu/Public/static/img/slider/2.png
INFO: [ app_init ] --START--
INFO: Run Behavior\BuildLiteBehavior [ RunTime:0.000000s ]
INFO: [ app_init ] --END-- [ RunTime:0.002000s ]

[ 2015-09-23T23:29:30+08:00 ] ::1 /whugu/Public/static/img/slider/3.png
INFO: [ app_init ] --START--
INFO: Run Behavior\BuildLiteBehavior [ RunTime:0.000000s ]
INFO: [ app_init ] --END-- [ RunTime:0.001000s ]

[ 2015-09-23T23:29:32+08:00 ] ::1 /whugu/Public/static/img/slider/4.png
INFO: [ app_init ] --START--
INFO: Run Behavior\BuildLiteBehavior [ RunTime:0.000000s ]
INFO: [ app_init ] --END-- [ RunTime:0.002001s ]

[ 2015-09-23T23:29:32+08:00 ] ::1 /whugu/Public/static/img/slider/5.png
INFO: [ app_init ] --START--
INFO: Run Behavior\BuildLiteBehavior [ RunTime:0.000000s ]
INFO: [ app_init ] --END-- [ RunTime:0.001000s ]

[ 2015-09-23T23:29:32+08:00 ] ::1 /whugu/Public/static/img/slider/6.png
INFO: [ app_init ] --START--
INFO: Run Behavior\BuildLiteBehavior [ RunTime:0.001000s ]
INFO: [ app_init ] --END-- [ RunTime:0.002000s ]

[ 2015-09-23T23:32:49+08:00 ] ::1 /whugu/Home/index/
INFO: [ app_init ] --START--
INFO: Run Behavior\BuildLiteBehavior [ RunTime:0.000000s ]
INFO: [ app_init ] --END-- [ RunTime:0.002000s ]
INFO: [ app_begin ] --START--
INFO: Run Behavior\ReadHtmlCacheBehavior [ RunTime:0.001000s ]
INFO: [ app_begin ] --END-- [ RunTime:0.002000s ]
SQL: SHOW COLUMNS FROM `article` [ RunTime:0.0040s ]
SQL: SELECT `id`,`title`,`pubdate` FROM `article` WHERE ( cid=1 ) ORDER BY pubdate desc LIMIT 6   [ RunTime:0.0010s ]
SQL: SELECT `id`,`title`,`pubdate` FROM `article` WHERE ( cid=2 ) ORDER BY pubdate desc LIMIT 6   [ RunTime:0.0040s ]
SQL: SELECT `id`,`title`,`pubdate` FROM `article` WHERE ( cid=3 ) ORDER BY pubdate desc LIMIT 6   [ RunTime:0.0020s ]
SQL: SELECT `id`,`title`,`pubdate` FROM `article` WHERE ( cid=4 ) ORDER BY pubdate desc LIMIT 6   [ RunTime:0.0020s ]
SQL: SELECT `id`,`title`,`pubdate` FROM `article` WHERE ( cid=5 ) ORDER BY pubdate desc LIMIT 6   [ RunTime:0.0050s ]
SQL: SELECT `id`,`title`,`pubdate` FROM `article` WHERE ( cid=6 ) ORDER BY pubdate desc LIMIT 6   [ RunTime:0.0010s ]
SQL: SHOW COLUMNS FROM `banner` [ RunTime:0.0040s ]
SQL: SELECT * FROM `banner`  [ RunTime:0.0010s ]
INFO: [ view_parse ] --START--
INFO: [ template_filter ] --START--
INFO: Run Behavior\ContentReplaceBehavior [ RunTime:0.000000s ]
INFO: [ template_filter ] --END-- [ RunTime:0.002000s ]
NOTIC: [8] Use of undefined constant php - assumed 'php' C:\www\whugu\app\Runtime\Cache\Home\0b6b5a4469edc68d5c1e1a465947b0f4.php 第 266 行.
NOTIC: [8] Use of undefined constant php - assumed 'php' C:\www\whugu\app\Runtime\Cache\Home\0b6b5a4469edc68d5c1e1a465947b0f4.php 第 266 行.
NOTIC: [8] Use of undefined constant php - assumed 'php' C:\www\whugu\app\Runtime\Cache\Home\0b6b5a4469edc68d5c1e1a465947b0f4.php 第 266 行.
NOTIC: [8] Use of undefined constant php - assumed 'php' C:\www\whugu\app\Runtime\Cache\Home\0b6b5a4469edc68d5c1e1a465947b0f4.php 第 266 行.
NOTIC: [8] Use of undefined constant php - assumed 'php' C:\www\whugu\app\Runtime\Cache\Home\0b6b5a4469edc68d5c1e1a465947b0f4.php 第 266 行.
NOTIC: [8] Use of undefined constant php - assumed 'php' C:\www\whugu\app\Runtime\Cache\Home\0b6b5a4469edc68d5c1e1a465947b0f4.php 第 266 行.
NOTIC: [8] Use of undefined constant php - assumed 'php' C:\www\whugu\app\Runtime\Cache\Home\0b6b5a4469edc68d5c1e1a465947b0f4.php 第 266 行.
NOTIC: [8] Use of undefined constant php - assumed 'php' C:\www\whugu\app\Runtime\Cache\Home\0b6b5a4469edc68d5c1e1a465947b0f4.php 第 266 行.
NOTIC: [8] Use of undefined constant php - assumed 'php' C:\www\whugu\app\Runtime\Cache\Home\0b6b5a4469edc68d5c1e1a465947b0f4.php 第 266 行.
NOTIC: [8] Use of undefined constant php - assumed 'php' C:\www\whugu\app\Runtime\Cache\Home\0b6b5a4469edc68d5c1e1a465947b0f4.php 第 266 行.
NOTIC: [8] Use of undefined constant php - assumed 'php' C:\www\whugu\app\Runtime\Cache\Home\0b6b5a4469edc68d5c1e1a465947b0f4.php 第 266 行.
NOTIC: [8] Use of undefined constant php - assumed 'php' C:\www\whugu\app\Runtime\Cache\Home\0b6b5a4469edc68d5c1e1a465947b0f4.php 第 266 行.
NOTIC: [8] Use of undefined constant php - assumed 'php' C:\www\whugu\app\Runtime\Cache\Home\0b6b5a4469edc68d5c1e1a465947b0f4.php 第 266 行.
NOTIC: [8] Use of undefined constant php - assumed 'php' C:\www\whugu\app\Runtime\Cache\Home\0b6b5a4469edc68d5c1e1a465947b0f4.php 第 266 行.
NOTIC: [8] Use of undefined constant php - assumed 'php' C:\www\whugu\app\Runtime\Cache\Home\0b6b5a4469edc68d5c1e1a465947b0f4.php 第 266 行.
INFO: Run Behavior\ParseTemplateBehavior [ RunTime:0.124007s ]
INFO: [ view_parse ] --END-- [ RunTime:0.125007s ]
INFO: [ view_filter ] --START--
INFO: Run Behavior\WriteHtmlCacheBehavior [ RunTime:0.001000s ]
INFO: [ view_filter ] --END-- [ RunTime:0.002000s ]
INFO: [ app_end ] --START--
INFO: Run Behavior\ShowPageTraceBehavior [ RunTime:0.001000s ]
INFO: [ app_end ] --END-- [ RunTime:0.003000s ]

[ 2015-09-23T23:32:49+08:00 ] ::1 /whugu/Public/static/img/slider/3.png
INFO: [ app_init ] --START--
INFO: Run Behavior\BuildLiteBehavior [ RunTime:0.001000s ]
INFO: [ app_init ] --END-- [ RunTime:0.005000s ]

[ 2015-09-23T23:32:49+08:00 ] ::1 /whugu/Public/static/img/slider/4.png
INFO: [ app_init ] --START--
INFO: Run Behavior\BuildLiteBehavior [ RunTime:0.000000s ]
INFO: [ app_init ] --END-- [ RunTime:0.003000s ]

[ 2015-09-23T23:32:49+08:00 ] ::1 /whugu/Public/static/img/slider/2.png
INFO: [ app_init ] --START--
INFO: Run Behavior\BuildLiteBehavior [ RunTime:0.000000s ]
INFO: [ app_init ] --END-- [ RunTime:0.002000s ]

[ 2015-09-23T23:32:49+08:00 ] ::1 /whugu/Public/static/img/slider/6.png
INFO: [ app_init ] --START--
INFO: Run Behavior\BuildLiteBehavior [ RunTime:0.001000s ]
INFO: [ app_init ] --END-- [ RunTime:0.003000s ]

[ 2015-09-23T23:32:50+08:00 ] ::1 /whugu/Public/static/img/slider/3.png
INFO: [ app_init ] --START--
INFO: Run Behavior\BuildLiteBehavior [ RunTime:0.000000s ]
INFO: [ app_init ] --END-- [ RunTime:0.002000s ]

[ 2015-09-23T23:32:50+08:00 ] ::1 /whugu/Public/static/img/slider/2.png
INFO: [ app_init ] --START--
INFO: Run Behavior\BuildLiteBehavior [ RunTime:0.000000s ]
INFO: [ app_init ] --END-- [ RunTime:0.001000s ]

[ 2015-09-23T23:32:50+08:00 ] ::1 /whugu/Public/static/img/slider/6.png
INFO: [ app_init ] --START--
INFO: Run Behavior\BuildLiteBehavior [ RunTime:0.000000s ]
INFO: [ app_init ] --END-- [ RunTime:0.002001s ]

[ 2015-09-23T23:32:50+08:00 ] ::1 /whugu/Public/static/img/slider/4.png
INFO: [ app_init ] --START--
INFO: Run Behavior\BuildLiteBehavior [ RunTime:0.000000s ]
INFO: [ app_init ] --END-- [ RunTime:0.003001s ]

[ 2015-09-23T23:32:50+08:00 ] ::1 /whugu/Public/static/img/slider/5.png
INFO: [ app_init ] --START--
INFO: Run Behavior\BuildLiteBehavior [ RunTime:0.001000s ]
INFO: [ app_init ] --END-- [ RunTime:0.001000s ]

[ 2015-09-23T23:33:52+08:00 ] ::1 /whugu/Home/index/
INFO: [ app_init ] --START--
INFO: Run Behavior\BuildLiteBehavior [ RunTime:0.000000s ]
INFO: [ app_init ] --END-- [ RunTime:0.001000s ]
INFO: [ app_begin ] --START--
INFO: Run Behavior\ReadHtmlCacheBehavior [ RunTime:0.001001s ]
INFO: [ app_begin ] --END-- [ RunTime:0.002001s ]
SQL: SHOW COLUMNS FROM `article` [ RunTime:0.0040s ]
SQL: SELECT `id`,`title`,`pubdate` FROM `article` WHERE ( cid=1 ) ORDER BY pubdate desc LIMIT 6   [ RunTime:0.0010s ]
SQL: SELECT `id`,`title`,`pubdate` FROM `article` WHERE ( cid=2 ) ORDER BY pubdate desc LIMIT 6   [ RunTime:0.0040s ]
SQL: SELECT `id`,`title`,`pubdate` FROM `article` WHERE ( cid=3 ) ORDER BY pubdate desc LIMIT 6   [ RunTime:0.0010s ]
SQL: SELECT `id`,`title`,`pubdate` FROM `article` WHERE ( cid=4 ) ORDER BY pubdate desc LIMIT 6   [ RunTime:0.0010s ]
SQL: SELECT `id`,`title`,`pubdate` FROM `article` WHERE ( cid=5 ) ORDER BY pubdate desc LIMIT 6   [ RunTime:0.0040s ]
SQL: SELECT `id`,`title`,`pubdate` FROM `article` WHERE ( cid=6 ) ORDER BY pubdate desc LIMIT 6   [ RunTime:0.0010s ]
SQL: SHOW COLUMNS FROM `banner` [ RunTime:0.0030s ]
SQL: SELECT * FROM `banner`  [ RunTime:0.0000s ]
INFO: [ view_parse ] --START--
INFO: [ template_filter ] --START--
INFO: Run Behavior\ContentReplaceBehavior [ RunTime:0.000000s ]
INFO: [ template_filter ] --END-- [ RunTime:0.001000s ]
NOTIC: [8] Use of undefined constant php - assumed 'php' C:\www\whugu\app\Runtime\Cache\Home\0b6b5a4469edc68d5c1e1a465947b0f4.php 第 266 行.
NOTIC: [8] Use of undefined constant php - assumed 'php' C:\www\whugu\app\Runtime\Cache\Home\0b6b5a4469edc68d5c1e1a465947b0f4.php 第 266 行.
NOTIC: [8] Use of undefined constant php - assumed 'php' C:\www\whugu\app\Runtime\Cache\Home\0b6b5a4469edc68d5c1e1a465947b0f4.php 第 266 行.
NOTIC: [8] Use of undefined constant php - assumed 'php' C:\www\whugu\app\Runtime\Cache\Home\0b6b5a4469edc68d5c1e1a465947b0f4.php 第 266 行.
NOTIC: [8] Use of undefined constant php - assumed 'php' C:\www\whugu\app\Runtime\Cache\Home\0b6b5a4469edc68d5c1e1a465947b0f4.php 第 266 行.
NOTIC: [8] Use of undefined constant php - assumed 'php' C:\www\whugu\app\Runtime\Cache\Home\0b6b5a4469edc68d5c1e1a465947b0f4.php 第 266 行.
NOTIC: [8] Use of undefined constant php - assumed 'php' C:\www\whugu\app\Runtime\Cache\Home\0b6b5a4469edc68d5c1e1a465947b0f4.php 第 266 行.
NOTIC: [8] Use of undefined constant php - assumed 'php' C:\www\whugu\app\Runtime\Cache\Home\0b6b5a4469edc68d5c1e1a465947b0f4.php 第 266 行.
NOTIC: [8] Use of undefined constant php - assumed 'php' C:\www\whugu\app\Runtime\Cache\Home\0b6b5a4469edc68d5c1e1a465947b0f4.php 第 266 行.
NOTIC: [8] Use of undefined constant php - assumed 'php' C:\www\whugu\app\Runtime\Cache\Home\0b6b5a4469edc68d5c1e1a465947b0f4.php 第 266 行.
NOTIC: [8] Use of undefined constant php - assumed 'php' C:\www\whugu\app\Runtime\Cache\Home\0b6b5a4469edc68d5c1e1a465947b0f4.php 第 266 行.
NOTIC: [8] Use of undefined constant php - assumed 'php' C:\www\whugu\app\Runtime\Cache\Home\0b6b5a4469edc68d5c1e1a465947b0f4.php 第 266 行.
NOTIC: [8] Use of undefined constant php - assumed 'php' C:\www\whugu\app\Runtime\Cache\Home\0b6b5a4469edc68d5c1e1a465947b0f4.php 第 266 行.
NOTIC: [8] Use of undefined constant php - assumed 'php' C:\www\whugu\app\Runtime\Cache\Home\0b6b5a4469edc68d5c1e1a465947b0f4.php 第 266 行.
NOTIC: [8] Use of undefined constant php - assumed 'php' C:\www\whugu\app\Runtime\Cache\Home\0b6b5a4469edc68d5c1e1a465947b0f4.php 第 266 行.
INFO: Run Behavior\ParseTemplateBehavior [ RunTime:0.100006s ]
INFO: [ view_parse ] --END-- [ RunTime:0.100006s ]
INFO: [ view_filter ] --START--
INFO: Run Behavior\WriteHtmlCacheBehavior [ RunTime:0.001000s ]
INFO: [ view_filter ] --END-- [ RunTime:0.001000s ]
INFO: [ app_end ] --START--
INFO: Run Behavior\ShowPageTraceBehavior [ RunTime:0.001000s ]
INFO: [ app_end ] --END-- [ RunTime:0.002000s ]

[ 2015-09-23T23:33:52+08:00 ] ::1 /whugu/Public/static/img/slider/4.png
INFO: [ app_init ] --START--
INFO: Run Behavior\BuildLiteBehavior [ RunTime:0.000000s ]
INFO: [ app_init ] --END-- [ RunTime:0.001000s ]

[ 2015-09-23T23:33:52+08:00 ] ::1 /whugu/Public/static/img/slider/2.png
INFO: [ app_init ] --START--
INFO: Run Behavior\BuildLiteBehavior [ RunTime:0.000000s ]
INFO: [ app_init ] --END-- [ RunTime:0.002000s ]

[ 2015-09-23T23:33:52+08:00 ] ::1 /whugu/Public/static/img/slider/3.png
INFO: [ app_init ] --START--
INFO: Run Behavior\BuildLiteBehavior [ RunTime:0.000000s ]
INFO: [ app_init ] --END-- [ RunTime:0.001000s ]

[ 2015-09-23T23:33:52+08:00 ] ::1 /whugu/Public/static/img/slider/5.png
INFO: [ app_init ] --START--
INFO: Run Behavior\BuildLiteBehavior [ RunTime:0.000000s ]
INFO: [ app_init ] --END-- [ RunTime:0.002000s ]

[ 2015-09-23T23:33:53+08:00 ] ::1 /whugu/Public/static/img/slider/6.png
INFO: [ app_init ] --START--
INFO: Run Behavior\BuildLiteBehavior [ RunTime:0.000000s ]
INFO: [ app_init ] --END-- [ RunTime:0.002000s ]

[ 2015-09-23T23:38:38+08:00 ] ::1 /whugu/Home/index/
INFO: [ app_init ] --START--
INFO: Run Behavior\BuildLiteBehavior [ RunTime:0.001000s ]
INFO: [ app_init ] --END-- [ RunTime:0.002000s ]
INFO: [ app_begin ] --START--
INFO: Run Behavior\ReadHtmlCacheBehavior [ RunTime:0.001000s ]
INFO: [ app_begin ] --END-- [ RunTime:0.002000s ]
SQL: SHOW COLUMNS FROM `article` [ RunTime:0.0040s ]
SQL: SELECT `id`,`title`,`pubdate` FROM `article` WHERE ( cid=1 ) ORDER BY pubdate desc LIMIT 6   [ RunTime:0.0010s ]
SQL: SELECT `id`,`title`,`pubdate` FROM `article` WHERE ( cid=2 ) ORDER BY pubdate desc LIMIT 6   [ RunTime:0.0040s ]
SQL: SELECT `id`,`title`,`pubdate` FROM `article` WHERE ( cid=3 ) ORDER BY pubdate desc LIMIT 6   [ RunTime:0.0010s ]
SQL: SELECT `id`,`title`,`pubdate` FROM `article` WHERE ( cid=4 ) ORDER BY pubdate desc LIMIT 6   [ RunTime:0.0020s ]
SQL: SELECT `id`,`title`,`pubdate` FROM `article` WHERE ( cid=5 ) ORDER BY pubdate desc LIMIT 6   [ RunTime:0.0060s ]
SQL: SELECT `id`,`title`,`pubdate` FROM `article` WHERE ( cid=6 ) ORDER BY pubdate desc LIMIT 6   [ RunTime:0.0010s ]
SQL: SHOW COLUMNS FROM `banner` [ RunTime:0.0030s ]
SQL: SELECT * FROM `banner`  [ RunTime:0.0010s ]
INFO: [ view_parse ] --START--
INFO: [ template_filter ] --START--
INFO: Run Behavior\ContentReplaceBehavior [ RunTime:0.001000s ]
INFO: [ template_filter ] --END-- [ RunTime:0.001000s ]
NOTIC: [8] Use of undefined constant php - assumed 'php' C:\www\whugu\app\Runtime\Cache\Home\0b6b5a4469edc68d5c1e1a465947b0f4.php 第 266 行.
NOTIC: [8] Use of undefined constant php - assumed 'php' C:\www\whugu\app\Runtime\Cache\Home\0b6b5a4469edc68d5c1e1a465947b0f4.php 第 266 行.
NOTIC: [8] Use of undefined constant php - assumed 'php' C:\www\whugu\app\Runtime\Cache\Home\0b6b5a4469edc68d5c1e1a465947b0f4.php 第 266 行.
NOTIC: [8] Use of undefined constant php - assumed 'php' C:\www\whugu\app\Runtime\Cache\Home\0b6b5a4469edc68d5c1e1a465947b0f4.php 第 266 行.
NOTIC: [8] Use of undefined constant php - assumed 'php' C:\www\whugu\app\Runtime\Cache\Home\0b6b5a4469edc68d5c1e1a465947b0f4.php 第 266 行.
NOTIC: [8] Use of undefined constant php - assumed 'php' C:\www\whugu\app\Runtime\Cache\Home\0b6b5a4469edc68d5c1e1a465947b0f4.php 第 266 行.
NOTIC: [8] Use of undefined constant php - assumed 'php' C:\www\whugu\app\Runtime\Cache\Home\0b6b5a4469edc68d5c1e1a465947b0f4.php 第 266 行.
NOTIC: [8] Use of undefined constant php - assumed 'php' C:\www\whugu\app\Runtime\Cache\Home\0b6b5a4469edc68d5c1e1a465947b0f4.php 第 266 行.
NOTIC: [8] Use of undefined constant php - assumed 'php' C:\www\whugu\app\Runtime\Cache\Home\0b6b5a4469edc68d5c1e1a465947b0f4.php 第 266 行.
NOTIC: [8] Use of undefined constant php - assumed 'php' C:\www\whugu\app\Runtime\Cache\Home\0b6b5a4469edc68d5c1e1a465947b0f4.php 第 266 行.
NOTIC: [8] Use of undefined constant php - assumed 'php' C:\www\whugu\app\Runtime\Cache\Home\0b6b5a4469edc68d5c1e1a465947b0f4.php 第 266 行.
NOTIC: [8] Use of undefined constant php - assumed 'php' C:\www\whugu\app\Runtime\Cache\Home\0b6b5a4469edc68d5c1e1a465947b0f4.php 第 266 行.
NOTIC: [8] Use of undefined constant php - assumed 'php' C:\www\whugu\app\Runtime\Cache\Home\0b6b5a4469edc68d5c1e1a465947b0f4.php 第 266 行.
NOTIC: [8] Use of undefined constant php - assumed 'php' C:\www\whugu\app\Runtime\Cache\Home\0b6b5a4469edc68d5c1e1a465947b0f4.php 第 266 行.
NOTIC: [8] Use of undefined constant php - assumed 'php' C:\www\whugu\app\Runtime\Cache\Home\0b6b5a4469edc68d5c1e1a465947b0f4.php 第 266 行.
INFO: Run Behavior\ParseTemplateBehavior [ RunTime:0.108006s ]
INFO: [ view_parse ] --END-- [ RunTime:0.109006s ]
INFO: [ view_filter ] --START--
INFO: Run Behavior\WriteHtmlCacheBehavior [ RunTime:0.001000s ]
INFO: [ view_filter ] --END-- [ RunTime:0.002000s ]
INFO: [ app_end ] --START--
INFO: Run Behavior\ShowPageTraceBehavior [ RunTime:0.001000s ]
INFO: [ app_end ] --END-- [ RunTime:0.003000s ]

[ 2015-09-23T23:42:24+08:00 ] ::1 /whugu/Home/index/
INFO: [ app_init ] --START--
INFO: Run Behavior\BuildLiteBehavior [ RunTime:0.001001s ]
INFO: [ app_init ] --END-- [ RunTime:0.001001s ]
INFO: [ app_begin ] --START--
INFO: Run Behavior\ReadHtmlCacheBehavior [ RunTime:0.001000s ]
INFO: [ app_begin ] --END-- [ RunTime:0.002000s ]
SQL: SHOW COLUMNS FROM `article` [ RunTime:0.0030s ]
SQL: SELECT `id`,`title`,`pubdate` FROM `article` WHERE ( cid=1 ) ORDER BY pubdate desc LIMIT 6   [ RunTime:0.0020s ]
SQL: SELECT `id`,`title`,`pubdate` FROM `article` WHERE ( cid=2 ) ORDER BY pubdate desc LIMIT 6   [ RunTime:0.0040s ]
SQL: SELECT `id`,`title`,`pubdate` FROM `article` WHERE ( cid=3 ) ORDER BY pubdate desc LIMIT 6   [ RunTime:0.0010s ]
SQL: SELECT `id`,`title`,`pubdate` FROM `article` WHERE ( cid=4 ) ORDER BY pubdate desc LIMIT 6   [ RunTime:0.0010s ]
SQL: SELECT `id`,`title`,`pubdate` FROM `article` WHERE ( cid=5 ) ORDER BY pubdate desc LIMIT 6   [ RunTime:0.0040s ]
SQL: SELECT `id`,`title`,`pubdate` FROM `article` WHERE ( cid=6 ) ORDER BY pubdate desc LIMIT 6   [ RunTime:0.0010s ]
SQL: SHOW COLUMNS FROM `banner` [ RunTime:0.0030s ]
SQL: SELECT * FROM `banner`  [ RunTime:0.0010s ]
INFO: [ view_parse ] --START--
INFO: [ template_filter ] --START--
INFO: Run Behavior\ContentReplaceBehavior [ RunTime:0.001000s ]
INFO: [ template_filter ] --END-- [ RunTime:0.001000s ]
NOTIC: [8] Use of undefined constant php - assumed 'php' C:\www\whugu\app\Runtime\Cache\Home\0b6b5a4469edc68d5c1e1a465947b0f4.php 第 266 行.
NOTIC: [8] Use of undefined constant php - assumed 'php' C:\www\whugu\app\Runtime\Cache\Home\0b6b5a4469edc68d5c1e1a465947b0f4.php 第 266 行.
NOTIC: [8] Use of undefined constant php - assumed 'php' C:\www\whugu\app\Runtime\Cache\Home\0b6b5a4469edc68d5c1e1a465947b0f4.php 第 266 行.
NOTIC: [8] Use of undefined constant php - assumed 'php' C:\www\whugu\app\Runtime\Cache\Home\0b6b5a4469edc68d5c1e1a465947b0f4.php 第 266 行.
NOTIC: [8] Use of undefined constant php - assumed 'php' C:\www\whugu\app\Runtime\Cache\Home\0b6b5a4469edc68d5c1e1a465947b0f4.php 第 266 行.
NOTIC: [8] Use of undefined constant php - assumed 'php' C:\www\whugu\app\Runtime\Cache\Home\0b6b5a4469edc68d5c1e1a465947b0f4.php 第 266 行.
NOTIC: [8] Use of undefined constant php - assumed 'php' C:\www\whugu\app\Runtime\Cache\Home\0b6b5a4469edc68d5c1e1a465947b0f4.php 第 266 行.
NOTIC: [8] Use of undefined constant php - assumed 'php' C:\www\whugu\app\Runtime\Cache\Home\0b6b5a4469edc68d5c1e1a465947b0f4.php 第 266 行.
NOTIC: [8] Use of undefined constant php - assumed 'php' C:\www\whugu\app\Runtime\Cache\Home\0b6b5a4469edc68d5c1e1a465947b0f4.php 第 266 行.
NOTIC: [8] Use of undefined constant php - assumed 'php' C:\www\whugu\app\Runtime\Cache\Home\0b6b5a4469edc68d5c1e1a465947b0f4.php 第 266 行.
NOTIC: [8] Use of undefined constant php - assumed 'php' C:\www\whugu\app\Runtime\Cache\Home\0b6b5a4469edc68d5c1e1a465947b0f4.php 第 266 行.
NOTIC: [8] Use of undefined constant php - assumed 'php' C:\www\whugu\app\Runtime\Cache\Home\0b6b5a4469edc68d5c1e1a465947b0f4.php 第 266 行.
NOTIC: [8] Use of undefined constant php - assumed 'php' C:\www\whugu\app\Runtime\Cache\Home\0b6b5a4469edc68d5c1e1a465947b0f4.php 第 266 行.
NOTIC: [8] Use of undefined constant php - assumed 'php' C:\www\whugu\app\Runtime\Cache\Home\0b6b5a4469edc68d5c1e1a465947b0f4.php 第 266 行.
NOTIC: [8] Use of undefined constant php - assumed 'php' C:\www\whugu\app\Runtime\Cache\Home\0b6b5a4469edc68d5c1e1a465947b0f4.php 第 266 行.
INFO: Run Behavior\ParseTemplateBehavior [ RunTime:0.092006s ]
INFO: [ view_parse ] --END-- [ RunTime:0.092006s ]
INFO: [ view_filter ] --START--
INFO: Run Behavior\WriteHtmlCacheBehavior [ RunTime:0.001000s ]
INFO: [ view_filter ] --END-- [ RunTime:0.001000s ]
INFO: [ app_end ] --START--
INFO: Run Behavior\ShowPageTraceBehavior [ RunTime:0.002000s ]
INFO: [ app_end ] --END-- [ RunTime:0.002000s ]

[ 2015-09-23T23:46:08+08:00 ] ::1 /whugu/Home/index/
INFO: [ app_init ] --START--
INFO: Run Behavior\BuildLiteBehavior [ RunTime:0.000000s ]
INFO: [ app_init ] --END-- [ RunTime:0.002000s ]
INFO: [ app_begin ] --START--
INFO: Run Behavior\ReadHtmlCacheBehavior [ RunTime:0.001000s ]
INFO: [ app_begin ] --END-- [ RunTime:0.002000s ]
SQL: SHOW COLUMNS FROM `article` [ RunTime:0.0040s ]
SQL: SELECT `id`,`title`,`pubdate` FROM `article` WHERE ( cid=1 ) ORDER BY pubdate desc LIMIT 6   [ RunTime:0.0020s ]
SQL: SELECT `id`,`title`,`pubdate` FROM `article` WHERE ( cid=2 ) ORDER BY pubdate desc LIMIT 6   [ RunTime:0.0040s ]
SQL: SELECT `id`,`title`,`pubdate` FROM `article` WHERE ( cid=3 ) ORDER BY pubdate desc LIMIT 6   [ RunTime:0.0020s ]
SQL: SELECT `id`,`title`,`pubdate` FROM `article` WHERE ( cid=4 ) ORDER BY pubdate desc LIMIT 6   [ RunTime:0.0010s ]
SQL: SELECT `id`,`title`,`pubdate` FROM `article` WHERE ( cid=5 ) ORDER BY pubdate desc LIMIT 6   [ RunTime:0.0040s ]
SQL: SELECT `id`,`title`,`pubdate` FROM `article` WHERE ( cid=6 ) ORDER BY pubdate desc LIMIT 6   [ RunTime:0.0010s ]
SQL: SHOW COLUMNS FROM `banner` [ RunTime:0.0030s ]
SQL: SELECT * FROM `banner`  [ RunTime:0.0000s ]
INFO: [ view_parse ] --START--
INFO: [ template_filter ] --START--
INFO: Run Behavior\ContentReplaceBehavior [ RunTime:0.000000s ]
INFO: [ template_filter ] --END-- [ RunTime:0.001000s ]
NOTIC: [8] Use of undefined constant php - assumed 'php' C:\www\whugu\app\Runtime\Cache\Home\0b6b5a4469edc68d5c1e1a465947b0f4.php 第 269 行.
NOTIC: [8] Use of undefined constant php - assumed 'php' C:\www\whugu\app\Runtime\Cache\Home\0b6b5a4469edc68d5c1e1a465947b0f4.php 第 269 行.
NOTIC: [8] Use of undefined constant php - assumed 'php' C:\www\whugu\app\Runtime\Cache\Home\0b6b5a4469edc68d5c1e1a465947b0f4.php 第 269 行.
NOTIC: [8] Use of undefined constant php - assumed 'php' C:\www\whugu\app\Runtime\Cache\Home\0b6b5a4469edc68d5c1e1a465947b0f4.php 第 269 行.
NOTIC: [8] Use of undefined constant php - assumed 'php' C:\www\whugu\app\Runtime\Cache\Home\0b6b5a4469edc68d5c1e1a465947b0f4.php 第 269 行.
NOTIC: [8] Use of undefined constant php - assumed 'php' C:\www\whugu\app\Runtime\Cache\Home\0b6b5a4469edc68d5c1e1a465947b0f4.php 第 269 行.
NOTIC: [8] Use of undefined constant php - assumed 'php' C:\www\whugu\app\Runtime\Cache\Home\0b6b5a4469edc68d5c1e1a465947b0f4.php 第 269 行.
NOTIC: [8] Use of undefined constant php - assumed 'php' C:\www\whugu\app\Runtime\Cache\Home\0b6b5a4469edc68d5c1e1a465947b0f4.php 第 269 行.
NOTIC: [8] Use of undefined constant php - assumed 'php' C:\www\whugu\app\Runtime\Cache\Home\0b6b5a4469edc68d5c1e1a465947b0f4.php 第 269 行.
NOTIC: [8] Use of undefined constant php - assumed 'php' C:\www\whugu\app\Runtime\Cache\Home\0b6b5a4469edc68d5c1e1a465947b0f4.php 第 269 行.
NOTIC: [8] Use of undefined constant php - assumed 'php' C:\www\whugu\app\Runtime\Cache\Home\0b6b5a4469edc68d5c1e1a465947b0f4.php 第 269 行.
NOTIC: [8] Use of undefined constant php - assumed 'php' C:\www\whugu\app\Runtime\Cache\Home\0b6b5a4469edc68d5c1e1a465947b0f4.php 第 269 行.
NOTIC: [8] Use of undefined constant php - assumed 'php' C:\www\whugu\app\Runtime\Cache\Home\0b6b5a4469edc68d5c1e1a465947b0f4.php 第 269 行.
NOTIC: [8] Use of undefined constant php - assumed 'php' C:\www\whugu\app\Runtime\Cache\Home\0b6b5a4469edc68d5c1e1a465947b0f4.php 第 269 行.
NOTIC: [8] Use of undefined constant php - assumed 'php' C:\www\whugu\app\Runtime\Cache\Home\0b6b5a4469edc68d5c1e1a465947b0f4.php 第 269 行.
INFO: Run Behavior\ParseTemplateBehavior [ RunTime:0.105006s ]
INFO: [ view_parse ] --END-- [ RunTime:0.107006s ]
INFO: [ view_filter ] --START--
INFO: Run Behavior\WriteHtmlCacheBehavior [ RunTime:0.001000s ]
INFO: [ view_filter ] --END-- [ RunTime:0.003000s ]
INFO: [ app_end ] --START--
INFO: Run Behavior\ShowPageTraceBehavior [ RunTime:0.001000s ]
INFO: [ app_end ] --END-- [ RunTime:0.002000s ]

[ 2015-09-23T23:46:13+08:00 ] ::1 /whugu/Home/index/
INFO: [ app_init ] --START--
INFO: Run Behavior\BuildLiteBehavior [ RunTime:0.000000s ]
INFO: [ app_init ] --END-- [ RunTime:0.002000s ]
INFO: [ app_begin ] --START--
INFO: Run Behavior\ReadHtmlCacheBehavior [ RunTime:0.000000s ]
INFO: [ app_begin ] --END-- [ RunTime:0.002000s ]
SQL: SHOW COLUMNS FROM `article` [ RunTime:0.0030s ]
SQL: SELECT `id`,`title`,`pubdate` FROM `article` WHERE ( cid=1 ) ORDER BY pubdate desc LIMIT 6   [ RunTime:0.0010s ]
SQL: SELECT `id`,`title`,`pubdate` FROM `article` WHERE ( cid=2 ) ORDER BY pubdate desc LIMIT 6   [ RunTime:0.0040s ]
SQL: SELECT `id`,`title`,`pubdate` FROM `article` WHERE ( cid=3 ) ORDER BY pubdate desc LIMIT 6   [ RunTime:0.0010s ]
SQL: SELECT `id`,`title`,`pubdate` FROM `article` WHERE ( cid=4 ) ORDER BY pubdate desc LIMIT 6   [ RunTime:0.0020s ]
SQL: SELECT `id`,`title`,`pubdate` FROM `article` WHERE ( cid=5 ) ORDER BY pubdate desc LIMIT 6   [ RunTime:0.0040s ]
SQL: SELECT `id`,`title`,`pubdate` FROM `article` WHERE ( cid=6 ) ORDER BY pubdate desc LIMIT 6   [ RunTime:0.0020s ]
SQL: SHOW COLUMNS FROM `banner` [ RunTime:0.0030s ]
SQL: SELECT * FROM `banner`  [ RunTime:0.0010s ]
INFO: [ view_parse ] --START--
INFO: [ template_filter ] --START--
INFO: Run Behavior\ContentReplaceBehavior [ RunTime:0.001000s ]
INFO: [ template_filter ] --END-- [ RunTime:0.002000s ]
NOTIC: [8] Use of undefined constant php - assumed 'php' C:\www\whugu\app\Runtime\Cache\Home\0b6b5a4469edc68d5c1e1a465947b0f4.php 第 269 行.
NOTIC: [8] Use of undefined constant php - assumed 'php' C:\www\whugu\app\Runtime\Cache\Home\0b6b5a4469edc68d5c1e1a465947b0f4.php 第 269 行.
NOTIC: [8] Use of undefined constant php - assumed 'php' C:\www\whugu\app\Runtime\Cache\Home\0b6b5a4469edc68d5c1e1a465947b0f4.php 第 269 行.
NOTIC: [8] Use of undefined constant php - assumed 'php' C:\www\whugu\app\Runtime\Cache\Home\0b6b5a4469edc68d5c1e1a465947b0f4.php 第 269 行.
NOTIC: [8] Use of undefined constant php - assumed 'php' C:\www\whugu\app\Runtime\Cache\Home\0b6b5a4469edc68d5c1e1a465947b0f4.php 第 269 行.
NOTIC: [8] Use of undefined constant php - assumed 'php' C:\www\whugu\app\Runtime\Cache\Home\0b6b5a4469edc68d5c1e1a465947b0f4.php 第 269 行.
NOTIC: [8] Use of undefined constant php - assumed 'php' C:\www\whugu\app\Runtime\Cache\Home\0b6b5a4469edc68d5c1e1a465947b0f4.php 第 269 行.
NOTIC: [8] Use of undefined constant php - assumed 'php' C:\www\whugu\app\Runtime\Cache\Home\0b6b5a4469edc68d5c1e1a465947b0f4.php 第 269 行.
NOTIC: [8] Use of undefined constant php - assumed 'php' C:\www\whugu\app\Runtime\Cache\Home\0b6b5a4469edc68d5c1e1a465947b0f4.php 第 269 行.
NOTIC: [8] Use of undefined constant php - assumed 'php' C:\www\whugu\app\Runtime\Cache\Home\0b6b5a4469edc68d5c1e1a465947b0f4.php 第 269 行.
NOTIC: [8] Use of undefined constant php - assumed 'php' C:\www\whugu\app\Runtime\Cache\Home\0b6b5a4469edc68d5c1e1a465947b0f4.php 第 269 行.
NOTIC: [8] Use of undefined constant php - assumed 'php' C:\www\whugu\app\Runtime\Cache\Home\0b6b5a4469edc68d5c1e1a465947b0f4.php 第 269 行.
NOTIC: [8] Use of undefined constant php - assumed 'php' C:\www\whugu\app\Runtime\Cache\Home\0b6b5a4469edc68d5c1e1a465947b0f4.php 第 269 行.
NOTIC: [8] Use of undefined constant php - assumed 'php' C:\www\whugu\app\Runtime\Cache\Home\0b6b5a4469edc68d5c1e1a465947b0f4.php 第 269 行.
NOTIC: [8] Use of undefined constant php - assumed 'php' C:\www\whugu\app\Runtime\Cache\Home\0b6b5a4469edc68d5c1e1a465947b0f4.php 第 269 行.
INFO: Run Behavior\ParseTemplateBehavior [ RunTime:0.091005s ]
INFO: [ view_parse ] --END-- [ RunTime:0.092005s ]
INFO: [ view_filter ] --START--
INFO: Run Behavior\WriteHtmlCacheBehavior [ RunTime:0.000000s ]
INFO: [ view_filter ] --END-- [ RunTime:0.002000s ]
INFO: [ app_end ] --START--
INFO: Run Behavior\ShowPageTraceBehavior [ RunTime:0.001000s ]
INFO: [ app_end ] --END-- [ RunTime:0.002000s ]

[ 2015-09-23T23:50:58+08:00 ] ::1 /whugu/Home/index/
INFO: [ app_init ] --START--
INFO: Run Behavior\BuildLiteBehavior [ RunTime:0.000000s ]
INFO: [ app_init ] --END-- [ RunTime:0.002000s ]
INFO: [ app_begin ] --START--
INFO: Run Behavior\ReadHtmlCacheBehavior [ RunTime:0.001000s ]
INFO: [ app_begin ] --END-- [ RunTime:0.002000s ]
SQL: SHOW COLUMNS FROM `article` [ RunTime:0.0050s ]
SQL: SELECT `id`,`title`,`pubdate` FROM `article` WHERE ( cid=1 ) ORDER BY pubdate desc LIMIT 6   [ RunTime:0.0010s ]
SQL: SELECT `id`,`title`,`pubdate` FROM `article` WHERE ( cid=2 ) ORDER BY pubdate desc LIMIT 6   [ RunTime:0.0040s ]
SQL: SELECT `id`,`title`,`pubdate` FROM `article` WHERE ( cid=3 ) ORDER BY pubdate desc LIMIT 6   [ RunTime:0.0010s ]
SQL: SELECT `id`,`title`,`pubdate` FROM `article` WHERE ( cid=4 ) ORDER BY pubdate desc LIMIT 6   [ RunTime:0.0020s ]
SQL: SELECT `id`,`title`,`pubdate` FROM `article` WHERE ( cid=5 ) ORDER BY pubdate desc LIMIT 6   [ RunTime:0.0040s ]
SQL: SELECT `id`,`title`,`pubdate` FROM `article` WHERE ( cid=6 ) ORDER BY pubdate desc LIMIT 6   [ RunTime:0.0020s ]
SQL: SHOW COLUMNS FROM `banner` [ RunTime:0.0030s ]
SQL: SELECT * FROM `banner`  [ RunTime:0.0000s ]
INFO: [ view_parse ] --START--
INFO: [ template_filter ] --START--
INFO: Run Behavior\ContentReplaceBehavior [ RunTime:0.001000s ]
INFO: [ template_filter ] --END-- [ RunTime:0.001000s ]
NOTIC: [8] Use of undefined constant php - assumed 'php' C:\www\whugu\app\Runtime\Cache\Home\0b6b5a4469edc68d5c1e1a465947b0f4.php 第 270 行.
NOTIC: [8] Use of undefined constant php - assumed 'php' C:\www\whugu\app\Runtime\Cache\Home\0b6b5a4469edc68d5c1e1a465947b0f4.php 第 270 行.
NOTIC: [8] Use of undefined constant php - assumed 'php' C:\www\whugu\app\Runtime\Cache\Home\0b6b5a4469edc68d5c1e1a465947b0f4.php 第 270 行.
NOTIC: [8] Use of undefined constant php - assumed 'php' C:\www\whugu\app\Runtime\Cache\Home\0b6b5a4469edc68d5c1e1a465947b0f4.php 第 270 行.
NOTIC: [8] Use of undefined constant php - assumed 'php' C:\www\whugu\app\Runtime\Cache\Home\0b6b5a4469edc68d5c1e1a465947b0f4.php 第 270 行.
NOTIC: [8] Use of undefined constant php - assumed 'php' C:\www\whugu\app\Runtime\Cache\Home\0b6b5a4469edc68d5c1e1a465947b0f4.php 第 270 行.
NOTIC: [8] Use of undefined constant php - assumed 'php' C:\www\whugu\app\Runtime\Cache\Home\0b6b5a4469edc68d5c1e1a465947b0f4.php 第 270 行.
NOTIC: [8] Use of undefined constant php - assumed 'php' C:\www\whugu\app\Runtime\Cache\Home\0b6b5a4469edc68d5c1e1a465947b0f4.php 第 270 行.
NOTIC: [8] Use of undefined constant php - assumed 'php' C:\www\whugu\app\Runtime\Cache\Home\0b6b5a4469edc68d5c1e1a465947b0f4.php 第 270 行.
NOTIC: [8] Use of undefined constant php - assumed 'php' C:\www\whugu\app\Runtime\Cache\Home\0b6b5a4469edc68d5c1e1a465947b0f4.php 第 270 行.
NOTIC: [8] Use of undefined constant php - assumed 'php' C:\www\whugu\app\Runtime\Cache\Home\0b6b5a4469edc68d5c1e1a465947b0f4.php 第 270 行.
NOTIC: [8] Use of undefined constant php - assumed 'php' C:\www\whugu\app\Runtime\Cache\Home\0b6b5a4469edc68d5c1e1a465947b0f4.php 第 270 行.
NOTIC: [8] Use of undefined constant php - assumed 'php' C:\www\whugu\app\Runtime\Cache\Home\0b6b5a4469edc68d5c1e1a465947b0f4.php 第 270 行.
NOTIC: [8] Use of undefined constant php - assumed 'php' C:\www\whugu\app\Runtime\Cache\Home\0b6b5a4469edc68d5c1e1a465947b0f4.php 第 270 行.
NOTIC: [8] Use of undefined constant php - assumed 'php' C:\www\whugu\app\Runtime\Cache\Home\0b6b5a4469edc68d5c1e1a465947b0f4.php 第 270 行.
INFO: Run Behavior\ParseTemplateBehavior [ RunTime:0.094006s ]
INFO: [ view_parse ] --END-- [ RunTime:0.095006s ]
INFO: [ view_filter ] --START--
INFO: Run Behavior\WriteHtmlCacheBehavior [ RunTime:0.000000s ]
INFO: [ view_filter ] --END-- [ RunTime:0.002000s ]
INFO: [ app_end ] --START--
INFO: Run Behavior\ShowPageTraceBehavior [ RunTime:0.001000s ]
INFO: [ app_end ] --END-- [ RunTime:0.002000s ]

[ 2015-09-23T23:52:39+08:00 ] ::1 /whugu/Home/index/
INFO: [ app_init ] --START--
INFO: Run Behavior\BuildLiteBehavior [ RunTime:0.000000s ]
INFO: [ app_init ] --END-- [ RunTime:0.002001s ]
INFO: [ app_begin ] --START--
INFO: Run Behavior\ReadHtmlCacheBehavior [ RunTime:0.001000s ]
INFO: [ app_begin ] --END-- [ RunTime:0.002000s ]
SQL: SHOW COLUMNS FROM `article` [ RunTime:0.0030s ]
SQL: SELECT `id`,`title`,`pubdate` FROM `article` WHERE ( cid=1 ) ORDER BY pubdate desc LIMIT 6   [ RunTime:0.0010s ]
SQL: SELECT `id`,`title`,`pubdate` FROM `article` WHERE ( cid=2 ) ORDER BY pubdate desc LIMIT 6   [ RunTime:0.0040s ]
SQL: SELECT `id`,`title`,`pubdate` FROM `article` WHERE ( cid=3 ) ORDER BY pubdate desc LIMIT 6   [ RunTime:0.0020s ]
SQL: SELECT `id`,`title`,`pubdate` FROM `article` WHERE ( cid=4 ) ORDER BY pubdate desc LIMIT 6   [ RunTime:0.0020s ]
SQL: SELECT `id`,`title`,`pubdate` FROM `article` WHERE ( cid=5 ) ORDER BY pubdate desc LIMIT 6   [ RunTime:0.0030s ]
SQL: SELECT `id`,`title`,`pubdate` FROM `article` WHERE ( cid=6 ) ORDER BY pubdate desc LIMIT 6   [ RunTime:0.0010s ]
SQL: SHOW COLUMNS FROM `banner` [ RunTime:0.0030s ]
SQL: SELECT * FROM `banner`  [ RunTime:0.0010s ]
INFO: [ view_parse ] --START--
INFO: [ template_filter ] --START--
INFO: Run Behavior\ContentReplaceBehavior [ RunTime:0.000000s ]
INFO: [ template_filter ] --END-- [ RunTime:0.002000s ]
NOTIC: [8] Use of undefined constant php - assumed 'php' C:\www\whugu\app\Runtime\Cache\Home\0b6b5a4469edc68d5c1e1a465947b0f4.php 第 271 行.
NOTIC: [8] Use of undefined constant php - assumed 'php' C:\www\whugu\app\Runtime\Cache\Home\0b6b5a4469edc68d5c1e1a465947b0f4.php 第 271 行.
NOTIC: [8] Use of undefined constant php - assumed 'php' C:\www\whugu\app\Runtime\Cache\Home\0b6b5a4469edc68d5c1e1a465947b0f4.php 第 271 行.
NOTIC: [8] Use of undefined constant php - assumed 'php' C:\www\whugu\app\Runtime\Cache\Home\0b6b5a4469edc68d5c1e1a465947b0f4.php 第 271 行.
NOTIC: [8] Use of undefined constant php - assumed 'php' C:\www\whugu\app\Runtime\Cache\Home\0b6b5a4469edc68d5c1e1a465947b0f4.php 第 271 行.
NOTIC: [8] Use of undefined constant php - assumed 'php' C:\www\whugu\app\Runtime\Cache\Home\0b6b5a4469edc68d5c1e1a465947b0f4.php 第 271 行.
NOTIC: [8] Use of undefined constant php - assumed 'php' C:\www\whugu\app\Runtime\Cache\Home\0b6b5a4469edc68d5c1e1a465947b0f4.php 第 271 行.
NOTIC: [8] Use of undefined constant php - assumed 'php' C:\www\whugu\app\Runtime\Cache\Home\0b6b5a4469edc68d5c1e1a465947b0f4.php 第 271 行.
NOTIC: [8] Use of undefined constant php - assumed 'php' C:\www\whugu\app\Runtime\Cache\Home\0b6b5a4469edc68d5c1e1a465947b0f4.php 第 271 行.
NOTIC: [8] Use of undefined constant php - assumed 'php' C:\www\whugu\app\Runtime\Cache\Home\0b6b5a4469edc68d5c1e1a465947b0f4.php 第 271 行.
NOTIC: [8] Use of undefined constant php - assumed 'php' C:\www\whugu\app\Runtime\Cache\Home\0b6b5a4469edc68d5c1e1a465947b0f4.php 第 271 行.
NOTIC: [8] Use of undefined constant php - assumed 'php' C:\www\whugu\app\Runtime\Cache\Home\0b6b5a4469edc68d5c1e1a465947b0f4.php 第 271 行.
NOTIC: [8] Use of undefined constant php - assumed 'php' C:\www\whugu\app\Runtime\Cache\Home\0b6b5a4469edc68d5c1e1a465947b0f4.php 第 271 行.
NOTIC: [8] Use of undefined constant php - assumed 'php' C:\www\whugu\app\Runtime\Cache\Home\0b6b5a4469edc68d5c1e1a465947b0f4.php 第 271 行.
NOTIC: [8] Use of undefined constant php - assumed 'php' C:\www\whugu\app\Runtime\Cache\Home\0b6b5a4469edc68d5c1e1a465947b0f4.php 第 271 行.
INFO: Run Behavior\ParseTemplateBehavior [ RunTime:0.091005s ]
INFO: [ view_parse ] --END-- [ RunTime:0.093006s ]
INFO: [ view_filter ] --START--
INFO: Run Behavior\WriteHtmlCacheBehavior [ RunTime:0.000000s ]
INFO: [ view_filter ] --END-- [ RunTime:0.002000s ]
INFO: [ app_end ] --START--
INFO: Run Behavior\ShowPageTraceBehavior [ RunTime:0.001000s ]
INFO: [ app_end ] --END-- [ RunTime:0.002000s ]

[ 2015-09-23T23:54:56+08:00 ] ::1 /whugu/Home/index/
INFO: [ app_init ] --START--
INFO: Run Behavior\BuildLiteBehavior [ RunTime:0.000000s ]
INFO: [ app_init ] --END-- [ RunTime:0.001000s ]
INFO: [ app_begin ] --START--
INFO: Run Behavior\ReadHtmlCacheBehavior [ RunTime:0.001001s ]
INFO: [ app_begin ] --END-- [ RunTime:0.002001s ]
SQL: SHOW COLUMNS FROM `article` [ RunTime:0.0030s ]
SQL: SELECT `id`,`title`,`pubdate` FROM `article` WHERE ( cid=1 ) ORDER BY pubdate desc LIMIT 6   [ RunTime:0.0010s ]
SQL: SELECT `id`,`title`,`pubdate` FROM `article` WHERE ( cid=2 ) ORDER BY pubdate desc LIMIT 6   [ RunTime:0.0040s ]
SQL: SELECT `id`,`title`,`pubdate` FROM `article` WHERE ( cid=3 ) ORDER BY pubdate desc LIMIT 6   [ RunTime:0.0020s ]
SQL: SELECT `id`,`title`,`pubdate` FROM `article` WHERE ( cid=4 ) ORDER BY pubdate desc LIMIT 6   [ RunTime:0.0020s ]
SQL: SELECT `id`,`title`,`pubdate` FROM `article` WHERE ( cid=5 ) ORDER BY pubdate desc LIMIT 6   [ RunTime:0.0040s ]
SQL: SELECT `id`,`title`,`pubdate` FROM `article` WHERE ( cid=6 ) ORDER BY pubdate desc LIMIT 6   [ RunTime:0.0010s ]
SQL: SHOW COLUMNS FROM `banner` [ RunTime:0.0030s ]
SQL: SELECT * FROM `banner`  [ RunTime:0.0000s ]
INFO: [ view_parse ] --START--
INFO: [ template_filter ] --START--
INFO: Run Behavior\ContentReplaceBehavior [ RunTime:0.001000s ]
INFO: [ template_filter ] --END-- [ RunTime:0.001000s ]
NOTIC: [8] Use of undefined constant php - assumed 'php' C:\www\whugu\app\Runtime\Cache\Home\0b6b5a4469edc68d5c1e1a465947b0f4.php 第 272 行.
NOTIC: [8] Use of undefined constant php - assumed 'php' C:\www\whugu\app\Runtime\Cache\Home\0b6b5a4469edc68d5c1e1a465947b0f4.php 第 272 行.
NOTIC: [8] Use of undefined constant php - assumed 'php' C:\www\whugu\app\Runtime\Cache\Home\0b6b5a4469edc68d5c1e1a465947b0f4.php 第 272 行.
NOTIC: [8] Use of undefined constant php - assumed 'php' C:\www\whugu\app\Runtime\Cache\Home\0b6b5a4469edc68d5c1e1a465947b0f4.php 第 272 行.
NOTIC: [8] Use of undefined constant php - assumed 'php' C:\www\whugu\app\Runtime\Cache\Home\0b6b5a4469edc68d5c1e1a465947b0f4.php 第 272 行.
NOTIC: [8] Use of undefined constant php - assumed 'php' C:\www\whugu\app\Runtime\Cache\Home\0b6b5a4469edc68d5c1e1a465947b0f4.php 第 272 行.
NOTIC: [8] Use of undefined constant php - assumed 'php' C:\www\whugu\app\Runtime\Cache\Home\0b6b5a4469edc68d5c1e1a465947b0f4.php 第 272 行.
NOTIC: [8] Use of undefined constant php - assumed 'php' C:\www\whugu\app\Runtime\Cache\Home\0b6b5a4469edc68d5c1e1a465947b0f4.php 第 272 行.
NOTIC: [8] Use of undefined constant php - assumed 'php' C:\www\whugu\app\Runtime\Cache\Home\0b6b5a4469edc68d5c1e1a465947b0f4.php 第 272 行.
NOTIC: [8] Use of undefined constant php - assumed 'php' C:\www\whugu\app\Runtime\Cache\Home\0b6b5a4469edc68d5c1e1a465947b0f4.php 第 272 行.
NOTIC: [8] Use of undefined constant php - assumed 'php' C:\www\whugu\app\Runtime\Cache\Home\0b6b5a4469edc68d5c1e1a465947b0f4.php 第 272 行.
NOTIC: [8] Use of undefined constant php - assumed 'php' C:\www\whugu\app\Runtime\Cache\Home\0b6b5a4469edc68d5c1e1a465947b0f4.php 第 272 行.
NOTIC: [8] Use of undefined constant php - assumed 'php' C:\www\whugu\app\Runtime\Cache\Home\0b6b5a4469edc68d5c1e1a465947b0f4.php 第 272 行.
NOTIC: [8] Use of undefined constant php - assumed 'php' C:\www\whugu\app\Runtime\Cache\Home\0b6b5a4469edc68d5c1e1a465947b0f4.php 第 272 行.
NOTIC: [8] Use of undefined constant php - assumed 'php' C:\www\whugu\app\Runtime\Cache\Home\0b6b5a4469edc68d5c1e1a465947b0f4.php 第 272 行.
INFO: Run Behavior\ParseTemplateBehavior [ RunTime:0.109006s ]
INFO: [ view_parse ] --END-- [ RunTime:0.110006s ]
INFO: [ view_filter ] --START--
INFO: Run Behavior\WriteHtmlCacheBehavior [ RunTime:0.001000s ]
INFO: [ view_filter ] --END-- [ RunTime:0.002000s ]
INFO: [ app_end ] --START--
INFO: Run Behavior\ShowPageTraceBehavior [ RunTime:0.001000s ]
INFO: [ app_end ] --END-- [ RunTime:0.002000s ]

[ 2015-09-23T23:55:16+08:00 ] ::1 /whugu/Home/index/
INFO: [ app_init ] --START--
INFO: Run Behavior\BuildLiteBehavior [ RunTime:0.000000s ]
INFO: [ app_init ] --END-- [ RunTime:0.002000s ]
INFO: [ app_begin ] --START--
INFO: Run Behavior\ReadHtmlCacheBehavior [ RunTime:0.001000s ]
INFO: [ app_begin ] --END-- [ RunTime:0.002000s ]
SQL: SHOW COLUMNS FROM `article` [ RunTime:0.0030s ]
SQL: SELECT `id`,`title`,`pubdate` FROM `article` WHERE ( cid=1 ) ORDER BY pubdate desc LIMIT 6   [ RunTime:0.0010s ]
SQL: SELECT `id`,`title`,`pubdate` FROM `article` WHERE ( cid=2 ) ORDER BY pubdate desc LIMIT 6   [ RunTime:0.0030s ]
SQL: SELECT `id`,`title`,`pubdate` FROM `article` WHERE ( cid=3 ) ORDER BY pubdate desc LIMIT 6   [ RunTime:0.0020s ]
SQL: SELECT `id`,`title`,`pubdate` FROM `article` WHERE ( cid=4 ) ORDER BY pubdate desc LIMIT 6   [ RunTime:0.0010s ]
SQL: SELECT `id`,`title`,`pubdate` FROM `article` WHERE ( cid=5 ) ORDER BY pubdate desc LIMIT 6   [ RunTime:0.0040s ]
SQL: SELECT `id`,`title`,`pubdate` FROM `article` WHERE ( cid=6 ) ORDER BY pubdate desc LIMIT 6   [ RunTime:0.0020s ]
SQL: SHOW COLUMNS FROM `banner` [ RunTime:0.0030s ]
SQL: SELECT * FROM `banner`  [ RunTime:0.0010s ]
INFO: [ view_parse ] --START--
INFO: [ template_filter ] --START--
INFO: Run Behavior\ContentReplaceBehavior [ RunTime:0.001000s ]
INFO: [ template_filter ] --END-- [ RunTime:0.001000s ]
NOTIC: [8] Use of undefined constant php - assumed 'php' C:\www\whugu\app\Runtime\Cache\Home\0b6b5a4469edc68d5c1e1a465947b0f4.php 第 270 行.
NOTIC: [8] Use of undefined constant php - assumed 'php' C:\www\whugu\app\Runtime\Cache\Home\0b6b5a4469edc68d5c1e1a465947b0f4.php 第 270 行.
NOTIC: [8] Use of undefined constant php - assumed 'php' C:\www\whugu\app\Runtime\Cache\Home\0b6b5a4469edc68d5c1e1a465947b0f4.php 第 270 行.
NOTIC: [8] Use of undefined constant php - assumed 'php' C:\www\whugu\app\Runtime\Cache\Home\0b6b5a4469edc68d5c1e1a465947b0f4.php 第 270 行.
NOTIC: [8] Use of undefined constant php - assumed 'php' C:\www\whugu\app\Runtime\Cache\Home\0b6b5a4469edc68d5c1e1a465947b0f4.php 第 270 行.
NOTIC: [8] Use of undefined constant php - assumed 'php' C:\www\whugu\app\Runtime\Cache\Home\0b6b5a4469edc68d5c1e1a465947b0f4.php 第 270 行.
NOTIC: [8] Use of undefined constant php - assumed 'php' C:\www\whugu\app\Runtime\Cache\Home\0b6b5a4469edc68d5c1e1a465947b0f4.php 第 270 行.
NOTIC: [8] Use of undefined constant php - assumed 'php' C:\www\whugu\app\Runtime\Cache\Home\0b6b5a4469edc68d5c1e1a465947b0f4.php 第 270 行.
NOTIC: [8] Use of undefined constant php - assumed 'php' C:\www\whugu\app\Runtime\Cache\Home\0b6b5a4469edc68d5c1e1a465947b0f4.php 第 270 行.
NOTIC: [8] Use of undefined constant php - assumed 'php' C:\www\whugu\app\Runtime\Cache\Home\0b6b5a4469edc68d5c1e1a465947b0f4.php 第 270 行.
NOTIC: [8] Use of undefined constant php - assumed 'php' C:\www\whugu\app\Runtime\Cache\Home\0b6b5a4469edc68d5c1e1a465947b0f4.php 第 270 行.
NOTIC: [8] Use of undefined constant php - assumed 'php' C:\www\whugu\app\Runtime\Cache\Home\0b6b5a4469edc68d5c1e1a465947b0f4.php 第 270 行.
NOTIC: [8] Use of undefined constant php - assumed 'php' C:\www\whugu\app\Runtime\Cache\Home\0b6b5a4469edc68d5c1e1a465947b0f4.php 第 270 行.
NOTIC: [8] Use of undefined constant php - assumed 'php' C:\www\whugu\app\Runtime\Cache\Home\0b6b5a4469edc68d5c1e1a465947b0f4.php 第 270 行.
NOTIC: [8] Use of undefined constant php - assumed 'php' C:\www\whugu\app\Runtime\Cache\Home\0b6b5a4469edc68d5c1e1a465947b0f4.php 第 270 行.
INFO: Run Behavior\ParseTemplateBehavior [ RunTime:0.103006s ]
INFO: [ view_parse ] --END-- [ RunTime:0.104006s ]
INFO: [ view_filter ] --START--
INFO: Run Behavior\WriteHtmlCacheBehavior [ RunTime:0.001000s ]
INFO: [ view_filter ] --END-- [ RunTime:0.001000s ]
INFO: [ app_end ] --START--
INFO: Run Behavior\ShowPageTraceBehavior [ RunTime:0.001000s ]
INFO: [ app_end ] --END-- [ RunTime:0.003000s ]

