[ 2015-08-28T10:28:51+08:00 ] ::1 /whugu/index.php/home/index/index/var/1
INFO: [ app_init ] --START--
INFO: Run Behavior\BuildLiteBehavior [ RunTime:0.001000s ]
INFO: [ app_init ] --END-- [ RunTime:0.002000s ]
INFO: [ app_begin ] --START--
INFO: Run Behavior\ReadHtmlCacheBehavior [ RunTime:0.001000s ]
INFO: [ app_begin ] --END-- [ RunTime:0.002000s ]
INFO: [ view_parse ] --START--
INFO: [ template_filter ] --START--
INFO: Run Behavior\ContentReplaceBehavior [ RunTime:0.000000s ]
INFO: [ template_filter ] --END-- [ RunTime:0.001000s ]
NOTIC: [8] Use of undefined constant php - assumed 'php' C:\www\whugu\app\Runtime\Cache\Home\2bc71d220ff77e6b12bf354b9e8a67ea.php 第 449 行.
NOTIC: [8] Use of undefined constant php - assumed 'php' C:\www\whugu\app\Runtime\Cache\Home\2bc71d220ff77e6b12bf354b9e8a67ea.php 第 449 行.
NOTIC: [8] Use of undefined constant php - assumed 'php' C:\www\whugu\app\Runtime\Cache\Home\2bc71d220ff77e6b12bf354b9e8a67ea.php 第 449 行.
NOTIC: [8] Use of undefined constant php - assumed 'php' C:\www\whugu\app\Runtime\Cache\Home\2bc71d220ff77e6b12bf354b9e8a67ea.php 第 449 行.
NOTIC: [8] Use of undefined constant php - assumed 'php' C:\www\whugu\app\Runtime\Cache\Home\2bc71d220ff77e6b12bf354b9e8a67ea.php 第 449 行.
NOTIC: [8] Use of undefined constant php - assumed 'php' C:\www\whugu\app\Runtime\Cache\Home\2bc71d220ff77e6b12bf354b9e8a67ea.php 第 449 行.
NOTIC: [8] Use of undefined constant php - assumed 'php' C:\www\whugu\app\Runtime\Cache\Home\2bc71d220ff77e6b12bf354b9e8a67ea.php 第 449 行.
NOTIC: [8] Use of undefined constant php - assumed 'php' C:\www\whugu\app\Runtime\Cache\Home\2bc71d220ff77e6b12bf354b9e8a67ea.php 第 449 行.
NOTIC: [8] Use of undefined constant php - assumed 'php' C:\www\whugu\app\Runtime\Cache\Home\2bc71d220ff77e6b12bf354b9e8a67ea.php 第 449 行.
NOTIC: [8] Use of undefined constant php - assumed 'php' C:\www\whugu\app\Runtime\Cache\Home\2bc71d220ff77e6b12bf354b9e8a67ea.php 第 449 行.
NOTIC: [8] Use of undefined constant php - assumed 'php' C:\www\whugu\app\Runtime\Cache\Home\2bc71d220ff77e6b12bf354b9e8a67ea.php 第 449 行.
NOTIC: [8] Use of undefined constant php - assumed 'php' C:\www\whugu\app\Runtime\Cache\Home\2bc71d220ff77e6b12bf354b9e8a67ea.php 第 449 行.
NOTIC: [8] Use of undefined constant php - assumed 'php' C:\www\whugu\app\Runtime\Cache\Home\2bc71d220ff77e6b12bf354b9e8a67ea.php 第 449 行.
NOTIC: [8] Use of undefined constant php - assumed 'php' C:\www\whugu\app\Runtime\Cache\Home\2bc71d220ff77e6b12bf354b9e8a67ea.php 第 449 行.
NOTIC: [8] Use of undefined constant php - assumed 'php' C:\www\whugu\app\Runtime\Cache\Home\2bc71d220ff77e6b12bf354b9e8a67ea.php 第 449 行.
INFO: Run Behavior\ParseTemplateBehavior [ RunTime:0.034002s ]
INFO: [ view_parse ] --END-- [ RunTime:0.035002s ]
INFO: [ view_filter ] --START--
INFO: Run Behavior\WriteHtmlCacheBehavior [ RunTime:0.002000s ]
INFO: [ view_filter ] --END-- [ RunTime:0.002000s ]
INFO: [ app_end ] --START--
INFO: Run Behavior\ShowPageTraceBehavior [ RunTime:0.001000s ]
INFO: [ app_end ] --END-- [ RunTime:0.002000s ]

[ 2015-08-28T10:39:09+08:00 ] ::1 /whugu/home/index/index/var/1
INFO: [ app_init ] --START--
INFO: Run Behavior\BuildLiteBehavior [ RunTime:0.000000s ]
INFO: [ app_init ] --END-- [ RunTime:0.002000s ]
INFO: [ app_begin ] --START--
INFO: Run Behavior\ReadHtmlCacheBehavior [ RunTime:0.002000s ]
INFO: [ app_begin ] --END-- [ RunTime:0.002000s ]
INFO: [ view_parse ] --START--
INFO: [ template_filter ] --START--
INFO: Run Behavior\ContentReplaceBehavior [ RunTime:0.001000s ]
INFO: [ template_filter ] --END-- [ RunTime:0.002000s ]
NOTIC: [8] Use of undefined constant php - assumed 'php' C:\www\whugu\app\Runtime\Cache\Home\2bc71d220ff77e6b12bf354b9e8a67ea.php 第 449 行.
NOTIC: [8] Use of undefined constant php - assumed 'php' C:\www\whugu\app\Runtime\Cache\Home\2bc71d220ff77e6b12bf354b9e8a67ea.php 第 449 行.
NOTIC: [8] Use of undefined constant php - assumed 'php' C:\www\whugu\app\Runtime\Cache\Home\2bc71d220ff77e6b12bf354b9e8a67ea.php 第 449 行.
NOTIC: [8] Use of undefined constant php - assumed 'php' C:\www\whugu\app\Runtime\Cache\Home\2bc71d220ff77e6b12bf354b9e8a67ea.php 第 449 行.
NOTIC: [8] Use of undefined constant php - assumed 'php' C:\www\whugu\app\Runtime\Cache\Home\2bc71d220ff77e6b12bf354b9e8a67ea.php 第 449 行.
NOTIC: [8] Use of undefined constant php - assumed 'php' C:\www\whugu\app\Runtime\Cache\Home\2bc71d220ff77e6b12bf354b9e8a67ea.php 第 449 行.
NOTIC: [8] Use of undefined constant php - assumed 'php' C:\www\whugu\app\Runtime\Cache\Home\2bc71d220ff77e6b12bf354b9e8a67ea.php 第 449 行.
NOTIC: [8] Use of undefined constant php - assumed 'php' C:\www\whugu\app\Runtime\Cache\Home\2bc71d220ff77e6b12bf354b9e8a67ea.php 第 449 行.
NOTIC: [8] Use of undefined constant php - assumed 'php' C:\www\whugu\app\Runtime\Cache\Home\2bc71d220ff77e6b12bf354b9e8a67ea.php 第 449 行.
NOTIC: [8] Use of undefined constant php - assumed 'php' C:\www\whugu\app\Runtime\Cache\Home\2bc71d220ff77e6b12bf354b9e8a67ea.php 第 449 行.
NOTIC: [8] Use of undefined constant php - assumed 'php' C:\www\whugu\app\Runtime\Cache\Home\2bc71d220ff77e6b12bf354b9e8a67ea.php 第 449 行.
NOTIC: [8] Use of undefined constant php - assumed 'php' C:\www\whugu\app\Runtime\Cache\Home\2bc71d220ff77e6b12bf354b9e8a67ea.php 第 449 行.
NOTIC: [8] Use of undefined constant php - assumed 'php' C:\www\whugu\app\Runtime\Cache\Home\2bc71d220ff77e6b12bf354b9e8a67ea.php 第 449 行.
NOTIC: [8] Use of undefined constant php - assumed 'php' C:\www\whugu\app\Runtime\Cache\Home\2bc71d220ff77e6b12bf354b9e8a67ea.php 第 449 行.
NOTIC: [8] Use of undefined constant php - assumed 'php' C:\www\whugu\app\Runtime\Cache\Home\2bc71d220ff77e6b12bf354b9e8a67ea.php 第 449 行.
INFO: Run Behavior\ParseTemplateBehavior [ RunTime:0.036002s ]
INFO: [ view_parse ] --END-- [ RunTime:0.037002s ]
INFO: [ view_filter ] --START--
INFO: Run Behavior\WriteHtmlCacheBehavior [ RunTime:0.002000s ]
INFO: [ view_filter ] --END-- [ RunTime:0.002000s ]
INFO: [ app_end ] --START--
INFO: Run Behavior\ShowPageTraceBehavior [ RunTime:0.002000s ]
INFO: [ app_end ] --END-- [ RunTime:0.002000s ]

[ 2015-08-28T10:39:10+08:00 ] ::1 /whugu/home/Public/static/img/logo.png
INFO: [ app_init ] --START--
INFO: Run Behavior\BuildLiteBehavior [ RunTime:0.000000s ]
INFO: [ app_init ] --END-- [ RunTime:0.001001s ]

[ 2015-08-28T10:39:13+08:00 ] ::1 /whugu/home/index/index/var/1
INFO: [ app_init ] --START--
INFO: Run Behavior\BuildLiteBehavior [ RunTime:0.000000s ]
INFO: [ app_init ] --END-- [ RunTime:0.002000s ]
INFO: [ app_begin ] --START--
INFO: Run Behavior\ReadHtmlCacheBehavior [ RunTime:0.001000s ]
INFO: [ app_begin ] --END-- [ RunTime:0.003001s ]
INFO: [ view_parse ] --START--
INFO: [ template_filter ] --START--
INFO: Run Behavior\ContentReplaceBehavior [ RunTime:0.000000s ]
INFO: [ template_filter ] --END-- [ RunTime:0.002000s ]
NOTIC: [8] Use of undefined constant php - assumed 'php' C:\www\whugu\app\Runtime\Cache\Home\2bc71d220ff77e6b12bf354b9e8a67ea.php 第 449 行.
NOTIC: [8] Use of undefined constant php - assumed 'php' C:\www\whugu\app\Runtime\Cache\Home\2bc71d220ff77e6b12bf354b9e8a67ea.php 第 449 行.
NOTIC: [8] Use of undefined constant php - assumed 'php' C:\www\whugu\app\Runtime\Cache\Home\2bc71d220ff77e6b12bf354b9e8a67ea.php 第 449 行.
NOTIC: [8] Use of undefined constant php - assumed 'php' C:\www\whugu\app\Runtime\Cache\Home\2bc71d220ff77e6b12bf354b9e8a67ea.php 第 449 行.
NOTIC: [8] Use of undefined constant php - assumed 'php' C:\www\whugu\app\Runtime\Cache\Home\2bc71d220ff77e6b12bf354b9e8a67ea.php 第 449 行.
NOTIC: [8] Use of undefined constant php - assumed 'php' C:\www\whugu\app\Runtime\Cache\Home\2bc71d220ff77e6b12bf354b9e8a67ea.php 第 449 行.
NOTIC: [8] Use of undefined constant php - assumed 'php' C:\www\whugu\app\Runtime\Cache\Home\2bc71d220ff77e6b12bf354b9e8a67ea.php 第 449 行.
NOTIC: [8] Use of undefined constant php - assumed 'php' C:\www\whugu\app\Runtime\Cache\Home\2bc71d220ff77e6b12bf354b9e8a67ea.php 第 449 行.
NOTIC: [8] Use of undefined constant php - assumed 'php' C:\www\whugu\app\Runtime\Cache\Home\2bc71d220ff77e6b12bf354b9e8a67ea.php 第 449 行.
NOTIC: [8] Use of undefined constant php - assumed 'php' C:\www\whugu\app\Runtime\Cache\Home\2bc71d220ff77e6b12bf354b9e8a67ea.php 第 449 行.
NOTIC: [8] Use of undefined constant php - assumed 'php' C:\www\whugu\app\Runtime\Cache\Home\2bc71d220ff77e6b12bf354b9e8a67ea.php 第 449 行.
NOTIC: [8] Use of undefined constant php - assumed 'php' C:\www\whugu\app\Runtime\Cache\Home\2bc71d220ff77e6b12bf354b9e8a67ea.php 第 449 行.
NOTIC: [8] Use of undefined constant php - assumed 'php' C:\www\whugu\app\Runtime\Cache\Home\2bc71d220ff77e6b12bf354b9e8a67ea.php 第 449 行.
NOTIC: [8] Use of undefined constant php - assumed 'php' C:\www\whugu\app\Runtime\Cache\Home\2bc71d220ff77e6b12bf354b9e8a67ea.php 第 449 行.
NOTIC: [8] Use of undefined constant php - assumed 'php' C:\www\whugu\app\Runtime\Cache\Home\2bc71d220ff77e6b12bf354b9e8a67ea.php 第 449 行.
INFO: Run Behavior\ParseTemplateBehavior [ RunTime:0.028002s ]
INFO: [ view_parse ] --END-- [ RunTime:0.030002s ]
INFO: [ view_filter ] --START--
INFO: Run Behavior\WriteHtmlCacheBehavior [ RunTime:0.000000s ]
INFO: [ view_filter ] --END-- [ RunTime:0.002000s ]
INFO: [ app_end ] --START--
INFO: Run Behavior\ShowPageTraceBehavior [ RunTime:0.001000s ]
INFO: [ app_end ] --END-- [ RunTime:0.002000s ]

[ 2015-08-28T10:39:16+08:00 ] ::1 /whugu/home/index/index/var/1
INFO: [ app_init ] --START--
INFO: Run Behavior\BuildLiteBehavior [ RunTime:0.000000s ]
INFO: [ app_init ] --END-- [ RunTime:0.002000s ]
INFO: [ app_begin ] --START--
INFO: Run Behavior\ReadHtmlCacheBehavior [ RunTime:0.000000s ]
INFO: [ app_begin ] --END-- [ RunTime:0.002000s ]
INFO: [ view_parse ] --START--
INFO: [ template_filter ] --START--
INFO: Run Behavior\ContentReplaceBehavior [ RunTime:0.001000s ]
INFO: [ template_filter ] --END-- [ RunTime:0.003000s ]
NOTIC: [8] Use of undefined constant php - assumed 'php' C:\www\whugu\app\Runtime\Cache\Home\2bc71d220ff77e6b12bf354b9e8a67ea.php 第 449 行.
NOTIC: [8] Use of undefined constant php - assumed 'php' C:\www\whugu\app\Runtime\Cache\Home\2bc71d220ff77e6b12bf354b9e8a67ea.php 第 449 行.
NOTIC: [8] Use of undefined constant php - assumed 'php' C:\www\whugu\app\Runtime\Cache\Home\2bc71d220ff77e6b12bf354b9e8a67ea.php 第 449 行.
NOTIC: [8] Use of undefined constant php - assumed 'php' C:\www\whugu\app\Runtime\Cache\Home\2bc71d220ff77e6b12bf354b9e8a67ea.php 第 449 行.
NOTIC: [8] Use of undefined constant php - assumed 'php' C:\www\whugu\app\Runtime\Cache\Home\2bc71d220ff77e6b12bf354b9e8a67ea.php 第 449 行.
NOTIC: [8] Use of undefined constant php - assumed 'php' C:\www\whugu\app\Runtime\Cache\Home\2bc71d220ff77e6b12bf354b9e8a67ea.php 第 449 行.
NOTIC: [8] Use of undefined constant php - assumed 'php' C:\www\whugu\app\Runtime\Cache\Home\2bc71d220ff77e6b12bf354b9e8a67ea.php 第 449 行.
NOTIC: [8] Use of undefined constant php - assumed 'php' C:\www\whugu\app\Runtime\Cache\Home\2bc71d220ff77e6b12bf354b9e8a67ea.php 第 449 行.
NOTIC: [8] Use of undefined constant php - assumed 'php' C:\www\whugu\app\Runtime\Cache\Home\2bc71d220ff77e6b12bf354b9e8a67ea.php 第 449 行.
NOTIC: [8] Use of undefined constant php - assumed 'php' C:\www\whugu\app\Runtime\Cache\Home\2bc71d220ff77e6b12bf354b9e8a67ea.php 第 449 行.
NOTIC: [8] Use of undefined constant php - assumed 'php' C:\www\whugu\app\Runtime\Cache\Home\2bc71d220ff77e6b12bf354b9e8a67ea.php 第 449 行.
NOTIC: [8] Use of undefined constant php - assumed 'php' C:\www\whugu\app\Runtime\Cache\Home\2bc71d220ff77e6b12bf354b9e8a67ea.php 第 449 行.
NOTIC: [8] Use of undefined constant php - assumed 'php' C:\www\whugu\app\Runtime\Cache\Home\2bc71d220ff77e6b12bf354b9e8a67ea.php 第 449 行.
NOTIC: [8] Use of undefined constant php - assumed 'php' C:\www\whugu\app\Runtime\Cache\Home\2bc71d220ff77e6b12bf354b9e8a67ea.php 第 449 行.
NOTIC: [8] Use of undefined constant php - assumed 'php' C:\www\whugu\app\Runtime\Cache\Home\2bc71d220ff77e6b12bf354b9e8a67ea.php 第 449 行.
INFO: Run Behavior\ParseTemplateBehavior [ RunTime:0.030001s ]
INFO: [ view_parse ] --END-- [ RunTime:0.032002s ]
INFO: [ view_filter ] --START--
INFO: Run Behavior\WriteHtmlCacheBehavior [ RunTime:0.001000s ]
INFO: [ view_filter ] --END-- [ RunTime:0.002000s ]
INFO: [ app_end ] --START--
INFO: Run Behavior\ShowPageTraceBehavior [ RunTime:0.001000s ]
INFO: [ app_end ] --END-- [ RunTime:0.002000s ]

[ 2015-08-28T10:41:45+08:00 ] ::1 /whugu/?XDEBUG_SESSION_START=11804
INFO: [ app_init ] --START--
INFO: Run Behavior\BuildLiteBehavior [ RunTime:0.000000s ]
INFO: [ app_init ] --END-- [ RunTime:0.002000s ]
INFO: [ app_begin ] --START--
INFO: Run Behavior\ReadHtmlCacheBehavior [ RunTime:0.001000s ]
INFO: [ app_begin ] --END-- [ RunTime:0.003000s ]
INFO: [ view_parse ] --START--
INFO: [ template_filter ] --START--
INFO: Run Behavior\ContentReplaceBehavior [ RunTime:0.000000s ]
INFO: [ template_filter ] --END-- [ RunTime:0.002000s ]
NOTIC: [8] Use of undefined constant php - assumed 'php' C:\www\whugu\app\Runtime\Cache\Home\2bc71d220ff77e6b12bf354b9e8a67ea.php 第 449 行.
NOTIC: [8] Use of undefined constant php - assumed 'php' C:\www\whugu\app\Runtime\Cache\Home\2bc71d220ff77e6b12bf354b9e8a67ea.php 第 449 行.
NOTIC: [8] Use of undefined constant php - assumed 'php' C:\www\whugu\app\Runtime\Cache\Home\2bc71d220ff77e6b12bf354b9e8a67ea.php 第 449 行.
NOTIC: [8] Use of undefined constant php - assumed 'php' C:\www\whugu\app\Runtime\Cache\Home\2bc71d220ff77e6b12bf354b9e8a67ea.php 第 449 行.
NOTIC: [8] Use of undefined constant php - assumed 'php' C:\www\whugu\app\Runtime\Cache\Home\2bc71d220ff77e6b12bf354b9e8a67ea.php 第 449 行.
NOTIC: [8] Use of undefined constant php - assumed 'php' C:\www\whugu\app\Runtime\Cache\Home\2bc71d220ff77e6b12bf354b9e8a67ea.php 第 449 行.
NOTIC: [8] Use of undefined constant php - assumed 'php' C:\www\whugu\app\Runtime\Cache\Home\2bc71d220ff77e6b12bf354b9e8a67ea.php 第 449 行.
NOTIC: [8] Use of undefined constant php - assumed 'php' C:\www\whugu\app\Runtime\Cache\Home\2bc71d220ff77e6b12bf354b9e8a67ea.php 第 449 行.
NOTIC: [8] Use of undefined constant php - assumed 'php' C:\www\whugu\app\Runtime\Cache\Home\2bc71d220ff77e6b12bf354b9e8a67ea.php 第 449 行.
NOTIC: [8] Use of undefined constant php - assumed 'php' C:\www\whugu\app\Runtime\Cache\Home\2bc71d220ff77e6b12bf354b9e8a67ea.php 第 449 行.
NOTIC: [8] Use of undefined constant php - assumed 'php' C:\www\whugu\app\Runtime\Cache\Home\2bc71d220ff77e6b12bf354b9e8a67ea.php 第 449 行.
NOTIC: [8] Use of undefined constant php - assumed 'php' C:\www\whugu\app\Runtime\Cache\Home\2bc71d220ff77e6b12bf354b9e8a67ea.php 第 449 行.
NOTIC: [8] Use of undefined constant php - assumed 'php' C:\www\whugu\app\Runtime\Cache\Home\2bc71d220ff77e6b12bf354b9e8a67ea.php 第 449 行.
NOTIC: [8] Use of undefined constant php - assumed 'php' C:\www\whugu\app\Runtime\Cache\Home\2bc71d220ff77e6b12bf354b9e8a67ea.php 第 449 行.
NOTIC: [8] Use of undefined constant php - assumed 'php' C:\www\whugu\app\Runtime\Cache\Home\2bc71d220ff77e6b12bf354b9e8a67ea.php 第 449 行.
INFO: Run Behavior\ParseTemplateBehavior [ RunTime:0.032002s ]
INFO: [ view_parse ] --END-- [ RunTime:0.034002s ]
INFO: [ view_filter ] --START--
INFO: Run Behavior\WriteHtmlCacheBehavior [ RunTime:0.001000s ]
INFO: [ view_filter ] --END-- [ RunTime:0.002000s ]
INFO: [ app_end ] --START--
INFO: Run Behavior\ShowPageTraceBehavior [ RunTime:0.002000s ]
INFO: [ app_end ] --END-- [ RunTime:0.004001s ]

[ 2015-08-28T10:57:54+08:00 ] ::1 /whugu/Home/Index/index/var/1
INFO: [ app_init ] --START--
INFO: Run Behavior\BuildLiteBehavior [ RunTime:0.001000s ]
INFO: [ app_init ] --END-- [ RunTime:0.001000s ]
INFO: [ app_begin ] --START--
INFO: Run Behavior\ReadHtmlCacheBehavior [ RunTime:0.003000s ]
INFO: [ app_begin ] --END-- [ RunTime:0.005000s ]
INFO: [ view_parse ] --START--
INFO: [ template_filter ] --START--
INFO: Run Behavior\ContentReplaceBehavior [ RunTime:0.000000s ]
INFO: [ template_filter ] --END-- [ RunTime:0.002000s ]
NOTIC: [8] Use of undefined constant php - assumed 'php' C:\www\whugu\app\Runtime\Cache\Home\2bc71d220ff77e6b12bf354b9e8a67ea.php 第 449 行.
NOTIC: [8] Use of undefined constant php - assumed 'php' C:\www\whugu\app\Runtime\Cache\Home\2bc71d220ff77e6b12bf354b9e8a67ea.php 第 449 行.
NOTIC: [8] Use of undefined constant php - assumed 'php' C:\www\whugu\app\Runtime\Cache\Home\2bc71d220ff77e6b12bf354b9e8a67ea.php 第 449 行.
NOTIC: [8] Use of undefined constant php - assumed 'php' C:\www\whugu\app\Runtime\Cache\Home\2bc71d220ff77e6b12bf354b9e8a67ea.php 第 449 行.
NOTIC: [8] Use of undefined constant php - assumed 'php' C:\www\whugu\app\Runtime\Cache\Home\2bc71d220ff77e6b12bf354b9e8a67ea.php 第 449 行.
NOTIC: [8] Use of undefined constant php - assumed 'php' C:\www\whugu\app\Runtime\Cache\Home\2bc71d220ff77e6b12bf354b9e8a67ea.php 第 449 行.
NOTIC: [8] Use of undefined constant php - assumed 'php' C:\www\whugu\app\Runtime\Cache\Home\2bc71d220ff77e6b12bf354b9e8a67ea.php 第 449 行.
NOTIC: [8] Use of undefined constant php - assumed 'php' C:\www\whugu\app\Runtime\Cache\Home\2bc71d220ff77e6b12bf354b9e8a67ea.php 第 449 行.
NOTIC: [8] Use of undefined constant php - assumed 'php' C:\www\whugu\app\Runtime\Cache\Home\2bc71d220ff77e6b12bf354b9e8a67ea.php 第 449 行.
NOTIC: [8] Use of undefined constant php - assumed 'php' C:\www\whugu\app\Runtime\Cache\Home\2bc71d220ff77e6b12bf354b9e8a67ea.php 第 449 行.
NOTIC: [8] Use of undefined constant php - assumed 'php' C:\www\whugu\app\Runtime\Cache\Home\2bc71d220ff77e6b12bf354b9e8a67ea.php 第 449 行.
NOTIC: [8] Use of undefined constant php - assumed 'php' C:\www\whugu\app\Runtime\Cache\Home\2bc71d220ff77e6b12bf354b9e8a67ea.php 第 449 行.
NOTIC: [8] Use of undefined constant php - assumed 'php' C:\www\whugu\app\Runtime\Cache\Home\2bc71d220ff77e6b12bf354b9e8a67ea.php 第 449 行.
NOTIC: [8] Use of undefined constant php - assumed 'php' C:\www\whugu\app\Runtime\Cache\Home\2bc71d220ff77e6b12bf354b9e8a67ea.php 第 449 行.
NOTIC: [8] Use of undefined constant php - assumed 'php' C:\www\whugu\app\Runtime\Cache\Home\2bc71d220ff77e6b12bf354b9e8a67ea.php 第 449 行.
INFO: Run Behavior\ParseTemplateBehavior [ RunTime:0.039003s ]
INFO: [ view_parse ] --END-- [ RunTime:0.039003s ]
INFO: [ view_filter ] --START--
INFO: Run Behavior\WriteHtmlCacheBehavior [ RunTime:0.002000s ]
INFO: [ view_filter ] --END-- [ RunTime:0.003000s ]
INFO: [ app_end ] --START--
INFO: Run Behavior\ShowPageTraceBehavior [ RunTime:0.002000s ]
INFO: [ app_end ] --END-- [ RunTime:0.004000s ]

[ 2015-08-28T10:57:54+08:00 ] ::1 /whugu/Home/Public/static/img/logo.png
INFO: [ app_init ] --START--
INFO: Run Behavior\BuildLiteBehavior [ RunTime:0.001000s ]
INFO: [ app_init ] --END-- [ RunTime:0.003000s ]

[ 2015-08-28T11:11:15+08:00 ] ::1 /whugu/Home/Index/test/var/1
INFO: [ app_init ] --START--
INFO: Run Behavior\BuildLiteBehavior [ RunTime:0.001000s ]
INFO: [ app_init ] --END-- [ RunTime:0.003000s ]
INFO: [ app_begin ] --START--
INFO: Run Behavior\ReadHtmlCacheBehavior [ RunTime:0.002000s ]
INFO: [ app_begin ] --END-- [ RunTime:0.002000s ]
NOTIC: [8] Undefined index: id C:\www\whugu\app\Home\Controller\IndexController.class.php 第 19 行.
INFO: [ app_end ] --START--
INFO: Run Behavior\ShowPageTraceBehavior [ RunTime:0.001000s ]
INFO: [ app_end ] --END-- [ RunTime:0.003001s ]

[ 2015-08-28T11:11:22+08:00 ] ::1 /whugu/Home/Index/index/var/1
INFO: [ app_init ] --START--
INFO: Run Behavior\BuildLiteBehavior [ RunTime:0.000000s ]
INFO: [ app_init ] --END-- [ RunTime:0.002001s ]
INFO: [ app_begin ] --START--
INFO: Run Behavior\ReadHtmlCacheBehavior [ RunTime:0.001000s ]
INFO: [ app_begin ] --END-- [ RunTime:0.002000s ]
INFO: [ view_parse ] --START--
INFO: [ template_filter ] --START--
INFO: Run Behavior\ContentReplaceBehavior [ RunTime:0.000000s ]
INFO: [ template_filter ] --END-- [ RunTime:0.002000s ]
NOTIC: [8] Use of undefined constant php - assumed 'php' C:\www\whugu\app\Runtime\Cache\Home\2bc71d220ff77e6b12bf354b9e8a67ea.php 第 449 行.
NOTIC: [8] Use of undefined constant php - assumed 'php' C:\www\whugu\app\Runtime\Cache\Home\2bc71d220ff77e6b12bf354b9e8a67ea.php 第 449 行.
NOTIC: [8] Use of undefined constant php - assumed 'php' C:\www\whugu\app\Runtime\Cache\Home\2bc71d220ff77e6b12bf354b9e8a67ea.php 第 449 行.
NOTIC: [8] Use of undefined constant php - assumed 'php' C:\www\whugu\app\Runtime\Cache\Home\2bc71d220ff77e6b12bf354b9e8a67ea.php 第 449 行.
NOTIC: [8] Use of undefined constant php - assumed 'php' C:\www\whugu\app\Runtime\Cache\Home\2bc71d220ff77e6b12bf354b9e8a67ea.php 第 449 行.
NOTIC: [8] Use of undefined constant php - assumed 'php' C:\www\whugu\app\Runtime\Cache\Home\2bc71d220ff77e6b12bf354b9e8a67ea.php 第 449 行.
NOTIC: [8] Use of undefined constant php - assumed 'php' C:\www\whugu\app\Runtime\Cache\Home\2bc71d220ff77e6b12bf354b9e8a67ea.php 第 449 行.
NOTIC: [8] Use of undefined constant php - assumed 'php' C:\www\whugu\app\Runtime\Cache\Home\2bc71d220ff77e6b12bf354b9e8a67ea.php 第 449 行.
NOTIC: [8] Use of undefined constant php - assumed 'php' C:\www\whugu\app\Runtime\Cache\Home\2bc71d220ff77e6b12bf354b9e8a67ea.php 第 449 行.
NOTIC: [8] Use of undefined constant php - assumed 'php' C:\www\whugu\app\Runtime\Cache\Home\2bc71d220ff77e6b12bf354b9e8a67ea.php 第 449 行.
NOTIC: [8] Use of undefined constant php - assumed 'php' C:\www\whugu\app\Runtime\Cache\Home\2bc71d220ff77e6b12bf354b9e8a67ea.php 第 449 行.
NOTIC: [8] Use of undefined constant php - assumed 'php' C:\www\whugu\app\Runtime\Cache\Home\2bc71d220ff77e6b12bf354b9e8a67ea.php 第 449 行.
NOTIC: [8] Use of undefined constant php - assumed 'php' C:\www\whugu\app\Runtime\Cache\Home\2bc71d220ff77e6b12bf354b9e8a67ea.php 第 449 行.
NOTIC: [8] Use of undefined constant php - assumed 'php' C:\www\whugu\app\Runtime\Cache\Home\2bc71d220ff77e6b12bf354b9e8a67ea.php 第 449 行.
NOTIC: [8] Use of undefined constant php - assumed 'php' C:\www\whugu\app\Runtime\Cache\Home\2bc71d220ff77e6b12bf354b9e8a67ea.php 第 449 行.
INFO: Run Behavior\ParseTemplateBehavior [ RunTime:0.037002s ]
INFO: [ view_parse ] --END-- [ RunTime:0.037002s ]
INFO: [ view_filter ] --START--
INFO: Run Behavior\WriteHtmlCacheBehavior [ RunTime:0.001000s ]
INFO: [ view_filter ] --END-- [ RunTime:0.001000s ]
INFO: [ app_end ] --START--
INFO: Run Behavior\ShowPageTraceBehavior [ RunTime:0.001000s ]
INFO: [ app_end ] --END-- [ RunTime:0.002000s ]

[ 2015-08-28T11:12:48+08:00 ] ::1 /whugu/Home/Index/index/var/1
INFO: [ app_init ] --START--
INFO: Run Behavior\BuildLiteBehavior [ RunTime:0.000000s ]
INFO: [ app_init ] --END-- [ RunTime:0.002000s ]
INFO: [ app_begin ] --START--
INFO: Run Behavior\ReadHtmlCacheBehavior [ RunTime:0.002000s ]
INFO: [ app_begin ] --END-- [ RunTime:0.004000s ]
INFO: [ view_parse ] --START--
INFO: [ template_filter ] --START--
INFO: Run Behavior\ContentReplaceBehavior [ RunTime:0.001000s ]
INFO: [ template_filter ] --END-- [ RunTime:0.001000s ]
NOTIC: [8] Use of undefined constant php - assumed 'php' C:\www\whugu\app\Runtime\Cache\Home\2bc71d220ff77e6b12bf354b9e8a67ea.php 第 449 行.
NOTIC: [8] Use of undefined constant php - assumed 'php' C:\www\whugu\app\Runtime\Cache\Home\2bc71d220ff77e6b12bf354b9e8a67ea.php 第 449 行.
NOTIC: [8] Use of undefined constant php - assumed 'php' C:\www\whugu\app\Runtime\Cache\Home\2bc71d220ff77e6b12bf354b9e8a67ea.php 第 449 行.
NOTIC: [8] Use of undefined constant php - assumed 'php' C:\www\whugu\app\Runtime\Cache\Home\2bc71d220ff77e6b12bf354b9e8a67ea.php 第 449 行.
NOTIC: [8] Use of undefined constant php - assumed 'php' C:\www\whugu\app\Runtime\Cache\Home\2bc71d220ff77e6b12bf354b9e8a67ea.php 第 449 行.
NOTIC: [8] Use of undefined constant php - assumed 'php' C:\www\whugu\app\Runtime\Cache\Home\2bc71d220ff77e6b12bf354b9e8a67ea.php 第 449 行.
NOTIC: [8] Use of undefined constant php - assumed 'php' C:\www\whugu\app\Runtime\Cache\Home\2bc71d220ff77e6b12bf354b9e8a67ea.php 第 449 行.
NOTIC: [8] Use of undefined constant php - assumed 'php' C:\www\whugu\app\Runtime\Cache\Home\2bc71d220ff77e6b12bf354b9e8a67ea.php 第 449 行.
NOTIC: [8] Use of undefined constant php - assumed 'php' C:\www\whugu\app\Runtime\Cache\Home\2bc71d220ff77e6b12bf354b9e8a67ea.php 第 449 行.
NOTIC: [8] Use of undefined constant php - assumed 'php' C:\www\whugu\app\Runtime\Cache\Home\2bc71d220ff77e6b12bf354b9e8a67ea.php 第 449 行.
NOTIC: [8] Use of undefined constant php - assumed 'php' C:\www\whugu\app\Runtime\Cache\Home\2bc71d220ff77e6b12bf354b9e8a67ea.php 第 449 行.
NOTIC: [8] Use of undefined constant php - assumed 'php' C:\www\whugu\app\Runtime\Cache\Home\2bc71d220ff77e6b12bf354b9e8a67ea.php 第 449 行.
NOTIC: [8] Use of undefined constant php - assumed 'php' C:\www\whugu\app\Runtime\Cache\Home\2bc71d220ff77e6b12bf354b9e8a67ea.php 第 449 行.
NOTIC: [8] Use of undefined constant php - assumed 'php' C:\www\whugu\app\Runtime\Cache\Home\2bc71d220ff77e6b12bf354b9e8a67ea.php 第 449 行.
NOTIC: [8] Use of undefined constant php - assumed 'php' C:\www\whugu\app\Runtime\Cache\Home\2bc71d220ff77e6b12bf354b9e8a67ea.php 第 449 行.
INFO: Run Behavior\ParseTemplateBehavior [ RunTime:0.036002s ]
INFO: [ view_parse ] --END-- [ RunTime:0.037002s ]
INFO: [ view_filter ] --START--
INFO: Run Behavior\WriteHtmlCacheBehavior [ RunTime:0.001000s ]
INFO: [ view_filter ] --END-- [ RunTime:0.003001s ]
INFO: [ app_end ] --START--
INFO: Run Behavior\ShowPageTraceBehavior [ RunTime:0.002000s ]
INFO: [ app_end ] --END-- [ RunTime:0.003000s ]

[ 2015-08-28T11:13:31+08:00 ] ::1 /whugu/Home/Index/index/var/1
INFO: [ app_init ] --START--
INFO: Run Behavior\BuildLiteBehavior [ RunTime:0.001000s ]
INFO: [ app_init ] --END-- [ RunTime:0.002000s ]
INFO: [ app_begin ] --START--
INFO: Run Behavior\ReadHtmlCacheBehavior [ RunTime:0.001001s ]
INFO: [ app_begin ] --END-- [ RunTime:0.002001s ]
INFO: [ view_parse ] --START--
INFO: [ template_filter ] --START--
INFO: Run Behavior\ContentReplaceBehavior [ RunTime:0.000000s ]
INFO: [ template_filter ] --END-- [ RunTime:0.002000s ]
NOTIC: [8] Use of undefined constant php - assumed 'php' C:\www\whugu\app\Runtime\Cache\Home\2bc71d220ff77e6b12bf354b9e8a67ea.php 第 449 行.
NOTIC: [8] Use of undefined constant php - assumed 'php' C:\www\whugu\app\Runtime\Cache\Home\2bc71d220ff77e6b12bf354b9e8a67ea.php 第 449 行.
NOTIC: [8] Use of undefined constant php - assumed 'php' C:\www\whugu\app\Runtime\Cache\Home\2bc71d220ff77e6b12bf354b9e8a67ea.php 第 449 行.
NOTIC: [8] Use of undefined constant php - assumed 'php' C:\www\whugu\app\Runtime\Cache\Home\2bc71d220ff77e6b12bf354b9e8a67ea.php 第 449 行.
NOTIC: [8] Use of undefined constant php - assumed 'php' C:\www\whugu\app\Runtime\Cache\Home\2bc71d220ff77e6b12bf354b9e8a67ea.php 第 449 行.
NOTIC: [8] Use of undefined constant php - assumed 'php' C:\www\whugu\app\Runtime\Cache\Home\2bc71d220ff77e6b12bf354b9e8a67ea.php 第 449 行.
NOTIC: [8] Use of undefined constant php - assumed 'php' C:\www\whugu\app\Runtime\Cache\Home\2bc71d220ff77e6b12bf354b9e8a67ea.php 第 449 行.
NOTIC: [8] Use of undefined constant php - assumed 'php' C:\www\whugu\app\Runtime\Cache\Home\2bc71d220ff77e6b12bf354b9e8a67ea.php 第 449 行.
NOTIC: [8] Use of undefined constant php - assumed 'php' C:\www\whugu\app\Runtime\Cache\Home\2bc71d220ff77e6b12bf354b9e8a67ea.php 第 449 行.
NOTIC: [8] Use of undefined constant php - assumed 'php' C:\www\whugu\app\Runtime\Cache\Home\2bc71d220ff77e6b12bf354b9e8a67ea.php 第 449 行.
NOTIC: [8] Use of undefined constant php - assumed 'php' C:\www\whugu\app\Runtime\Cache\Home\2bc71d220ff77e6b12bf354b9e8a67ea.php 第 449 行.
NOTIC: [8] Use of undefined constant php - assumed 'php' C:\www\whugu\app\Runtime\Cache\Home\2bc71d220ff77e6b12bf354b9e8a67ea.php 第 449 行.
NOTIC: [8] Use of undefined constant php - assumed 'php' C:\www\whugu\app\Runtime\Cache\Home\2bc71d220ff77e6b12bf354b9e8a67ea.php 第 449 行.
NOTIC: [8] Use of undefined constant php - assumed 'php' C:\www\whugu\app\Runtime\Cache\Home\2bc71d220ff77e6b12bf354b9e8a67ea.php 第 449 行.
NOTIC: [8] Use of undefined constant php - assumed 'php' C:\www\whugu\app\Runtime\Cache\Home\2bc71d220ff77e6b12bf354b9e8a67ea.php 第 449 行.
INFO: Run Behavior\ParseTemplateBehavior [ RunTime:0.027001s ]
INFO: [ view_parse ] --END-- [ RunTime:0.028001s ]
INFO: [ view_filter ] --START--
INFO: Run Behavior\WriteHtmlCacheBehavior [ RunTime:0.001001s ]
INFO: [ view_filter ] --END-- [ RunTime:0.001001s ]
INFO: [ app_end ] --START--
INFO: Run Behavior\ShowPageTraceBehavior [ RunTime:0.002000s ]
INFO: [ app_end ] --END-- [ RunTime:0.004000s ]

[ 2015-08-28T11:13:39+08:00 ] ::1 /whugu/Home/Index/index/var/1
INFO: [ app_init ] --START--
INFO: Run Behavior\BuildLiteBehavior [ RunTime:0.000000s ]
INFO: [ app_init ] --END-- [ RunTime:0.002000s ]
INFO: [ app_begin ] --START--
INFO: Run Behavior\ReadHtmlCacheBehavior [ RunTime:0.001000s ]
INFO: [ app_begin ] --END-- [ RunTime:0.002000s ]
INFO: [ view_parse ] --START--
INFO: [ template_filter ] --START--
INFO: Run Behavior\ContentReplaceBehavior [ RunTime:0.000000s ]
INFO: [ template_filter ] --END-- [ RunTime:0.002000s ]
NOTIC: [8] Use of undefined constant php - assumed 'php' C:\www\whugu\app\Runtime\Cache\Home\2bc71d220ff77e6b12bf354b9e8a67ea.php 第 449 行.
NOTIC: [8] Use of undefined constant php - assumed 'php' C:\www\whugu\app\Runtime\Cache\Home\2bc71d220ff77e6b12bf354b9e8a67ea.php 第 449 行.
NOTIC: [8] Use of undefined constant php - assumed 'php' C:\www\whugu\app\Runtime\Cache\Home\2bc71d220ff77e6b12bf354b9e8a67ea.php 第 449 行.
NOTIC: [8] Use of undefined constant php - assumed 'php' C:\www\whugu\app\Runtime\Cache\Home\2bc71d220ff77e6b12bf354b9e8a67ea.php 第 449 行.
NOTIC: [8] Use of undefined constant php - assumed 'php' C:\www\whugu\app\Runtime\Cache\Home\2bc71d220ff77e6b12bf354b9e8a67ea.php 第 449 行.
NOTIC: [8] Use of undefined constant php - assumed 'php' C:\www\whugu\app\Runtime\Cache\Home\2bc71d220ff77e6b12bf354b9e8a67ea.php 第 449 行.
NOTIC: [8] Use of undefined constant php - assumed 'php' C:\www\whugu\app\Runtime\Cache\Home\2bc71d220ff77e6b12bf354b9e8a67ea.php 第 449 行.
NOTIC: [8] Use of undefined constant php - assumed 'php' C:\www\whugu\app\Runtime\Cache\Home\2bc71d220ff77e6b12bf354b9e8a67ea.php 第 449 行.
NOTIC: [8] Use of undefined constant php - assumed 'php' C:\www\whugu\app\Runtime\Cache\Home\2bc71d220ff77e6b12bf354b9e8a67ea.php 第 449 行.
NOTIC: [8] Use of undefined constant php - assumed 'php' C:\www\whugu\app\Runtime\Cache\Home\2bc71d220ff77e6b12bf354b9e8a67ea.php 第 449 行.
NOTIC: [8] Use of undefined constant php - assumed 'php' C:\www\whugu\app\Runtime\Cache\Home\2bc71d220ff77e6b12bf354b9e8a67ea.php 第 449 行.
NOTIC: [8] Use of undefined constant php - assumed 'php' C:\www\whugu\app\Runtime\Cache\Home\2bc71d220ff77e6b12bf354b9e8a67ea.php 第 449 行.
NOTIC: [8] Use of undefined constant php - assumed 'php' C:\www\whugu\app\Runtime\Cache\Home\2bc71d220ff77e6b12bf354b9e8a67ea.php 第 449 行.
NOTIC: [8] Use of undefined constant php - assumed 'php' C:\www\whugu\app\Runtime\Cache\Home\2bc71d220ff77e6b12bf354b9e8a67ea.php 第 449 行.
NOTIC: [8] Use of undefined constant php - assumed 'php' C:\www\whugu\app\Runtime\Cache\Home\2bc71d220ff77e6b12bf354b9e8a67ea.php 第 449 行.
INFO: Run Behavior\ParseTemplateBehavior [ RunTime:0.025002s ]
INFO: [ view_parse ] --END-- [ RunTime:0.026002s ]
INFO: [ view_filter ] --START--
INFO: Run Behavior\WriteHtmlCacheBehavior [ RunTime:0.000000s ]
INFO: [ view_filter ] --END-- [ RunTime:0.002000s ]
INFO: [ app_end ] --START--
INFO: Run Behavior\ShowPageTraceBehavior [ RunTime:0.001000s ]
INFO: [ app_end ] --END-- [ RunTime:0.002000s ]

[ 2015-08-28T11:13:43+08:00 ] ::1 /whugu/Home/index/index/var/1
INFO: [ app_init ] --START--
INFO: Run Behavior\BuildLiteBehavior [ RunTime:0.001001s ]
INFO: [ app_init ] --END-- [ RunTime:0.002001s ]
INFO: [ app_begin ] --START--
INFO: Run Behavior\ReadHtmlCacheBehavior [ RunTime:0.001000s ]
INFO: [ app_begin ] --END-- [ RunTime:0.002000s ]
INFO: [ view_parse ] --START--
INFO: [ template_filter ] --START--
INFO: Run Behavior\ContentReplaceBehavior [ RunTime:0.001000s ]
INFO: [ template_filter ] --END-- [ RunTime:0.002001s ]
NOTIC: [8] Use of undefined constant php - assumed 'php' C:\www\whugu\app\Runtime\Cache\Home\2bc71d220ff77e6b12bf354b9e8a67ea.php 第 449 行.
NOTIC: [8] Use of undefined constant php - assumed 'php' C:\www\whugu\app\Runtime\Cache\Home\2bc71d220ff77e6b12bf354b9e8a67ea.php 第 449 行.
NOTIC: [8] Use of undefined constant php - assumed 'php' C:\www\whugu\app\Runtime\Cache\Home\2bc71d220ff77e6b12bf354b9e8a67ea.php 第 449 行.
NOTIC: [8] Use of undefined constant php - assumed 'php' C:\www\whugu\app\Runtime\Cache\Home\2bc71d220ff77e6b12bf354b9e8a67ea.php 第 449 行.
NOTIC: [8] Use of undefined constant php - assumed 'php' C:\www\whugu\app\Runtime\Cache\Home\2bc71d220ff77e6b12bf354b9e8a67ea.php 第 449 行.
NOTIC: [8] Use of undefined constant php - assumed 'php' C:\www\whugu\app\Runtime\Cache\Home\2bc71d220ff77e6b12bf354b9e8a67ea.php 第 449 行.
NOTIC: [8] Use of undefined constant php - assumed 'php' C:\www\whugu\app\Runtime\Cache\Home\2bc71d220ff77e6b12bf354b9e8a67ea.php 第 449 行.
NOTIC: [8] Use of undefined constant php - assumed 'php' C:\www\whugu\app\Runtime\Cache\Home\2bc71d220ff77e6b12bf354b9e8a67ea.php 第 449 行.
NOTIC: [8] Use of undefined constant php - assumed 'php' C:\www\whugu\app\Runtime\Cache\Home\2bc71d220ff77e6b12bf354b9e8a67ea.php 第 449 行.
NOTIC: [8] Use of undefined constant php - assumed 'php' C:\www\whugu\app\Runtime\Cache\Home\2bc71d220ff77e6b12bf354b9e8a67ea.php 第 449 行.
NOTIC: [8] Use of undefined constant php - assumed 'php' C:\www\whugu\app\Runtime\Cache\Home\2bc71d220ff77e6b12bf354b9e8a67ea.php 第 449 行.
NOTIC: [8] Use of undefined constant php - assumed 'php' C:\www\whugu\app\Runtime\Cache\Home\2bc71d220ff77e6b12bf354b9e8a67ea.php 第 449 行.
NOTIC: [8] Use of undefined constant php - assumed 'php' C:\www\whugu\app\Runtime\Cache\Home\2bc71d220ff77e6b12bf354b9e8a67ea.php 第 449 行.
NOTIC: [8] Use of undefined constant php - assumed 'php' C:\www\whugu\app\Runtime\Cache\Home\2bc71d220ff77e6b12bf354b9e8a67ea.php 第 449 行.
NOTIC: [8] Use of undefined constant php - assumed 'php' C:\www\whugu\app\Runtime\Cache\Home\2bc71d220ff77e6b12bf354b9e8a67ea.php 第 449 行.
INFO: Run Behavior\ParseTemplateBehavior [ RunTime:0.031001s ]
INFO: [ view_parse ] --END-- [ RunTime:0.032002s ]
INFO: [ view_filter ] --START--
INFO: Run Behavior\WriteHtmlCacheBehavior [ RunTime:0.001000s ]
INFO: [ view_filter ] --END-- [ RunTime:0.001000s ]
INFO: [ app_end ] --START--
INFO: Run Behavior\ShowPageTraceBehavior [ RunTime:0.001000s ]
INFO: [ app_end ] --END-- [ RunTime:0.003000s ]

[ 2015-08-28T11:13:48+08:00 ] ::1 /whugu/Home/index/index/var/1
INFO: [ app_init ] --START--
INFO: Run Behavior\BuildLiteBehavior [ RunTime:0.000000s ]
INFO: [ app_init ] --END-- [ RunTime:0.001000s ]
INFO: [ app_begin ] --START--
INFO: Run Behavior\ReadHtmlCacheBehavior [ RunTime:0.001000s ]
INFO: [ app_begin ] --END-- [ RunTime:0.001000s ]
INFO: [ view_parse ] --START--
INFO: [ template_filter ] --START--
INFO: Run Behavior\ContentReplaceBehavior [ RunTime:0.001000s ]
INFO: [ template_filter ] --END-- [ RunTime:0.001000s ]
NOTIC: [8] Use of undefined constant php - assumed 'php' C:\www\whugu\app\Runtime\Cache\Home\2bc71d220ff77e6b12bf354b9e8a67ea.php 第 449 行.
NOTIC: [8] Use of undefined constant php - assumed 'php' C:\www\whugu\app\Runtime\Cache\Home\2bc71d220ff77e6b12bf354b9e8a67ea.php 第 449 行.
NOTIC: [8] Use of undefined constant php - assumed 'php' C:\www\whugu\app\Runtime\Cache\Home\2bc71d220ff77e6b12bf354b9e8a67ea.php 第 449 行.
NOTIC: [8] Use of undefined constant php - assumed 'php' C:\www\whugu\app\Runtime\Cache\Home\2bc71d220ff77e6b12bf354b9e8a67ea.php 第 449 行.
NOTIC: [8] Use of undefined constant php - assumed 'php' C:\www\whugu\app\Runtime\Cache\Home\2bc71d220ff77e6b12bf354b9e8a67ea.php 第 449 行.
NOTIC: [8] Use of undefined constant php - assumed 'php' C:\www\whugu\app\Runtime\Cache\Home\2bc71d220ff77e6b12bf354b9e8a67ea.php 第 449 行.
NOTIC: [8] Use of undefined constant php - assumed 'php' C:\www\whugu\app\Runtime\Cache\Home\2bc71d220ff77e6b12bf354b9e8a67ea.php 第 449 行.
NOTIC: [8] Use of undefined constant php - assumed 'php' C:\www\whugu\app\Runtime\Cache\Home\2bc71d220ff77e6b12bf354b9e8a67ea.php 第 449 行.
NOTIC: [8] Use of undefined constant php - assumed 'php' C:\www\whugu\app\Runtime\Cache\Home\2bc71d220ff77e6b12bf354b9e8a67ea.php 第 449 行.
NOTIC: [8] Use of undefined constant php - assumed 'php' C:\www\whugu\app\Runtime\Cache\Home\2bc71d220ff77e6b12bf354b9e8a67ea.php 第 449 行.
NOTIC: [8] Use of undefined constant php - assumed 'php' C:\www\whugu\app\Runtime\Cache\Home\2bc71d220ff77e6b12bf354b9e8a67ea.php 第 449 行.
NOTIC: [8] Use of undefined constant php - assumed 'php' C:\www\whugu\app\Runtime\Cache\Home\2bc71d220ff77e6b12bf354b9e8a67ea.php 第 449 行.
NOTIC: [8] Use of undefined constant php - assumed 'php' C:\www\whugu\app\Runtime\Cache\Home\2bc71d220ff77e6b12bf354b9e8a67ea.php 第 449 行.
NOTIC: [8] Use of undefined constant php - assumed 'php' C:\www\whugu\app\Runtime\Cache\Home\2bc71d220ff77e6b12bf354b9e8a67ea.php 第 449 行.
NOTIC: [8] Use of undefined constant php - assumed 'php' C:\www\whugu\app\Runtime\Cache\Home\2bc71d220ff77e6b12bf354b9e8a67ea.php 第 449 行.
INFO: Run Behavior\ParseTemplateBehavior [ RunTime:0.025001s ]
INFO: [ view_parse ] --END-- [ RunTime:0.027002s ]
INFO: [ view_filter ] --START--
INFO: Run Behavior\WriteHtmlCacheBehavior [ RunTime:0.001000s ]
INFO: [ view_filter ] --END-- [ RunTime:0.002000s ]
INFO: [ app_end ] --START--
INFO: Run Behavior\ShowPageTraceBehavior [ RunTime:0.002000s ]
INFO: [ app_end ] --END-- [ RunTime:0.002000s ]

[ 2015-08-28T11:13:50+08:00 ] ::1 /whugu/Home/Index/index/var/1
INFO: [ app_init ] --START--
INFO: Run Behavior\BuildLiteBehavior [ RunTime:0.001000s ]
INFO: [ app_init ] --END-- [ RunTime:0.002000s ]
INFO: [ app_begin ] --START--
INFO: Run Behavior\ReadHtmlCacheBehavior [ RunTime:0.001000s ]
INFO: [ app_begin ] --END-- [ RunTime:0.001000s ]
INFO: [ view_parse ] --START--
INFO: [ template_filter ] --START--
INFO: Run Behavior\ContentReplaceBehavior [ RunTime:0.000000s ]
INFO: [ template_filter ] --END-- [ RunTime:0.001000s ]
NOTIC: [8] Use of undefined constant php - assumed 'php' C:\www\whugu\app\Runtime\Cache\Home\2bc71d220ff77e6b12bf354b9e8a67ea.php 第 449 行.
NOTIC: [8] Use of undefined constant php - assumed 'php' C:\www\whugu\app\Runtime\Cache\Home\2bc71d220ff77e6b12bf354b9e8a67ea.php 第 449 行.
NOTIC: [8] Use of undefined constant php - assumed 'php' C:\www\whugu\app\Runtime\Cache\Home\2bc71d220ff77e6b12bf354b9e8a67ea.php 第 449 行.
NOTIC: [8] Use of undefined constant php - assumed 'php' C:\www\whugu\app\Runtime\Cache\Home\2bc71d220ff77e6b12bf354b9e8a67ea.php 第 449 行.
NOTIC: [8] Use of undefined constant php - assumed 'php' C:\www\whugu\app\Runtime\Cache\Home\2bc71d220ff77e6b12bf354b9e8a67ea.php 第 449 行.
NOTIC: [8] Use of undefined constant php - assumed 'php' C:\www\whugu\app\Runtime\Cache\Home\2bc71d220ff77e6b12bf354b9e8a67ea.php 第 449 行.
NOTIC: [8] Use of undefined constant php - assumed 'php' C:\www\whugu\app\Runtime\Cache\Home\2bc71d220ff77e6b12bf354b9e8a67ea.php 第 449 行.
NOTIC: [8] Use of undefined constant php - assumed 'php' C:\www\whugu\app\Runtime\Cache\Home\2bc71d220ff77e6b12bf354b9e8a67ea.php 第 449 行.
NOTIC: [8] Use of undefined constant php - assumed 'php' C:\www\whugu\app\Runtime\Cache\Home\2bc71d220ff77e6b12bf354b9e8a67ea.php 第 449 行.
NOTIC: [8] Use of undefined constant php - assumed 'php' C:\www\whugu\app\Runtime\Cache\Home\2bc71d220ff77e6b12bf354b9e8a67ea.php 第 449 行.
NOTIC: [8] Use of undefined constant php - assumed 'php' C:\www\whugu\app\Runtime\Cache\Home\2bc71d220ff77e6b12bf354b9e8a67ea.php 第 449 行.
NOTIC: [8] Use of undefined constant php - assumed 'php' C:\www\whugu\app\Runtime\Cache\Home\2bc71d220ff77e6b12bf354b9e8a67ea.php 第 449 行.
NOTIC: [8] Use of undefined constant php - assumed 'php' C:\www\whugu\app\Runtime\Cache\Home\2bc71d220ff77e6b12bf354b9e8a67ea.php 第 449 行.
NOTIC: [8] Use of undefined constant php - assumed 'php' C:\www\whugu\app\Runtime\Cache\Home\2bc71d220ff77e6b12bf354b9e8a67ea.php 第 449 行.
NOTIC: [8] Use of undefined constant php - assumed 'php' C:\www\whugu\app\Runtime\Cache\Home\2bc71d220ff77e6b12bf354b9e8a67ea.php 第 449 行.
INFO: Run Behavior\ParseTemplateBehavior [ RunTime:0.026001s ]
INFO: [ view_parse ] --END-- [ RunTime:0.026001s ]
INFO: [ view_filter ] --START--
INFO: Run Behavior\WriteHtmlCacheBehavior [ RunTime:0.001000s ]
INFO: [ view_filter ] --END-- [ RunTime:0.001000s ]
INFO: [ app_end ] --START--
INFO: Run Behavior\ShowPageTraceBehavior [ RunTime:0.001000s ]
INFO: [ app_end ] --END-- [ RunTime:0.002000s ]

