[ 2015-09-04T16:24:12+08:00 ] ::1 /whugu/?XDEBUG_SESSION_START=13337
INFO: [ app_init ] --START--
INFO: Run Behavior\BuildLiteBehavior [ RunTime:0.001000s ]
INFO: [ app_init ] --END-- [ RunTime:0.005001s ]
INFO: [ app_begin ] --START--
INFO: Run Behavior\ReadHtmlCacheBehavior [ RunTime:0.002000s ]
INFO: [ app_begin ] --END-- [ RunTime:0.004000s ]
INFO: [ view_parse ] --START--
INFO: [ template_filter ] --START--
INFO: Run Behavior\ContentReplaceBehavior [ RunTime:0.001000s ]
INFO: [ template_filter ] --END-- [ RunTime:0.002000s ]
NOTIC: [8] Use of undefined constant php - assumed 'php' C:\www\whugu\app\Runtime\Cache\Home\2bc71d220ff77e6b12bf354b9e8a67ea.php 第 449 行.
NOTIC: [8] Use of undefined constant php - assumed 'php' C:\www\whugu\app\Runtime\Cache\Home\2bc71d220ff77e6b12bf354b9e8a67ea.php 第 449 行.
NOTIC: [8] Use of undefined constant php - assumed 'php' C:\www\whugu\app\Runtime\Cache\Home\2bc71d220ff77e6b12bf354b9e8a67ea.php 第 449 行.
NOTIC: [8] Use of undefined constant php - assumed 'php' C:\www\whugu\app\Runtime\Cache\Home\2bc71d220ff77e6b12bf354b9e8a67ea.php 第 449 行.
NOTIC: [8] Use of undefined constant php - assumed 'php' C:\www\whugu\app\Runtime\Cache\Home\2bc71d220ff77e6b12bf354b9e8a67ea.php 第 449 行.
NOTIC: [8] Use of undefined constant php - assumed 'php' C:\www\whugu\app\Runtime\Cache\Home\2bc71d220ff77e6b12bf354b9e8a67ea.php 第 449 行.
NOTIC: [8] Use of undefined constant php - assumed 'php' C:\www\whugu\app\Runtime\Cache\Home\2bc71d220ff77e6b12bf354b9e8a67ea.php 第 449 行.
NOTIC: [8] Use of undefined constant php - assumed 'php' C:\www\whugu\app\Runtime\Cache\Home\2bc71d220ff77e6b12bf354b9e8a67ea.php 第 449 行.
NOTIC: [8] Use of undefined constant php - assumed 'php' C:\www\whugu\app\Runtime\Cache\Home\2bc71d220ff77e6b12bf354b9e8a67ea.php 第 449 行.
NOTIC: [8] Use of undefined constant php - assumed 'php' C:\www\whugu\app\Runtime\Cache\Home\2bc71d220ff77e6b12bf354b9e8a67ea.php 第 449 行.
NOTIC: [8] Use of undefined constant php - assumed 'php' C:\www\whugu\app\Runtime\Cache\Home\2bc71d220ff77e6b12bf354b9e8a67ea.php 第 449 行.
NOTIC: [8] Use of undefined constant php - assumed 'php' C:\www\whugu\app\Runtime\Cache\Home\2bc71d220ff77e6b12bf354b9e8a67ea.php 第 449 行.
NOTIC: [8] Use of undefined constant php - assumed 'php' C:\www\whugu\app\Runtime\Cache\Home\2bc71d220ff77e6b12bf354b9e8a67ea.php 第 449 行.
NOTIC: [8] Use of undefined constant php - assumed 'php' C:\www\whugu\app\Runtime\Cache\Home\2bc71d220ff77e6b12bf354b9e8a67ea.php 第 449 行.
NOTIC: [8] Use of undefined constant php - assumed 'php' C:\www\whugu\app\Runtime\Cache\Home\2bc71d220ff77e6b12bf354b9e8a67ea.php 第 449 行.
INFO: Run Behavior\ParseTemplateBehavior [ RunTime:0.048003s ]
INFO: [ view_parse ] --END-- [ RunTime:0.050003s ]
INFO: [ view_filter ] --START--
INFO: Run Behavior\WriteHtmlCacheBehavior [ RunTime:0.002000s ]
INFO: [ view_filter ] --END-- [ RunTime:0.003000s ]
INFO: [ app_end ] --START--
INFO: Run Behavior\ShowPageTraceBehavior [ RunTime:0.002001s ]
INFO: [ app_end ] --END-- [ RunTime:0.005001s ]

[ 2015-09-04T16:24:22+08:00 ] ::1 /whugu/?XDEBUG_SESSION_START=13299
INFO: [ app_init ] --START--
INFO: Run Behavior\BuildLiteBehavior [ RunTime:0.000000s ]
INFO: [ app_init ] --END-- [ RunTime:0.002000s ]
INFO: [ app_begin ] --START--
INFO: Run Behavior\ReadHtmlCacheBehavior [ RunTime:0.002000s ]
INFO: [ app_begin ] --END-- [ RunTime:0.004000s ]
INFO: [ view_parse ] --START--
INFO: [ template_filter ] --START--
INFO: Run Behavior\ContentReplaceBehavior [ RunTime:0.001000s ]
INFO: [ template_filter ] --END-- [ RunTime:0.002000s ]
NOTIC: [8] Use of undefined constant php - assumed 'php' C:\www\whugu\app\Runtime\Cache\Home\2bc71d220ff77e6b12bf354b9e8a67ea.php 第 449 行.
NOTIC: [8] Use of undefined constant php - assumed 'php' C:\www\whugu\app\Runtime\Cache\Home\2bc71d220ff77e6b12bf354b9e8a67ea.php 第 449 行.
NOTIC: [8] Use of undefined constant php - assumed 'php' C:\www\whugu\app\Runtime\Cache\Home\2bc71d220ff77e6b12bf354b9e8a67ea.php 第 449 行.
NOTIC: [8] Use of undefined constant php - assumed 'php' C:\www\whugu\app\Runtime\Cache\Home\2bc71d220ff77e6b12bf354b9e8a67ea.php 第 449 行.
NOTIC: [8] Use of undefined constant php - assumed 'php' C:\www\whugu\app\Runtime\Cache\Home\2bc71d220ff77e6b12bf354b9e8a67ea.php 第 449 行.
NOTIC: [8] Use of undefined constant php - assumed 'php' C:\www\whugu\app\Runtime\Cache\Home\2bc71d220ff77e6b12bf354b9e8a67ea.php 第 449 行.
NOTIC: [8] Use of undefined constant php - assumed 'php' C:\www\whugu\app\Runtime\Cache\Home\2bc71d220ff77e6b12bf354b9e8a67ea.php 第 449 行.
NOTIC: [8] Use of undefined constant php - assumed 'php' C:\www\whugu\app\Runtime\Cache\Home\2bc71d220ff77e6b12bf354b9e8a67ea.php 第 449 行.
NOTIC: [8] Use of undefined constant php - assumed 'php' C:\www\whugu\app\Runtime\Cache\Home\2bc71d220ff77e6b12bf354b9e8a67ea.php 第 449 行.
NOTIC: [8] Use of undefined constant php - assumed 'php' C:\www\whugu\app\Runtime\Cache\Home\2bc71d220ff77e6b12bf354b9e8a67ea.php 第 449 行.
NOTIC: [8] Use of undefined constant php - assumed 'php' C:\www\whugu\app\Runtime\Cache\Home\2bc71d220ff77e6b12bf354b9e8a67ea.php 第 449 行.
NOTIC: [8] Use of undefined constant php - assumed 'php' C:\www\whugu\app\Runtime\Cache\Home\2bc71d220ff77e6b12bf354b9e8a67ea.php 第 449 行.
NOTIC: [8] Use of undefined constant php - assumed 'php' C:\www\whugu\app\Runtime\Cache\Home\2bc71d220ff77e6b12bf354b9e8a67ea.php 第 449 行.
NOTIC: [8] Use of undefined constant php - assumed 'php' C:\www\whugu\app\Runtime\Cache\Home\2bc71d220ff77e6b12bf354b9e8a67ea.php 第 449 行.
NOTIC: [8] Use of undefined constant php - assumed 'php' C:\www\whugu\app\Runtime\Cache\Home\2bc71d220ff77e6b12bf354b9e8a67ea.php 第 449 行.
INFO: Run Behavior\ParseTemplateBehavior [ RunTime:0.034002s ]
INFO: [ view_parse ] --END-- [ RunTime:0.034002s ]
INFO: [ view_filter ] --START--
INFO: Run Behavior\WriteHtmlCacheBehavior [ RunTime:0.001000s ]
INFO: [ view_filter ] --END-- [ RunTime:0.003000s ]
INFO: [ app_end ] --START--
INFO: Run Behavior\ShowPageTraceBehavior [ RunTime:0.002000s ]
INFO: [ app_end ] --END-- [ RunTime:0.003000s ]

[ 2015-09-04T16:24:45+08:00 ] ::1 /whugu/?XDEBUG_SESSION_START=12948
INFO: [ app_init ] --START--
INFO: Run Behavior\BuildLiteBehavior [ RunTime:0.000000s ]
INFO: [ app_init ] --END-- [ RunTime:0.002000s ]
INFO: [ app_begin ] --START--
INFO: Run Behavior\ReadHtmlCacheBehavior [ RunTime:0.002000s ]
INFO: [ app_begin ] --END-- [ RunTime:0.002000s ]
INFO: [ view_parse ] --START--
INFO: [ template_filter ] --START--
INFO: Run Behavior\ContentReplaceBehavior [ RunTime:0.001000s ]
INFO: [ template_filter ] --END-- [ RunTime:0.002000s ]
NOTIC: [8] Use of undefined constant php - assumed 'php' C:\www\whugu\app\Runtime\Cache\Home\2bc71d220ff77e6b12bf354b9e8a67ea.php 第 449 行.
NOTIC: [8] Use of undefined constant php - assumed 'php' C:\www\whugu\app\Runtime\Cache\Home\2bc71d220ff77e6b12bf354b9e8a67ea.php 第 449 行.
NOTIC: [8] Use of undefined constant php - assumed 'php' C:\www\whugu\app\Runtime\Cache\Home\2bc71d220ff77e6b12bf354b9e8a67ea.php 第 449 行.
NOTIC: [8] Use of undefined constant php - assumed 'php' C:\www\whugu\app\Runtime\Cache\Home\2bc71d220ff77e6b12bf354b9e8a67ea.php 第 449 行.
NOTIC: [8] Use of undefined constant php - assumed 'php' C:\www\whugu\app\Runtime\Cache\Home\2bc71d220ff77e6b12bf354b9e8a67ea.php 第 449 行.
NOTIC: [8] Use of undefined constant php - assumed 'php' C:\www\whugu\app\Runtime\Cache\Home\2bc71d220ff77e6b12bf354b9e8a67ea.php 第 449 行.
NOTIC: [8] Use of undefined constant php - assumed 'php' C:\www\whugu\app\Runtime\Cache\Home\2bc71d220ff77e6b12bf354b9e8a67ea.php 第 449 行.
NOTIC: [8] Use of undefined constant php - assumed 'php' C:\www\whugu\app\Runtime\Cache\Home\2bc71d220ff77e6b12bf354b9e8a67ea.php 第 449 行.
NOTIC: [8] Use of undefined constant php - assumed 'php' C:\www\whugu\app\Runtime\Cache\Home\2bc71d220ff77e6b12bf354b9e8a67ea.php 第 449 行.
NOTIC: [8] Use of undefined constant php - assumed 'php' C:\www\whugu\app\Runtime\Cache\Home\2bc71d220ff77e6b12bf354b9e8a67ea.php 第 449 行.
NOTIC: [8] Use of undefined constant php - assumed 'php' C:\www\whugu\app\Runtime\Cache\Home\2bc71d220ff77e6b12bf354b9e8a67ea.php 第 449 行.
NOTIC: [8] Use of undefined constant php - assumed 'php' C:\www\whugu\app\Runtime\Cache\Home\2bc71d220ff77e6b12bf354b9e8a67ea.php 第 449 行.
NOTIC: [8] Use of undefined constant php - assumed 'php' C:\www\whugu\app\Runtime\Cache\Home\2bc71d220ff77e6b12bf354b9e8a67ea.php 第 449 行.
NOTIC: [8] Use of undefined constant php - assumed 'php' C:\www\whugu\app\Runtime\Cache\Home\2bc71d220ff77e6b12bf354b9e8a67ea.php 第 449 行.
NOTIC: [8] Use of undefined constant php - assumed 'php' C:\www\whugu\app\Runtime\Cache\Home\2bc71d220ff77e6b12bf354b9e8a67ea.php 第 449 行.
INFO: Run Behavior\ParseTemplateBehavior [ RunTime:0.031002s ]
INFO: [ view_parse ] --END-- [ RunTime:0.033002s ]
INFO: [ view_filter ] --START--
INFO: Run Behavior\WriteHtmlCacheBehavior [ RunTime:0.001000s ]
INFO: [ view_filter ] --END-- [ RunTime:0.002000s ]
INFO: [ app_end ] --START--
INFO: Run Behavior\ShowPageTraceBehavior [ RunTime:0.002000s ]
INFO: [ app_end ] --END-- [ RunTime:0.003000s ]

[ 2015-09-04T16:25:05+08:00 ] ::1 /whugu/?XDEBUG_SESSION_START=11476
INFO: [ app_init ] --START--
INFO: Run Behavior\BuildLiteBehavior [ RunTime:0.001000s ]
INFO: [ app_init ] --END-- [ RunTime:0.002000s ]
INFO: [ app_begin ] --START--
INFO: Run Behavior\ReadHtmlCacheBehavior [ RunTime:0.001000s ]
INFO: [ app_begin ] --END-- [ RunTime:0.003000s ]
INFO: [ view_parse ] --START--
INFO: [ template_filter ] --START--
INFO: Run Behavior\ContentReplaceBehavior [ RunTime:0.001000s ]
INFO: [ template_filter ] --END-- [ RunTime:0.001000s ]
NOTIC: [8] Use of undefined constant php - assumed 'php' C:\www\whugu\app\Runtime\Cache\Home\2bc71d220ff77e6b12bf354b9e8a67ea.php 第 449 行.
NOTIC: [8] Use of undefined constant php - assumed 'php' C:\www\whugu\app\Runtime\Cache\Home\2bc71d220ff77e6b12bf354b9e8a67ea.php 第 449 行.
NOTIC: [8] Use of undefined constant php - assumed 'php' C:\www\whugu\app\Runtime\Cache\Home\2bc71d220ff77e6b12bf354b9e8a67ea.php 第 449 行.
NOTIC: [8] Use of undefined constant php - assumed 'php' C:\www\whugu\app\Runtime\Cache\Home\2bc71d220ff77e6b12bf354b9e8a67ea.php 第 449 行.
NOTIC: [8] Use of undefined constant php - assumed 'php' C:\www\whugu\app\Runtime\Cache\Home\2bc71d220ff77e6b12bf354b9e8a67ea.php 第 449 行.
NOTIC: [8] Use of undefined constant php - assumed 'php' C:\www\whugu\app\Runtime\Cache\Home\2bc71d220ff77e6b12bf354b9e8a67ea.php 第 449 行.
NOTIC: [8] Use of undefined constant php - assumed 'php' C:\www\whugu\app\Runtime\Cache\Home\2bc71d220ff77e6b12bf354b9e8a67ea.php 第 449 行.
NOTIC: [8] Use of undefined constant php - assumed 'php' C:\www\whugu\app\Runtime\Cache\Home\2bc71d220ff77e6b12bf354b9e8a67ea.php 第 449 行.
NOTIC: [8] Use of undefined constant php - assumed 'php' C:\www\whugu\app\Runtime\Cache\Home\2bc71d220ff77e6b12bf354b9e8a67ea.php 第 449 行.
NOTIC: [8] Use of undefined constant php - assumed 'php' C:\www\whugu\app\Runtime\Cache\Home\2bc71d220ff77e6b12bf354b9e8a67ea.php 第 449 行.
NOTIC: [8] Use of undefined constant php - assumed 'php' C:\www\whugu\app\Runtime\Cache\Home\2bc71d220ff77e6b12bf354b9e8a67ea.php 第 449 行.
NOTIC: [8] Use of undefined constant php - assumed 'php' C:\www\whugu\app\Runtime\Cache\Home\2bc71d220ff77e6b12bf354b9e8a67ea.php 第 449 行.
NOTIC: [8] Use of undefined constant php - assumed 'php' C:\www\whugu\app\Runtime\Cache\Home\2bc71d220ff77e6b12bf354b9e8a67ea.php 第 449 行.
NOTIC: [8] Use of undefined constant php - assumed 'php' C:\www\whugu\app\Runtime\Cache\Home\2bc71d220ff77e6b12bf354b9e8a67ea.php 第 449 行.
NOTIC: [8] Use of undefined constant php - assumed 'php' C:\www\whugu\app\Runtime\Cache\Home\2bc71d220ff77e6b12bf354b9e8a67ea.php 第 449 行.
INFO: Run Behavior\ParseTemplateBehavior [ RunTime:0.031002s ]
INFO: [ view_parse ] --END-- [ RunTime:0.032002s ]
INFO: [ view_filter ] --START--
INFO: Run Behavior\WriteHtmlCacheBehavior [ RunTime:0.001000s ]
INFO: [ view_filter ] --END-- [ RunTime:0.002000s ]
INFO: [ app_end ] --START--
INFO: Run Behavior\ShowPageTraceBehavior [ RunTime:0.003000s ]
INFO: [ app_end ] --END-- [ RunTime:0.005000s ]

[ 2015-09-04T16:25:30+08:00 ] ::1 /whugu/?XDEBUG_SESSION_START=15759
INFO: [ app_init ] --START--
INFO: Run Behavior\BuildLiteBehavior [ RunTime:0.000000s ]
INFO: [ app_init ] --END-- [ RunTime:0.003000s ]
INFO: [ app_begin ] --START--
INFO: Run Behavior\ReadHtmlCacheBehavior [ RunTime:0.001000s ]
INFO: [ app_begin ] --END-- [ RunTime:0.003000s ]
INFO: [ view_parse ] --START--
INFO: [ template_filter ] --START--
INFO: Run Behavior\ContentReplaceBehavior [ RunTime:0.000000s ]
INFO: [ template_filter ] --END-- [ RunTime:0.002000s ]
NOTIC: [8] Use of undefined constant php - assumed 'php' C:\www\whugu\app\Runtime\Cache\Home\2bc71d220ff77e6b12bf354b9e8a67ea.php 第 449 行.
NOTIC: [8] Use of undefined constant php - assumed 'php' C:\www\whugu\app\Runtime\Cache\Home\2bc71d220ff77e6b12bf354b9e8a67ea.php 第 449 行.
NOTIC: [8] Use of undefined constant php - assumed 'php' C:\www\whugu\app\Runtime\Cache\Home\2bc71d220ff77e6b12bf354b9e8a67ea.php 第 449 行.
NOTIC: [8] Use of undefined constant php - assumed 'php' C:\www\whugu\app\Runtime\Cache\Home\2bc71d220ff77e6b12bf354b9e8a67ea.php 第 449 行.
NOTIC: [8] Use of undefined constant php - assumed 'php' C:\www\whugu\app\Runtime\Cache\Home\2bc71d220ff77e6b12bf354b9e8a67ea.php 第 449 行.
NOTIC: [8] Use of undefined constant php - assumed 'php' C:\www\whugu\app\Runtime\Cache\Home\2bc71d220ff77e6b12bf354b9e8a67ea.php 第 449 行.
NOTIC: [8] Use of undefined constant php - assumed 'php' C:\www\whugu\app\Runtime\Cache\Home\2bc71d220ff77e6b12bf354b9e8a67ea.php 第 449 行.
NOTIC: [8] Use of undefined constant php - assumed 'php' C:\www\whugu\app\Runtime\Cache\Home\2bc71d220ff77e6b12bf354b9e8a67ea.php 第 449 行.
NOTIC: [8] Use of undefined constant php - assumed 'php' C:\www\whugu\app\Runtime\Cache\Home\2bc71d220ff77e6b12bf354b9e8a67ea.php 第 449 行.
NOTIC: [8] Use of undefined constant php - assumed 'php' C:\www\whugu\app\Runtime\Cache\Home\2bc71d220ff77e6b12bf354b9e8a67ea.php 第 449 行.
NOTIC: [8] Use of undefined constant php - assumed 'php' C:\www\whugu\app\Runtime\Cache\Home\2bc71d220ff77e6b12bf354b9e8a67ea.php 第 449 行.
NOTIC: [8] Use of undefined constant php - assumed 'php' C:\www\whugu\app\Runtime\Cache\Home\2bc71d220ff77e6b12bf354b9e8a67ea.php 第 449 行.
NOTIC: [8] Use of undefined constant php - assumed 'php' C:\www\whugu\app\Runtime\Cache\Home\2bc71d220ff77e6b12bf354b9e8a67ea.php 第 449 行.
NOTIC: [8] Use of undefined constant php - assumed 'php' C:\www\whugu\app\Runtime\Cache\Home\2bc71d220ff77e6b12bf354b9e8a67ea.php 第 449 行.
NOTIC: [8] Use of undefined constant php - assumed 'php' C:\www\whugu\app\Runtime\Cache\Home\2bc71d220ff77e6b12bf354b9e8a67ea.php 第 449 行.
INFO: Run Behavior\ParseTemplateBehavior [ RunTime:0.030002s ]
INFO: [ view_parse ] --END-- [ RunTime:0.032002s ]
INFO: [ view_filter ] --START--
INFO: Run Behavior\WriteHtmlCacheBehavior [ RunTime:0.001000s ]
INFO: [ view_filter ] --END-- [ RunTime:0.002000s ]
INFO: [ app_end ] --START--
INFO: Run Behavior\ShowPageTraceBehavior [ RunTime:0.002000s ]
INFO: [ app_end ] --END-- [ RunTime:0.004000s ]

[ 2015-09-04T16:25:40+08:00 ] ::1 /whugu/?XDEBUG_SESSION_START=12039
INFO: [ app_init ] --START--
INFO: Run Behavior\BuildLiteBehavior [ RunTime:0.000000s ]
INFO: [ app_init ] --END-- [ RunTime:0.003001s ]
INFO: [ app_begin ] --START--
INFO: Run Behavior\ReadHtmlCacheBehavior [ RunTime:0.001000s ]
INFO: [ app_begin ] --END-- [ RunTime:0.003000s ]
INFO: [ view_parse ] --START--
INFO: [ template_filter ] --START--
INFO: Run Behavior\ContentReplaceBehavior [ RunTime:0.001000s ]
INFO: [ template_filter ] --END-- [ RunTime:0.003001s ]
NOTIC: [8] Use of undefined constant php - assumed 'php' C:\www\whugu\app\Runtime\Cache\Home\2bc71d220ff77e6b12bf354b9e8a67ea.php 第 449 行.
NOTIC: [8] Use of undefined constant php - assumed 'php' C:\www\whugu\app\Runtime\Cache\Home\2bc71d220ff77e6b12bf354b9e8a67ea.php 第 449 行.
NOTIC: [8] Use of undefined constant php - assumed 'php' C:\www\whugu\app\Runtime\Cache\Home\2bc71d220ff77e6b12bf354b9e8a67ea.php 第 449 行.
NOTIC: [8] Use of undefined constant php - assumed 'php' C:\www\whugu\app\Runtime\Cache\Home\2bc71d220ff77e6b12bf354b9e8a67ea.php 第 449 行.
NOTIC: [8] Use of undefined constant php - assumed 'php' C:\www\whugu\app\Runtime\Cache\Home\2bc71d220ff77e6b12bf354b9e8a67ea.php 第 449 行.
NOTIC: [8] Use of undefined constant php - assumed 'php' C:\www\whugu\app\Runtime\Cache\Home\2bc71d220ff77e6b12bf354b9e8a67ea.php 第 449 行.
NOTIC: [8] Use of undefined constant php - assumed 'php' C:\www\whugu\app\Runtime\Cache\Home\2bc71d220ff77e6b12bf354b9e8a67ea.php 第 449 行.
NOTIC: [8] Use of undefined constant php - assumed 'php' C:\www\whugu\app\Runtime\Cache\Home\2bc71d220ff77e6b12bf354b9e8a67ea.php 第 449 行.
NOTIC: [8] Use of undefined constant php - assumed 'php' C:\www\whugu\app\Runtime\Cache\Home\2bc71d220ff77e6b12bf354b9e8a67ea.php 第 449 行.
NOTIC: [8] Use of undefined constant php - assumed 'php' C:\www\whugu\app\Runtime\Cache\Home\2bc71d220ff77e6b12bf354b9e8a67ea.php 第 449 行.
NOTIC: [8] Use of undefined constant php - assumed 'php' C:\www\whugu\app\Runtime\Cache\Home\2bc71d220ff77e6b12bf354b9e8a67ea.php 第 449 行.
NOTIC: [8] Use of undefined constant php - assumed 'php' C:\www\whugu\app\Runtime\Cache\Home\2bc71d220ff77e6b12bf354b9e8a67ea.php 第 449 行.
NOTIC: [8] Use of undefined constant php - assumed 'php' C:\www\whugu\app\Runtime\Cache\Home\2bc71d220ff77e6b12bf354b9e8a67ea.php 第 449 行.
NOTIC: [8] Use of undefined constant php - assumed 'php' C:\www\whugu\app\Runtime\Cache\Home\2bc71d220ff77e6b12bf354b9e8a67ea.php 第 449 行.
NOTIC: [8] Use of undefined constant php - assumed 'php' C:\www\whugu\app\Runtime\Cache\Home\2bc71d220ff77e6b12bf354b9e8a67ea.php 第 449 行.
INFO: Run Behavior\ParseTemplateBehavior [ RunTime:0.033001s ]
INFO: [ view_parse ] --END-- [ RunTime:0.035002s ]
INFO: [ view_filter ] --START--
INFO: Run Behavior\WriteHtmlCacheBehavior [ RunTime:0.001000s ]
INFO: [ view_filter ] --END-- [ RunTime:0.003001s ]
INFO: [ app_end ] --START--
INFO: Run Behavior\ShowPageTraceBehavior [ RunTime:0.002000s ]
INFO: [ app_end ] --END-- [ RunTime:0.003000s ]

[ 2015-09-04T16:26:08+08:00 ] ::1 /whugu/?XDEBUG_SESSION_START=16467
INFO: [ app_init ] --START--
INFO: Run Behavior\BuildLiteBehavior [ RunTime:0.001000s ]
INFO: [ app_init ] --END-- [ RunTime:0.002000s ]
INFO: [ app_begin ] --START--
INFO: Run Behavior\ReadHtmlCacheBehavior [ RunTime:0.002000s ]
INFO: [ app_begin ] --END-- [ RunTime:0.002000s ]
INFO: [ app_end ] --START--
INFO: Run Behavior\ShowPageTraceBehavior [ RunTime:0.001000s ]
INFO: [ app_end ] --END-- [ RunTime:0.003000s ]

[ 2015-09-04T16:27:11+08:00 ] ::1 /whugu/Home/Article/article
INFO: [ app_init ] --START--
INFO: Run Behavior\BuildLiteBehavior [ RunTime:0.000000s ]
INFO: [ app_init ] --END-- [ RunTime:0.002001s ]
INFO: [ app_begin ] --START--
INFO: Run Behavior\ReadHtmlCacheBehavior [ RunTime:0.001000s ]
INFO: [ app_begin ] --END-- [ RunTime:0.003000s ]
ERR: 参数错误或者未定义:id

[ 2015-09-04T16:28:19+08:00 ] ::1 /whugu/Home/Article/article/id/101
INFO: [ app_init ] --START--
INFO: Run Behavior\BuildLiteBehavior [ RunTime:0.000000s ]
INFO: [ app_init ] --END-- [ RunTime:0.002000s ]
INFO: [ app_begin ] --START--
INFO: Run Behavior\ReadHtmlCacheBehavior [ RunTime:0.001000s ]
INFO: [ app_begin ] --END-- [ RunTime:0.003000s ]
INFO: [ app_end ] --START--
INFO: Run Behavior\ShowPageTraceBehavior [ RunTime:0.001000s ]
INFO: [ app_end ] --END-- [ RunTime:0.003000s ]

[ 2015-09-04T16:28:34+08:00 ] ::1 /whugu/Home/Article/article/id/101
INFO: [ app_init ] --START--
INFO: Run Behavior\BuildLiteBehavior [ RunTime:0.000000s ]
INFO: [ app_init ] --END-- [ RunTime:0.002001s ]
INFO: [ app_begin ] --START--
INFO: Run Behavior\ReadHtmlCacheBehavior [ RunTime:0.001000s ]
INFO: [ app_begin ] --END-- [ RunTime:0.002000s ]

[ 2015-09-04T16:28:34+08:00 ] ::1 /whugu/Home/Article/article/id/103
INFO: [ app_init ] --START--
INFO: Run Behavior\BuildLiteBehavior [ RunTime:0.000000s ]
INFO: [ app_init ] --END-- [ RunTime:0.002000s ]
INFO: [ app_begin ] --START--
INFO: Run Behavior\ReadHtmlCacheBehavior [ RunTime:0.003000s ]
INFO: [ app_begin ] --END-- [ RunTime:0.004000s ]
INFO: [ app_end ] --START--
INFO: Run Behavior\ShowPageTraceBehavior [ RunTime:0.001001s ]
INFO: [ app_end ] --END-- [ RunTime:0.002001s ]

[ 2015-09-04T16:28:34+08:00 ] ::1 /whugu/Home/Article/article/id/102
INFO: [ app_init ] --START--
INFO: Run Behavior\BuildLiteBehavior [ RunTime:0.000000s ]
INFO: [ app_init ] --END-- [ RunTime:0.002000s ]
INFO: [ app_begin ] --START--
INFO: Run Behavior\ReadHtmlCacheBehavior [ RunTime:0.001000s ]
INFO: [ app_begin ] --END-- [ RunTime:0.002000s ]
INFO: [ app_end ] --START--
INFO: Run Behavior\ShowPageTraceBehavior [ RunTime:0.001000s ]
INFO: [ app_end ] --END-- [ RunTime:0.003000s ]

[ 2015-09-04T16:37:32+08:00 ] ::1 /whugu/Home/article/103
INFO: [ app_init ] --START--
INFO: Run Behavior\BuildLiteBehavior [ RunTime:0.001000s ]
INFO: [ app_init ] --END-- [ RunTime:0.002000s ]
INFO: [ app_begin ] --START--
INFO: Run Behavior\ReadHtmlCacheBehavior [ RunTime:0.001000s ]
INFO: [ app_begin ] --END-- [ RunTime:0.002000s ]
INFO: [ app_end ] --START--
INFO: Run Behavior\ShowPageTraceBehavior [ RunTime:0.002000s ]
INFO: [ app_end ] --END-- [ RunTime:0.002000s ]

[ 2015-09-04T16:37:40+08:00 ] ::1 /whugu/Home/article/104
INFO: [ app_init ] --START--
INFO: Run Behavior\BuildLiteBehavior [ RunTime:0.000000s ]
INFO: [ app_init ] --END-- [ RunTime:0.002000s ]
INFO: [ app_begin ] --START--
INFO: Run Behavior\ReadHtmlCacheBehavior [ RunTime:0.001001s ]
INFO: [ app_begin ] --END-- [ RunTime:0.002001s ]
INFO: [ app_end ] --START--
INFO: Run Behavior\ShowPageTraceBehavior [ RunTime:0.001000s ]
INFO: [ app_end ] --END-- [ RunTime:0.002000s ]

[ 2015-09-04T16:37:50+08:00 ] ::1 /whugu/Home/article/104.html
INFO: [ app_init ] --START--
INFO: Run Behavior\BuildLiteBehavior [ RunTime:0.000000s ]
INFO: [ app_init ] --END-- [ RunTime:0.002000s ]
INFO: [ app_begin ] --START--
INFO: Run Behavior\ReadHtmlCacheBehavior [ RunTime:0.001000s ]
INFO: [ app_begin ] --END-- [ RunTime:0.002000s ]
INFO: [ app_end ] --START--
INFO: Run Behavior\ShowPageTraceBehavior [ RunTime:0.001000s ]
INFO: [ app_end ] --END-- [ RunTime:0.001000s ]

[ 2015-09-04T16:37:52+08:00 ] ::1 /whugu/Home/article/104.html
INFO: [ app_init ] --START--
INFO: Run Behavior\BuildLiteBehavior [ RunTime:0.000000s ]
INFO: [ app_init ] --END-- [ RunTime:0.002001s ]
INFO: [ app_begin ] --START--
INFO: Run Behavior\ReadHtmlCacheBehavior [ RunTime:0.001000s ]
INFO: [ app_begin ] --END-- [ RunTime:0.002000s ]
INFO: [ app_end ] --START--
INFO: Run Behavior\ShowPageTraceBehavior [ RunTime:0.001000s ]
INFO: [ app_end ] --END-- [ RunTime:0.002000s ]

[ 2015-09-04T16:38:34+08:00 ] ::1 /whugu/Home/article/104.html
INFO: [ app_init ] --START--
INFO: Run Behavior\BuildLiteBehavior [ RunTime:0.000000s ]
INFO: [ app_init ] --END-- [ RunTime:0.002000s ]
INFO: [ app_begin ] --START--
INFO: Run Behavior\ReadHtmlCacheBehavior [ RunTime:0.003000s ]
INFO: [ app_begin ] --END-- [ RunTime:0.004000s ]
INFO: [ app_end ] --START--
INFO: Run Behavior\ShowPageTraceBehavior [ RunTime:0.002000s ]
INFO: [ app_end ] --END-- [ RunTime:0.003000s ]

[ 2015-09-04T16:38:35+08:00 ] ::1 /whugu/Home/article/104.html
INFO: [ app_init ] --START--
INFO: Run Behavior\BuildLiteBehavior [ RunTime:0.001000s ]
INFO: [ app_init ] --END-- [ RunTime:0.001000s ]
INFO: [ app_begin ] --START--
INFO: Run Behavior\ReadHtmlCacheBehavior [ RunTime:0.001000s ]
INFO: [ app_begin ] --END-- [ RunTime:0.001000s ]
INFO: [ app_end ] --START--
INFO: Run Behavior\ShowPageTraceBehavior [ RunTime:0.001000s ]
INFO: [ app_end ] --END-- [ RunTime:0.002000s ]

[ 2015-09-04T16:38:36+08:00 ] ::1 /whugu/Home/article/104.html
INFO: [ app_init ] --START--
INFO: Run Behavior\BuildLiteBehavior [ RunTime:0.000000s ]
INFO: [ app_init ] --END-- [ RunTime:0.002000s ]
INFO: [ app_begin ] --START--
INFO: Run Behavior\ReadHtmlCacheBehavior [ RunTime:0.001000s ]
INFO: [ app_begin ] --END-- [ RunTime:0.003000s ]
INFO: [ app_end ] --START--
INFO: Run Behavior\ShowPageTraceBehavior [ RunTime:0.001000s ]
INFO: [ app_end ] --END-- [ RunTime:0.002000s ]

[ 2015-09-04T16:39:24+08:00 ] ::1 /whugu/Home/article/104.html
INFO: [ app_init ] --START--
INFO: Run Behavior\BuildLiteBehavior [ RunTime:0.000000s ]
INFO: [ app_init ] --END-- [ RunTime:0.003000s ]
INFO: [ app_begin ] --START--
INFO: Run Behavior\ReadHtmlCacheBehavior [ RunTime:0.002000s ]
INFO: [ app_begin ] --END-- [ RunTime:0.002000s ]
INFO: [ app_end ] --START--
INFO: Run Behavior\ShowPageTraceBehavior [ RunTime:0.001000s ]
INFO: [ app_end ] --END-- [ RunTime:0.002000s ]

[ 2015-09-04T16:39:28+08:00 ] ::1 /whugu/Home/article/104
INFO: [ app_init ] --START--
INFO: Run Behavior\BuildLiteBehavior [ RunTime:0.000000s ]
INFO: [ app_init ] --END-- [ RunTime:0.002000s ]
INFO: [ app_begin ] --START--
INFO: Run Behavior\ReadHtmlCacheBehavior [ RunTime:0.002000s ]
INFO: [ app_begin ] --END-- [ RunTime:0.002000s ]
INFO: [ app_end ] --START--
INFO: Run Behavior\ShowPageTraceBehavior [ RunTime:0.002000s ]
INFO: [ app_end ] --END-- [ RunTime:0.002000s ]

[ 2015-09-04T16:39:34+08:00 ] ::1 /whugu/Home/article/105
INFO: [ app_init ] --START--
INFO: Run Behavior\BuildLiteBehavior [ RunTime:0.000000s ]
INFO: [ app_init ] --END-- [ RunTime:0.003000s ]
INFO: [ app_begin ] --START--
INFO: Run Behavior\ReadHtmlCacheBehavior [ RunTime:0.001000s ]
INFO: [ app_begin ] --END-- [ RunTime:0.002000s ]
INFO: [ app_end ] --START--
INFO: Run Behavior\ShowPageTraceBehavior [ RunTime:0.001000s ]
INFO: [ app_end ] --END-- [ RunTime:0.003000s ]

[ 2015-09-04T16:39:46+08:00 ] ::1 /whugu/Home/article/102.html
INFO: [ app_init ] --START--
INFO: Run Behavior\BuildLiteBehavior [ RunTime:0.000000s ]
INFO: [ app_init ] --END-- [ RunTime:0.002000s ]
INFO: [ app_begin ] --START--
INFO: Run Behavior\ReadHtmlCacheBehavior [ RunTime:0.001000s ]
INFO: [ app_begin ] --END-- [ RunTime:0.002000s ]
INFO: [ app_end ] --START--
INFO: Run Behavior\ShowPageTraceBehavior [ RunTime:0.002000s ]
INFO: [ app_end ] --END-- [ RunTime:0.002000s ]

[ 2015-09-04T16:42:26+08:00 ] ::1 /whugu/Home/article/102.html
INFO: [ app_init ] --START--
INFO: Run Behavior\BuildLiteBehavior [ RunTime:0.000000s ]
INFO: [ app_init ] --END-- [ RunTime:0.002000s ]
INFO: [ app_begin ] --START--
INFO: Run Behavior\ReadHtmlCacheBehavior [ RunTime:0.001000s ]
INFO: [ app_begin ] --END-- [ RunTime:0.002000s ]
INFO: [ app_end ] --START--
INFO: Run Behavior\ShowPageTraceBehavior [ RunTime:0.001000s ]
INFO: [ app_end ] --END-- [ RunTime:0.002000s ]

[ 2015-09-04T16:42:30+08:00 ] ::1 /whugu/Home/article/102.html
INFO: [ app_init ] --START--
INFO: Run Behavior\BuildLiteBehavior [ RunTime:0.000000s ]
INFO: [ app_init ] --END-- [ RunTime:0.002000s ]
INFO: [ app_begin ] --START--
INFO: Run Behavior\ReadHtmlCacheBehavior [ RunTime:0.001000s ]
INFO: [ app_begin ] --END-- [ RunTime:0.003000s ]
INFO: [ app_end ] --START--
INFO: Run Behavior\ShowPageTraceBehavior [ RunTime:0.001000s ]
INFO: [ app_end ] --END-- [ RunTime:0.001000s ]

[ 2015-09-04T16:43:01+08:00 ] ::1 /whugu/Home/category/102.html
INFO: [ app_init ] --START--
INFO: Run Behavior\BuildLiteBehavior [ RunTime:0.001001s ]
INFO: [ app_init ] --END-- [ RunTime:0.001001s ]
INFO: [ app_begin ] --START--
INFO: Run Behavior\ReadHtmlCacheBehavior [ RunTime:0.001000s ]
INFO: [ app_begin ] --END-- [ RunTime:0.003000s ]
INFO: [ app_end ] --START--
INFO: Run Behavior\ShowPageTraceBehavior [ RunTime:0.001000s ]
INFO: [ app_end ] --END-- [ RunTime:0.002000s ]

[ 2015-09-04T16:43:11+08:00 ] ::1 /whugu/Home/category/102.html
INFO: [ app_init ] --START--
INFO: Run Behavior\BuildLiteBehavior [ RunTime:0.001000s ]
INFO: [ app_init ] --END-- [ RunTime:0.003000s ]
INFO: [ app_begin ] --START--
INFO: Run Behavior\ReadHtmlCacheBehavior [ RunTime:0.001000s ]
INFO: [ app_begin ] --END-- [ RunTime:0.003000s ]
INFO: [ app_end ] --START--
INFO: Run Behavior\ShowPageTraceBehavior [ RunTime:0.002000s ]
INFO: [ app_end ] --END-- [ RunTime:0.003000s ]

[ 2015-09-04T16:43:15+08:00 ] ::1 /whugu/Home/category/102.ht
INFO: [ app_init ] --START--
INFO: Run Behavior\BuildLiteBehavior [ RunTime:0.000000s ]
INFO: [ app_init ] --END-- [ RunTime:0.002000s ]
INFO: [ app_begin ] --START--
INFO: Run Behavior\ReadHtmlCacheBehavior [ RunTime:0.001000s ]
INFO: [ app_begin ] --END-- [ RunTime:0.002000s ]
INFO: [ app_end ] --START--
INFO: Run Behavior\ShowPageTraceBehavior [ RunTime:0.001000s ]
INFO: [ app_end ] --END-- [ RunTime:0.001000s ]

[ 2015-09-04T16:43:21+08:00 ] ::1 /whugu/Home/category/102sss
INFO: [ app_init ] --START--
INFO: Run Behavior\BuildLiteBehavior [ RunTime:0.000000s ]
INFO: [ app_init ] --END-- [ RunTime:0.001000s ]
INFO: [ app_begin ] --START--
INFO: Run Behavior\ReadHtmlCacheBehavior [ RunTime:0.001000s ]
INFO: [ app_begin ] --END-- [ RunTime:0.002000s ]
INFO: [ app_end ] --START--
INFO: Run Behavior\ShowPageTraceBehavior [ RunTime:0.001000s ]
INFO: [ app_end ] --END-- [ RunTime:0.002000s ]

[ 2015-09-04T20:08:27+08:00 ] ::1 /whugu/?XDEBUG_SESSION_START=17601
INFO: [ app_init ] --START--
INFO: Run Behavior\BuildLiteBehavior [ RunTime:0.000000s ]
INFO: [ app_init ] --END-- [ RunTime:0.002000s ]
INFO: [ app_begin ] --START--
INFO: Run Behavior\ReadHtmlCacheBehavior [ RunTime:0.002000s ]
INFO: [ app_begin ] --END-- [ RunTime:0.002000s ]
NOTIC: [8] Use of undefined constant _EXT_ - assumed '_EXT_' C:\www\whugu\app\Home\Controller\IndexController.class.php 第 15 行.
INFO: [ app_end ] --START--
INFO: Run Behavior\ShowPageTraceBehavior [ RunTime:0.001000s ]
INFO: [ app_end ] --END-- [ RunTime:0.003000s ]

[ 2015-09-04T20:26:29+08:00 ] ::1 /whugu/?XDEBUG_SESSION_START=13698
INFO: [ app_init ] --START--
INFO: Run Behavior\BuildLiteBehavior [ RunTime:0.000000s ]
INFO: [ app_init ] --END-- [ RunTime:0.003000s ]
INFO: [ app_begin ] --START--
INFO: Run Behavior\ReadHtmlCacheBehavior [ RunTime:0.001001s ]
INFO: [ app_begin ] --END-- [ RunTime:0.003001s ]

[ 2015-09-04T20:26:29+08:00 ] ::1 /whugu/Home/category/102sss.png
INFO: [ app_init ] --START--
INFO: Run Behavior\BuildLiteBehavior [ RunTime:0.000000s ]
INFO: [ app_init ] --END-- [ RunTime:0.003000s ]
INFO: [ app_begin ] --START--
INFO: Run Behavior\ReadHtmlCacheBehavior [ RunTime:0.001000s ]
INFO: [ app_begin ] --END-- [ RunTime:0.003000s ]
INFO: [ app_end ] --START--
INFO: Run Behavior\ShowPageTraceBehavior [ RunTime:0.002000s ]
INFO: [ app_end ] --END-- [ RunTime:0.003000s ]

[ 2015-09-04T20:26:33+08:00 ] ::1 /whugu/Home/category/102sss.png
INFO: [ app_init ] --START--
INFO: Run Behavior\BuildLiteBehavior [ RunTime:0.001000s ]
INFO: [ app_init ] --END-- [ RunTime:0.002000s ]
INFO: [ app_begin ] --START--
INFO: Run Behavior\ReadHtmlCacheBehavior [ RunTime:0.001000s ]
INFO: [ app_begin ] --END-- [ RunTime:0.002000s ]
INFO: [ app_end ] --START--
INFO: Run Behavior\ShowPageTraceBehavior [ RunTime:0.000000s ]
INFO: [ app_end ] --END-- [ RunTime:0.002000s ]

[ 2015-09-04T20:26:37+08:00 ] ::1 /whugu/Home/category/102sss
INFO: [ app_init ] --START--
INFO: Run Behavior\BuildLiteBehavior [ RunTime:0.000000s ]
INFO: [ app_init ] --END-- [ RunTime:0.003000s ]
INFO: [ app_begin ] --START--
INFO: Run Behavior\ReadHtmlCacheBehavior [ RunTime:0.002000s ]
INFO: [ app_begin ] --END-- [ RunTime:0.004000s ]
INFO: [ app_end ] --START--
INFO: Run Behavior\ShowPageTraceBehavior [ RunTime:0.002001s ]
INFO: [ app_end ] --END-- [ RunTime:0.002001s ]

[ 2015-09-04T20:26:39+08:00 ] ::1 /whugu/Home/category/102.ht
INFO: [ app_init ] --START--
INFO: Run Behavior\BuildLiteBehavior [ RunTime:0.000000s ]
INFO: [ app_init ] --END-- [ RunTime:0.002000s ]
INFO: [ app_begin ] --START--
INFO: Run Behavior\ReadHtmlCacheBehavior [ RunTime:0.001000s ]
INFO: [ app_begin ] --END-- [ RunTime:0.002000s ]
INFO: [ app_end ] --START--
INFO: Run Behavior\ShowPageTraceBehavior [ RunTime:0.001000s ]
INFO: [ app_end ] --END-- [ RunTime:0.002000s ]

[ 2015-09-04T20:26:40+08:00 ] ::1 /whugu/Home/category/102.html
INFO: [ app_init ] --START--
INFO: Run Behavior\BuildLiteBehavior [ RunTime:0.000000s ]
INFO: [ app_init ] --END-- [ RunTime:0.002000s ]
INFO: [ app_begin ] --START--
INFO: Run Behavior\ReadHtmlCacheBehavior [ RunTime:0.001000s ]
INFO: [ app_begin ] --END-- [ RunTime:0.002000s ]
INFO: [ app_end ] --START--
INFO: Run Behavior\ShowPageTraceBehavior [ RunTime:0.001000s ]
INFO: [ app_end ] --END-- [ RunTime:0.002000s ]

[ 2015-09-04T20:26:41+08:00 ] ::1 /whugu/Home/article/102.html
INFO: [ app_init ] --START--
INFO: Run Behavior\BuildLiteBehavior [ RunTime:0.000000s ]
INFO: [ app_init ] --END-- [ RunTime:0.001000s ]
INFO: [ app_begin ] --START--
INFO: Run Behavior\ReadHtmlCacheBehavior [ RunTime:0.001000s ]
INFO: [ app_begin ] --END-- [ RunTime:0.003001s ]
INFO: [ app_end ] --START--
INFO: Run Behavior\ShowPageTraceBehavior [ RunTime:0.001000s ]
INFO: [ app_end ] --END-- [ RunTime:0.002000s ]

[ 2015-09-04T20:26:47+08:00 ] ::1 /whugu/Home/article/102.jpg
INFO: [ app_init ] --START--
INFO: Run Behavior\BuildLiteBehavior [ RunTime:0.000000s ]
INFO: [ app_init ] --END-- [ RunTime:0.001000s ]
INFO: [ app_begin ] --START--
INFO: Run Behavior\ReadHtmlCacheBehavior [ RunTime:0.001000s ]
INFO: [ app_begin ] --END-- [ RunTime:0.002000s ]
INFO: [ app_end ] --START--
INFO: Run Behavior\ShowPageTraceBehavior [ RunTime:0.001000s ]
INFO: [ app_end ] --END-- [ RunTime:0.002000s ]

[ 2015-09-04T20:27:53+08:00 ] ::1 /whugu/?XDEBUG_SESSION_START=12226
INFO: [ app_init ] --START--
INFO: Run Behavior\BuildLiteBehavior [ RunTime:0.000000s ]
INFO: [ app_init ] --END-- [ RunTime:0.002001s ]
INFO: [ app_begin ] --START--
INFO: Run Behavior\ReadHtmlCacheBehavior [ RunTime:0.001000s ]
INFO: [ app_begin ] --END-- [ RunTime:0.003000s ]
INFO: [ app_end ] --START--
INFO: Run Behavior\ShowPageTraceBehavior [ RunTime:0.001000s ]
INFO: [ app_end ] --END-- [ RunTime:0.003001s ]

[ 2015-09-04T23:31:31+08:00 ] ::1 /whugu/?XDEBUG_SESSION_START=13618
INFO: [ app_init ] --START--
INFO: Run Behavior\BuildLiteBehavior [ RunTime:0.000000s ]
INFO: [ app_init ] --END-- [ RunTime:0.005000s ]
INFO: [ app_begin ] --START--
INFO: Run Behavior\ReadHtmlCacheBehavior [ RunTime:0.002000s ]
INFO: [ app_begin ] --END-- [ RunTime:0.004000s ]
INFO: [ app_end ] --START--
INFO: Run Behavior\ShowPageTraceBehavior [ RunTime:0.002000s ]
INFO: [ app_end ] --END-- [ RunTime:0.004001s ]

[ 2015-09-04T23:31:57+08:00 ] ::1 /whugu/?XDEBUG_SESSION_START=14910
INFO: [ app_init ] --START--
INFO: Run Behavior\BuildLiteBehavior [ RunTime:0.001000s ]
INFO: [ app_init ] --END-- [ RunTime:0.002000s ]
INFO: [ app_begin ] --START--
INFO: Run Behavior\ReadHtmlCacheBehavior [ RunTime:0.001000s ]
INFO: [ app_begin ] --END-- [ RunTime:0.002000s ]
INFO: [ app_end ] --START--
INFO: Run Behavior\ShowPageTraceBehavior [ RunTime:0.001000s ]
INFO: [ app_end ] --END-- [ RunTime:0.003000s ]

[ 2015-09-04T23:32:10+08:00 ] ::1 /whugu/?XDEBUG_SESSION_START=18647
INFO: [ app_init ] --START--
INFO: Run Behavior\BuildLiteBehavior [ RunTime:0.000000s ]
INFO: [ app_init ] --END-- [ RunTime:0.002000s ]
INFO: [ app_begin ] --START--
INFO: Run Behavior\ReadHtmlCacheBehavior [ RunTime:0.001000s ]
INFO: [ app_begin ] --END-- [ RunTime:0.002001s ]
INFO: [ app_end ] --START--
INFO: Run Behavior\ShowPageTraceBehavior [ RunTime:0.001000s ]
INFO: [ app_end ] --END-- [ RunTime:0.002000s ]

[ 2015-09-04T23:32:25+08:00 ] ::1 /whugu/?XDEBUG_SESSION_START=12373
INFO: [ app_init ] --START--
INFO: Run Behavior\BuildLiteBehavior [ RunTime:0.001000s ]
INFO: [ app_init ] --END-- [ RunTime:0.002000s ]
INFO: [ app_begin ] --START--
INFO: Run Behavior\ReadHtmlCacheBehavior [ RunTime:0.002000s ]
INFO: [ app_begin ] --END-- [ RunTime:0.003000s ]
INFO: [ app_end ] --START--
INFO: Run Behavior\ShowPageTraceBehavior [ RunTime:0.001000s ]
INFO: [ app_end ] --END-- [ RunTime:0.002000s ]

[ 2015-09-04T23:32:57+08:00 ] ::1 /whugu/?XDEBUG_SESSION_START=17228
INFO: [ app_init ] --START--
INFO: Run Behavior\BuildLiteBehavior [ RunTime:0.001000s ]
INFO: [ app_init ] --END-- [ RunTime:0.002000s ]
INFO: [ app_begin ] --START--
INFO: Run Behavior\ReadHtmlCacheBehavior [ RunTime:0.001000s ]
INFO: [ app_begin ] --END-- [ RunTime:0.003000s ]
INFO: [ app_end ] --START--
INFO: Run Behavior\ShowPageTraceBehavior [ RunTime:0.002000s ]
INFO: [ app_end ] --END-- [ RunTime:0.003000s ]

[ 2015-09-04T23:33:29+08:00 ] ::1 /whugu/?XDEBUG_SESSION_START=15579
INFO: [ app_init ] --START--
INFO: Run Behavior\BuildLiteBehavior [ RunTime:0.000000s ]
INFO: [ app_init ] --END-- [ RunTime:0.002001s ]
INFO: [ app_begin ] --START--
INFO: Run Behavior\ReadHtmlCacheBehavior [ RunTime:0.001000s ]
INFO: [ app_begin ] --END-- [ RunTime:0.002000s ]
INFO: [ app_end ] --START--
INFO: Run Behavior\ShowPageTraceBehavior [ RunTime:0.001000s ]
INFO: [ app_end ] --END-- [ RunTime:0.003001s ]

[ 2015-09-04T23:34:38+08:00 ] ::1 /whugu/?XDEBUG_SESSION_START=19687
INFO: [ app_init ] --START--
INFO: Run Behavior\BuildLiteBehavior [ RunTime:0.000000s ]
INFO: [ app_init ] --END-- [ RunTime:0.002000s ]
INFO: [ app_begin ] --START--
INFO: Run Behavior\ReadHtmlCacheBehavior [ RunTime:0.001000s ]
INFO: [ app_begin ] --END-- [ RunTime:0.002000s ]
INFO: [ app_end ] --START--
INFO: Run Behavior\ShowPageTraceBehavior [ RunTime:0.001000s ]
INFO: [ app_end ] --END-- [ RunTime:0.002000s ]

[ 2015-09-04T23:34:49+08:00 ] ::1 /whugu/
INFO: [ app_init ] --START--
INFO: Run Behavior\BuildLiteBehavior [ RunTime:0.001000s ]
INFO: [ app_init ] --END-- [ RunTime:0.002000s ]
INFO: [ app_begin ] --START--
INFO: Run Behavior\ReadHtmlCacheBehavior [ RunTime:0.001000s ]
INFO: [ app_begin ] --END-- [ RunTime:0.003000s ]
INFO: [ app_end ] --START--
INFO: Run Behavior\ShowPageTraceBehavior [ RunTime:0.001000s ]
INFO: [ app_end ] --END-- [ RunTime:0.002000s ]

[ 2015-09-04T23:35:05+08:00 ] ::1 /whugu/Home/categroy/102.html
INFO: [ app_init ] --START--
INFO: Run Behavior\BuildLiteBehavior [ RunTime:0.000000s ]
INFO: [ app_init ] --END-- [ RunTime:0.002000s ]
INFO: [ app_begin ] --START--
INFO: Run Behavior\ReadHtmlCacheBehavior [ RunTime:0.001000s ]
INFO: [ app_begin ] --END-- [ RunTime:0.003000s ]
ERR: 无法加载控制器:Categroy

[ 2015-09-04T23:35:14+08:00 ] ::1 /whugu/Home/categroy/102.html
INFO: [ app_init ] --START--
INFO: Run Behavior\BuildLiteBehavior [ RunTime:0.001000s ]
INFO: [ app_init ] --END-- [ RunTime:0.001000s ]
INFO: [ app_begin ] --START--
INFO: Run Behavior\ReadHtmlCacheBehavior [ RunTime:0.001001s ]
INFO: [ app_begin ] --END-- [ RunTime:0.002001s ]
ERR: 无法加载控制器:Categroy

[ 2015-09-04T23:35:57+08:00 ] ::1 /whugu/Home/Article/categroy/102.html
INFO: [ app_init ] --START--
INFO: Run Behavior\BuildLiteBehavior [ RunTime:0.000000s ]
INFO: [ app_init ] --END-- [ RunTime:0.003000s ]
INFO: [ app_begin ] --START--
INFO: Run Behavior\ReadHtmlCacheBehavior [ RunTime:0.001000s ]
INFO: [ app_begin ] --END-- [ RunTime:0.003000s ]
ERR: Method Home\Controller\ArticleController::__call() does not exist

[ 2015-09-04T23:36:08+08:00 ] ::1 /whugu/Home/Article/categroy/102
INFO: [ app_init ] --START--
INFO: Run Behavior\BuildLiteBehavior [ RunTime:0.000000s ]
INFO: [ app_init ] --END-- [ RunTime:0.002000s ]
INFO: [ app_begin ] --START--
INFO: Run Behavior\ReadHtmlCacheBehavior [ RunTime:0.001001s ]
INFO: [ app_begin ] --END-- [ RunTime:0.003001s ]
ERR: Method Home\Controller\ArticleController::__call() does not exist

[ 2015-09-04T23:36:24+08:00 ] ::1 /whugu/Home/categroy/102
INFO: [ app_init ] --START--
INFO: Run Behavior\BuildLiteBehavior [ RunTime:0.001000s ]
INFO: [ app_init ] --END-- [ RunTime:0.002000s ]
INFO: [ app_begin ] --START--
INFO: Run Behavior\ReadHtmlCacheBehavior [ RunTime:0.001000s ]
INFO: [ app_begin ] --END-- [ RunTime:0.003000s ]
ERR: 无法加载控制器:Categroy

[ 2015-09-04T23:36:28+08:00 ] ::1 /whugu/Home/category/102
INFO: [ app_init ] --START--
INFO: Run Behavior\BuildLiteBehavior [ RunTime:0.000000s ]
INFO: [ app_init ] --END-- [ RunTime:0.002000s ]
INFO: [ app_begin ] --START--
INFO: Run Behavior\ReadHtmlCacheBehavior [ RunTime:0.001000s ]
INFO: [ app_begin ] --END-- [ RunTime:0.003000s ]
ERR: 无法加载数据库驱动: Think\Db\Driver\

[ 2015-09-04T23:36:31+08:00 ] ::1 /whugu/Home/category/102
INFO: [ app_init ] --START--
INFO: Run Behavior\BuildLiteBehavior [ RunTime:0.000000s ]
INFO: [ app_init ] --END-- [ RunTime:0.003000s ]
INFO: [ app_begin ] --START--
INFO: Run Behavior\ReadHtmlCacheBehavior [ RunTime:0.001000s ]
INFO: [ app_begin ] --END-- [ RunTime:0.002000s ]
ERR: 无法加载数据库驱动: Think\Db\Driver\

[ 2015-09-04T23:36:50+08:00 ] ::1 /whugu/?XDEBUG_SESSION_START=14597
INFO: [ app_init ] --START--
INFO: Run Behavior\BuildLiteBehavior [ RunTime:0.000000s ]
INFO: [ app_init ] --END-- [ RunTime:0.002000s ]
INFO: [ app_begin ] --START--
INFO: Run Behavior\ReadHtmlCacheBehavior [ RunTime:0.001000s ]
INFO: [ app_begin ] --END-- [ RunTime:0.003000s ]
INFO: [ app_end ] --START--
INFO: Run Behavior\ShowPageTraceBehavior [ RunTime:0.001000s ]
INFO: [ app_end ] --END-- [ RunTime:0.002000s ]

[ 2015-09-04T23:36:57+08:00 ] ::1 /whugu/Home/category/102
INFO: [ app_init ] --START--
INFO: Run Behavior\BuildLiteBehavior [ RunTime:0.000000s ]
INFO: [ app_init ] --END-- [ RunTime:0.002000s ]
INFO: [ app_begin ] --START--
INFO: Run Behavior\ReadHtmlCacheBehavior [ RunTime:0.002000s ]
INFO: [ app_begin ] --END-- [ RunTime:0.003000s ]
ERR: 无法加载数据库驱动: Think\Db\Driver\

[ 2015-09-04T23:39:33+08:00 ] ::1 /whugu/Home/category/102
INFO: [ app_init ] --START--
INFO: Run Behavior\BuildLiteBehavior [ RunTime:0.000000s ]
INFO: [ app_init ] --END-- [ RunTime:0.003000s ]
INFO: [ app_begin ] --START--
INFO: Run Behavior\ReadHtmlCacheBehavior [ RunTime:0.001000s ]
INFO: [ app_begin ] --END-- [ RunTime:0.002000s ]
ERR: 无法加载数据库驱动: Think\Db\Driver\

[ 2015-09-04T23:51:46+08:00 ] ::1 /whugu/?XDEBUG_SESSION_START=14278
INFO: [ app_init ] --START--
INFO: Run Behavior\BuildLiteBehavior [ RunTime:0.000000s ]
INFO: [ app_init ] --END-- [ RunTime:0.003000s ]
INFO: [ app_begin ] --START--
INFO: Run Behavior\ReadHtmlCacheBehavior [ RunTime:0.002000s ]
INFO: [ app_begin ] --END-- [ RunTime:0.002000s ]
INFO: [ app_end ] --START--
INFO: Run Behavior\ShowPageTraceBehavior [ RunTime:0.001000s ]
INFO: [ app_end ] --END-- [ RunTime:0.002000s ]

[ 2015-09-04T23:51:52+08:00 ] ::1 /whugu/Home/category/102
INFO: [ app_init ] --START--
INFO: Run Behavior\BuildLiteBehavior [ RunTime:0.001000s ]
INFO: [ app_init ] --END-- [ RunTime:0.002000s ]
INFO: [ app_begin ] --START--
INFO: Run Behavior\ReadHtmlCacheBehavior [ RunTime:0.001000s ]
INFO: [ app_begin ] --END-- [ RunTime:0.002000s ]
ERR: 无法加载数据库驱动: Think\Db\Driver\

[ 2015-09-04T23:52:09+08:00 ] ::1 /whugu/Home/category/102
INFO: [ app_init ] --START--
INFO: Run Behavior\BuildLiteBehavior [ RunTime:0.000000s ]
INFO: [ app_init ] --END-- [ RunTime:0.002000s ]
INFO: [ app_begin ] --START--
INFO: Run Behavior\ReadHtmlCacheBehavior [ RunTime:0.002000s ]
INFO: [ app_begin ] --END-- [ RunTime:0.003000s ]
ERR: 无法加载数据库驱动: Think\Db\Driver\

[ 2015-09-04T23:56:42+08:00 ] ::1 /whugu/Home/category/102
INFO: [ app_init ] --START--
INFO: Run Behavior\BuildLiteBehavior [ RunTime:0.000000s ]
INFO: [ app_init ] --END-- [ RunTime:0.002000s ]
INFO: [ app_begin ] --START--
INFO: Run Behavior\ReadHtmlCacheBehavior [ RunTime:0.001000s ]
INFO: [ app_begin ] --END-- [ RunTime:0.002000s ]
SQL: SHOW COLUMNS FROM `article` [ RunTime:0.0050s ]
SQL: SELECT * FROM article [ RunTime:0.0020s ]
INFO: [ app_end ] --START--
INFO: Run Behavior\ShowPageTraceBehavior [ RunTime:0.001001s ]
INFO: [ app_end ] --END-- [ RunTime:0.002001s ]

[ 2015-09-04T23:57:17+08:00 ] ::1 /whugu/Home/category/102
INFO: [ app_init ] --START--
INFO: Run Behavior\BuildLiteBehavior [ RunTime:0.000000s ]
INFO: [ app_init ] --END-- [ RunTime:0.003000s ]
INFO: [ app_begin ] --START--
INFO: Run Behavior\ReadHtmlCacheBehavior [ RunTime:0.002000s ]
INFO: [ app_begin ] --END-- [ RunTime:0.002000s ]
SQL: SHOW COLUMNS FROM `article` [ RunTime:0.0030s ]
SQL: SELECT * FROM article [ RunTime:0.0000s ]
NOTIC: [4096] Object of class Think\Model could not be converted to string C:\www\whugu\app\Home\Controller\ArticleController.class.php 第 24 行.
INFO: [ app_end ] --START--
INFO: Run Behavior\ShowPageTraceBehavior [ RunTime:0.001000s ]
INFO: [ app_end ] --END-- [ RunTime:0.003000s ]

[ 2015-09-04T23:58:55+08:00 ] ::1 /whugu/Home/category/102
INFO: [ app_init ] --START--
INFO: Run Behavior\BuildLiteBehavior [ RunTime:0.000000s ]
INFO: [ app_init ] --END-- [ RunTime:0.002000s ]
INFO: [ app_begin ] --START--
INFO: Run Behavior\ReadHtmlCacheBehavior [ RunTime:0.001000s ]
INFO: [ app_begin ] --END-- [ RunTime:0.003000s ]
ERR: 无法加载数据库驱动: Think\Db\Driver\

[ 2015-09-04T23:59:00+08:00 ] ::1 /whugu/Home/category/102
INFO: [ app_init ] --START--
INFO: Run Behavior\BuildLiteBehavior [ RunTime:0.000000s ]
INFO: [ app_init ] --END-- [ RunTime:0.002000s ]
INFO: [ app_begin ] --START--
INFO: Run Behavior\ReadHtmlCacheBehavior [ RunTime:0.001000s ]
INFO: [ app_begin ] --END-- [ RunTime:0.002000s ]
ERR: 无法加载数据库驱动: Think\Db\Driver\

