[ 2015-09-12T22:20:02+08:00 ] ::1 /whugu/Home/category/activity/1
INFO: [ app_init ] --START--
INFO: Run Behavior\BuildLiteBehavior [ RunTime:0.000000s ]
INFO: [ app_init ] --END-- [ RunTime:0.002000s ]
INFO: [ app_begin ] --START--
INFO: Run Behavior\ReadHtmlCacheBehavior [ RunTime:0.001000s ]
INFO: [ app_begin ] --END-- [ RunTime:0.003000s ]
SQL: SHOW COLUMNS FROM `article` [ RunTime:0.0030s ]
SQL: SHOW COLUMNS FROM `category` [ RunTime:0.0040s ]
ERR: SQLSTATE[42S22]: Column not found: 1054 Unknown column 'activity' in 'where clause'

[ 2015-09-12T22:21:21+08:00 ] ::1 /whugu/Home/category/activity/1
INFO: [ app_init ] --START--
INFO: Run Behavior\BuildLiteBehavior [ RunTime:0.001000s ]
INFO: [ app_init ] --END-- [ RunTime:0.001000s ]
INFO: [ app_begin ] --START--
INFO: Run Behavior\ReadHtmlCacheBehavior [ RunTime:0.001001s ]
INFO: [ app_begin ] --END-- [ RunTime:0.002001s ]
SQL: SHOW COLUMNS FROM `article` [ RunTime:0.0030s ]
SQL: SHOW COLUMNS FROM `category` [ RunTime:0.0030s ]
ERR: SQLSTATE[42S22]: Column not found: 1054 Unknown column 'activity' in 'where clause'

[ 2015-09-12T22:22:35+08:00 ] ::1 /whugu/Home/category/activity/1
INFO: [ app_init ] --START--
INFO: Run Behavior\BuildLiteBehavior [ RunTime:0.000000s ]
INFO: [ app_init ] --END-- [ RunTime:0.002000s ]
INFO: [ app_begin ] --START--
INFO: Run Behavior\ReadHtmlCacheBehavior [ RunTime:0.001001s ]
INFO: [ app_begin ] --END-- [ RunTime:0.002001s ]
SQL: SHOW COLUMNS FROM `article` [ RunTime:0.0040s ]
SQL: SHOW COLUMNS FROM `category` [ RunTime:0.0040s ]
ERR: SQLSTATE[42S22]: Column not found: 1054 Unknown column 'activity' in 'where clause'

[ 2015-09-12T22:22:51+08:00 ] ::1 /whugu/Home/category/activity/1
INFO: [ app_init ] --START--
INFO: Run Behavior\BuildLiteBehavior [ RunTime:0.000000s ]
INFO: [ app_init ] --END-- [ RunTime:0.002000s ]
INFO: [ app_begin ] --START--
INFO: Run Behavior\ReadHtmlCacheBehavior [ RunTime:0.001000s ]
INFO: [ app_begin ] --END-- [ RunTime:0.002000s ]
SQL: SHOW COLUMNS FROM `article` [ RunTime:0.0030s ]
SQL: SHOW COLUMNS FROM `category` [ RunTime:0.0020s ]
ERR: SQLSTATE[42S22]: Column not found: 1054 Unknown column 'activity' in 'where clause'

[ 2015-09-12T22:23:06+08:00 ] ::1 /whugu/Home/category/activity/1
INFO: [ app_init ] --START--
INFO: Run Behavior\BuildLiteBehavior [ RunTime:0.000000s ]
INFO: [ app_init ] --END-- [ RunTime:0.002000s ]
INFO: [ app_begin ] --START--
INFO: Run Behavior\ReadHtmlCacheBehavior [ RunTime:0.001000s ]
INFO: [ app_begin ] --END-- [ RunTime:0.003000s ]
SQL: SHOW COLUMNS FROM `article` [ RunTime:0.0040s ]
SQL: SHOW COLUMNS FROM `category` [ RunTime:0.0040s ]
ERR: SQLSTATE[42S22]: Column not found: 1054 Unknown column 'activity' in 'where clause'

[ 2015-09-12T22:23:27+08:00 ] ::1 /whugu/Home/category/activity/1
INFO: [ app_init ] --START--
INFO: Run Behavior\BuildLiteBehavior [ RunTime:0.000000s ]
INFO: [ app_init ] --END-- [ RunTime:0.002000s ]
INFO: [ app_begin ] --START--
INFO: Run Behavior\ReadHtmlCacheBehavior [ RunTime:0.001000s ]
INFO: [ app_begin ] --END-- [ RunTime:0.001000s ]
SQL: SHOW COLUMNS FROM `article` [ RunTime:0.0030s ]
SQL: SHOW COLUMNS FROM `category` [ RunTime:0.0020s ]
ERR: SQLSTATE[42S22]: Column not found: 1054 Unknown column 'activity' in 'where clause'

[ 2015-09-12T22:23:33+08:00 ] ::1 /whugu/Home/category/activity/1
INFO: [ app_init ] --START--
INFO: Run Behavior\BuildLiteBehavior [ RunTime:0.000000s ]
INFO: [ app_init ] --END-- [ RunTime:0.002000s ]
INFO: [ app_begin ] --START--
INFO: Run Behavior\ReadHtmlCacheBehavior [ RunTime:0.001000s ]
INFO: [ app_begin ] --END-- [ RunTime:0.002000s ]
SQL: SHOW COLUMNS FROM `article` [ RunTime:0.0030s ]
SQL: SHOW COLUMNS FROM `category` [ RunTime:0.0030s ]
ERR: SQLSTATE[42S22]: Column not found: 1054 Unknown column 'activity' in 'where clause'

[ 2015-09-12T22:24:03+08:00 ] ::1 /whugu/Home/category/activity/1
INFO: [ app_init ] --START--
INFO: Run Behavior\BuildLiteBehavior [ RunTime:0.000000s ]
INFO: [ app_init ] --END-- [ RunTime:0.001000s ]
INFO: [ app_begin ] --START--
INFO: Run Behavior\ReadHtmlCacheBehavior [ RunTime:0.002000s ]
INFO: [ app_begin ] --END-- [ RunTime:0.002000s ]
SQL: SHOW COLUMNS FROM `article` [ RunTime:0.0040s ]
SQL: SHOW COLUMNS FROM `category` [ RunTime:0.0030s ]
ERR: SQLSTATE[42S22]: Column not found: 1054 Unknown column 'activity' in 'where clause'

[ 2015-09-12T22:24:08+08:00 ] ::1 /whugu/?XDEBUG_SESSION_START=18752
INFO: [ app_init ] --START--
INFO: Run Behavior\BuildLiteBehavior [ RunTime:0.000000s ]
INFO: [ app_init ] --END-- [ RunTime:0.002000s ]
INFO: [ app_begin ] --START--
INFO: Run Behavior\ReadHtmlCacheBehavior [ RunTime:0.001000s ]
INFO: [ app_begin ] --END-- [ RunTime:0.003000s ]
ERR: 无法加载控制器:Index

[ 2015-09-12T22:28:09+08:00 ] ::1 /whugu/Home/category/activity/1
INFO: [ app_init ] --START--
INFO: Run Behavior\BuildLiteBehavior [ RunTime:0.000000s ]
INFO: [ app_init ] --END-- [ RunTime:0.002000s ]
INFO: [ app_begin ] --START--
INFO: Run Behavior\ReadHtmlCacheBehavior [ RunTime:0.001000s ]
INFO: [ app_begin ] --END-- [ RunTime:0.003000s ]
SQL: SHOW COLUMNS FROM `article` [ RunTime:0.0040s ]
SQL: SHOW COLUMNS FROM `category` [ RunTime:0.0030s ]

[ 2015-09-12T22:28:10+08:00 ] ::1 /whugu/Home/category/activity/1
INFO: [ app_init ] --START--
INFO: Run Behavior\BuildLiteBehavior [ RunTime:0.000000s ]
INFO: [ app_init ] --END-- [ RunTime:0.002000s ]
INFO: [ app_begin ] --START--
INFO: Run Behavior\ReadHtmlCacheBehavior [ RunTime:0.002001s ]
INFO: [ app_begin ] --END-- [ RunTime:0.003001s ]
SQL: SHOW COLUMNS FROM `article` [ RunTime:0.0040s ]
SQL: SHOW COLUMNS FROM `category` [ RunTime:0.0040s ]
ERR: SQLSTATE[42S22]: Column not found: 1054 Unknown column 'activity' in 'where clause'

[ 2015-09-12T22:28:11+08:00 ] ::1 /whugu/Home/category/activity/1
INFO: [ app_init ] --START--
INFO: Run Behavior\BuildLiteBehavior [ RunTime:0.000000s ]
INFO: [ app_init ] --END-- [ RunTime:0.002000s ]
INFO: [ app_begin ] --START--
INFO: Run Behavior\ReadHtmlCacheBehavior [ RunTime:0.002001s ]
INFO: [ app_begin ] --END-- [ RunTime:0.003001s ]
SQL: SHOW COLUMNS FROM `article` [ RunTime:0.0030s ]
SQL: SHOW COLUMNS FROM `category` [ RunTime:0.0030s ]
ERR: SQLSTATE[42S22]: Column not found: 1054 Unknown column 'activity' in 'where clause'

[ 2015-09-12T22:28:14+08:00 ] ::1 /whugu/Home/category/activity/1
INFO: [ app_init ] --START--
INFO: Run Behavior\BuildLiteBehavior [ RunTime:0.000000s ]
INFO: [ app_init ] --END-- [ RunTime:0.003001s ]
INFO: [ app_begin ] --START--
INFO: Run Behavior\ReadHtmlCacheBehavior [ RunTime:0.001000s ]
INFO: [ app_begin ] --END-- [ RunTime:0.002000s ]
SQL: SHOW COLUMNS FROM `article` [ RunTime:0.0040s ]
SQL: SHOW COLUMNS FROM `category` [ RunTime:0.0020s ]
ERR: SQLSTATE[42S22]: Column not found: 1054 Unknown column 'activity' in 'where clause'

[ 2015-09-12T22:28:43+08:00 ] ::1 /whugu/Home/category/activity/1
INFO: [ app_init ] --START--
INFO: Run Behavior\BuildLiteBehavior [ RunTime:0.000000s ]
INFO: [ app_init ] --END-- [ RunTime:0.001001s ]
INFO: [ app_begin ] --START--
INFO: Run Behavior\ReadHtmlCacheBehavior [ RunTime:0.001000s ]
INFO: [ app_begin ] --END-- [ RunTime:0.003000s ]
SQL: SHOW COLUMNS FROM `article` [ RunTime:0.0030s ]
SQL: SHOW COLUMNS FROM `category` [ RunTime:0.0040s ]
ERR: SQLSTATE[42S22]: Column not found: 1054 Unknown column 'activity' in 'where clause'

[ 2015-09-12T22:29:08+08:00 ] ::1 /whugu/Home/category/activity/1
INFO: [ app_init ] --START--
INFO: Run Behavior\BuildLiteBehavior [ RunTime:0.000000s ]
INFO: [ app_init ] --END-- [ RunTime:0.002000s ]
INFO: [ app_begin ] --START--
INFO: Run Behavior\ReadHtmlCacheBehavior [ RunTime:0.001000s ]
INFO: [ app_begin ] --END-- [ RunTime:0.001000s ]
SQL: SHOW COLUMNS FROM `article` [ RunTime:0.0030s ]
SQL: SHOW COLUMNS FROM `category` [ RunTime:0.0030s ]
SQL: SELECT * FROM `category` WHERE ( ename='activity' )  [ RunTime:0.0010s ]
SQL: SELECT `id`,`title`,`pubdate` FROM `article` WHERE ( cid=1 ) LIMIT 0,15   [ RunTime:0.0020s ]
INFO: [ view_parse ] --START--
INFO: [ template_filter ] --START--
INFO: Run Behavior\ContentReplaceBehavior [ RunTime:0.000000s ]
INFO: [ template_filter ] --END-- [ RunTime:0.002000s ]
INFO: Run Behavior\ParseTemplateBehavior [ RunTime:0.035002s ]
INFO: [ view_parse ] --END-- [ RunTime:0.035002s ]
INFO: [ view_filter ] --START--
INFO: Run Behavior\WriteHtmlCacheBehavior [ RunTime:0.001000s ]
INFO: [ view_filter ] --END-- [ RunTime:0.002000s ]
INFO: [ app_end ] --START--
INFO: Run Behavior\ShowPageTraceBehavior [ RunTime:0.001000s ]
INFO: [ app_end ] --END-- [ RunTime:0.002000s ]

[ 2015-09-12T22:31:56+08:00 ] ::1 /whugu/Home/category/activity/1
INFO: [ app_init ] --START--
INFO: Run Behavior\BuildLiteBehavior [ RunTime:0.001000s ]
INFO: [ app_init ] --END-- [ RunTime:0.002000s ]
INFO: [ app_begin ] --START--
INFO: Run Behavior\ReadHtmlCacheBehavior [ RunTime:0.002000s ]
INFO: [ app_begin ] --END-- [ RunTime:0.003000s ]
SQL: SHOW COLUMNS FROM `article` [ RunTime:0.0040s ]
SQL: SHOW COLUMNS FROM `category` [ RunTime:0.0030s ]
SQL: SELECT * FROM `category` WHERE `ename` = 'activity'  [ RunTime:0.0000s ]
SQL: SELECT `id`,`title`,`pubdate` FROM `article` WHERE ( cid=1 ) LIMIT 0,15   [ RunTime:0.0010s ]
INFO: [ view_parse ] --START--
INFO: [ template_filter ] --START--
INFO: Run Behavior\ContentReplaceBehavior [ RunTime:0.000000s ]
INFO: [ template_filter ] --END-- [ RunTime:0.002000s ]
INFO: Run Behavior\ParseTemplateBehavior [ RunTime:0.036002s ]
INFO: [ view_parse ] --END-- [ RunTime:0.037002s ]
INFO: [ view_filter ] --START--
INFO: Run Behavior\WriteHtmlCacheBehavior [ RunTime:0.001000s ]
INFO: [ view_filter ] --END-- [ RunTime:0.002000s ]
INFO: [ app_end ] --START--
INFO: Run Behavior\ShowPageTraceBehavior [ RunTime:0.001000s ]
INFO: [ app_end ] --END-- [ RunTime:0.003000s ]

[ 2015-09-12T22:34:46+08:00 ] ::1 /whugu/Home/category/activity/1
INFO: [ app_init ] --START--
INFO: Run Behavior\BuildLiteBehavior [ RunTime:0.000000s ]
INFO: [ app_init ] --END-- [ RunTime:0.002000s ]
INFO: [ app_begin ] --START--
INFO: Run Behavior\ReadHtmlCacheBehavior [ RunTime:0.001000s ]
INFO: [ app_begin ] --END-- [ RunTime:0.002000s ]
SQL: SHOW COLUMNS FROM `article` [ RunTime:0.0050s ]
SQL: SHOW COLUMNS FROM `category` [ RunTime:0.0030s ]
SQL: SELECT * FROM `category` WHERE `ename` = 'activity'  [ RunTime:0.0000s ]
SQL: SELECT `id`,`title`,`pubdate` FROM `article` WHERE ( cid=1 ) LIMIT 0,15   [ RunTime:0.0010s ]
INFO: [ view_parse ] --START--
INFO: [ template_filter ] --START--
INFO: Run Behavior\ContentReplaceBehavior [ RunTime:0.000000s ]
INFO: [ template_filter ] --END-- [ RunTime:0.002000s ]
INFO: Run Behavior\ParseTemplateBehavior [ RunTime:0.028001s ]
INFO: [ view_parse ] --END-- [ RunTime:0.030001s ]
INFO: [ view_filter ] --START--
INFO: Run Behavior\WriteHtmlCacheBehavior [ RunTime:0.001000s ]
INFO: [ view_filter ] --END-- [ RunTime:0.002000s ]
INFO: [ app_end ] --START--
INFO: Run Behavior\ShowPageTraceBehavior [ RunTime:0.001000s ]
INFO: [ app_end ] --END-- [ RunTime:0.002000s ]

[ 2015-09-12T22:35:45+08:00 ] ::1 /whugu/Home/category/activity/1
INFO: [ app_init ] --START--
INFO: Run Behavior\BuildLiteBehavior [ RunTime:0.000000s ]
INFO: [ app_init ] --END-- [ RunTime:0.001000s ]
INFO: [ app_begin ] --START--
INFO: Run Behavior\ReadHtmlCacheBehavior [ RunTime:0.001000s ]
INFO: [ app_begin ] --END-- [ RunTime:0.002000s ]
SQL: SHOW COLUMNS FROM `article` [ RunTime:0.0050s ]
SQL: SHOW COLUMNS FROM `category` [ RunTime:0.0030s ]
SQL: SELECT * FROM `category` WHERE `ename` = 'activity'  [ RunTime:0.0010s ]
SQL: SELECT `id`,`title`,`pubdate` FROM `article` WHERE ( cid=1 ) LIMIT 0,15   [ RunTime:0.0020s ]
INFO: [ view_parse ] --START--
INFO: [ template_filter ] --START--
INFO: Run Behavior\ContentReplaceBehavior [ RunTime:0.000000s ]
INFO: [ template_filter ] --END-- [ RunTime:0.002000s ]
INFO: Run Behavior\ParseTemplateBehavior [ RunTime:0.033002s ]
INFO: [ view_parse ] --END-- [ RunTime:0.033002s ]
INFO: [ view_filter ] --START--
INFO: Run Behavior\WriteHtmlCacheBehavior [ RunTime:0.001000s ]
INFO: [ view_filter ] --END-- [ RunTime:0.002000s ]
INFO: [ app_end ] --START--
INFO: Run Behavior\ShowPageTraceBehavior [ RunTime:0.001000s ]
INFO: [ app_end ] --END-- [ RunTime:0.002000s ]

