[ 2015-09-19T13:22:25+08:00 ] ::1 /whugu/Home/article/102.html
INFO: [ app_init ] --START--
INFO: Run Behavior\BuildLiteBehavior [ RunTime:0.000000s ]
INFO: [ app_init ] --END-- [ RunTime:0.005000s ]
INFO: [ app_begin ] --START--
INFO: Run Behavior\ReadHtmlCacheBehavior [ RunTime:0.001000s ]
INFO: [ app_begin ] --END-- [ RunTime:0.002000s ]
SQL: SHOW COLUMNS FROM `article` [ RunTime:0.0040s ]
SQL: SELECT * FROM `article` WHERE `id` = 102 LIMIT 1   [ RunTime:0.0010s ]
SQL: SHOW COLUMNS FROM `category` [ RunTime:0.0030s ]
SQL: SELECT * FROM `category` WHERE `id` = null LIMIT 1   [ RunTime:0.0000s ]
INFO: [ view_parse ] --START--
INFO: [ template_filter ] --START--
INFO: Run Behavior\ContentReplaceBehavior [ RunTime:0.000000s ]
INFO: [ template_filter ] --END-- [ RunTime:0.002000s ]
NOTIC: [8] Undefined index: title C:\www\whugu\app\Runtime\Cache\Home\bc11a67a19137f1c76ae8019e668d7be.php 第 86 行.
NOTIC: [8] Undefined index: publisher C:\www\whugu\app\Runtime\Cache\Home\bc11a67a19137f1c76ae8019e668d7be.php 第 87 行.
NOTIC: [8] Undefined index: pubdate C:\www\whugu\app\Runtime\Cache\Home\bc11a67a19137f1c76ae8019e668d7be.php 第 88 行.
NOTIC: [8] Undefined index: author C:\www\whugu\app\Runtime\Cache\Home\bc11a67a19137f1c76ae8019e668d7be.php 第 90 行.
NOTIC: [8] Undefined index: hit C:\www\whugu\app\Runtime\Cache\Home\bc11a67a19137f1c76ae8019e668d7be.php 第 91 行.
NOTIC: [8] Undefined index: content C:\www\whugu\app\Runtime\Cache\Home\bc11a67a19137f1c76ae8019e668d7be.php 第 95 行.
INFO: Run Behavior\ParseTemplateBehavior [ RunTime:0.048003s ]
INFO: [ view_parse ] --END-- [ RunTime:0.048003s ]
INFO: [ view_filter ] --START--
INFO: Run Behavior\WriteHtmlCacheBehavior [ RunTime:0.002000s ]
INFO: [ view_filter ] --END-- [ RunTime:0.002000s ]
INFO: [ app_end ] --START--
INFO: Run Behavior\ShowPageTraceBehavior [ RunTime:0.001000s ]
INFO: [ app_end ] --END-- [ RunTime:0.003000s ]

[ 2015-09-19T13:22:26+08:00 ] ::1 /whugu/Public/static/img/logo.png
INFO: [ app_init ] --START--
INFO: Run Behavior\BuildLiteBehavior [ RunTime:0.001000s ]
INFO: [ app_init ] --END-- [ RunTime:0.002001s ]

[ 2015-09-19T13:22:36+08:00 ] ::1 /whugu/Home/article/102.html
INFO: [ app_init ] --START--
INFO: Run Behavior\BuildLiteBehavior [ RunTime:0.000000s ]
INFO: [ app_init ] --END-- [ RunTime:0.002000s ]
INFO: [ app_begin ] --START--
INFO: Run Behavior\ReadHtmlCacheBehavior [ RunTime:0.001000s ]
INFO: [ app_begin ] --END-- [ RunTime:0.002000s ]
SQL: SHOW COLUMNS FROM `article` [ RunTime:0.0040s ]
SQL: SELECT * FROM `article` WHERE `id` = 102 LIMIT 1   [ RunTime:0.0000s ]
SQL: SHOW COLUMNS FROM `category` [ RunTime:0.0030s ]
SQL: SELECT * FROM `category` WHERE `id` = null LIMIT 1   [ RunTime:0.0010s ]
INFO: [ view_parse ] --START--
INFO: [ template_filter ] --START--
INFO: Run Behavior\ContentReplaceBehavior [ RunTime:0.000000s ]
INFO: [ template_filter ] --END-- [ RunTime:0.001000s ]
NOTIC: [8] Undefined index: title C:\www\whugu\app\Runtime\Cache\Home\bc11a67a19137f1c76ae8019e668d7be.php 第 86 行.
NOTIC: [8] Undefined index: publisher C:\www\whugu\app\Runtime\Cache\Home\bc11a67a19137f1c76ae8019e668d7be.php 第 87 行.
NOTIC: [8] Undefined index: pubdate C:\www\whugu\app\Runtime\Cache\Home\bc11a67a19137f1c76ae8019e668d7be.php 第 88 行.
NOTIC: [8] Undefined index: author C:\www\whugu\app\Runtime\Cache\Home\bc11a67a19137f1c76ae8019e668d7be.php 第 90 行.
NOTIC: [8] Undefined index: hit C:\www\whugu\app\Runtime\Cache\Home\bc11a67a19137f1c76ae8019e668d7be.php 第 91 行.
NOTIC: [8] Undefined index: content C:\www\whugu\app\Runtime\Cache\Home\bc11a67a19137f1c76ae8019e668d7be.php 第 95 行.
INFO: Run Behavior\ParseTemplateBehavior [ RunTime:0.029001s ]
INFO: [ view_parse ] --END-- [ RunTime:0.031001s ]
INFO: [ view_filter ] --START--
INFO: Run Behavior\WriteHtmlCacheBehavior [ RunTime:0.002001s ]
INFO: [ view_filter ] --END-- [ RunTime:0.003001s ]
INFO: [ app_end ] --START--
INFO: Run Behavior\ShowPageTraceBehavior [ RunTime:0.001000s ]
INFO: [ app_end ] --END-- [ RunTime:0.002000s ]

[ 2015-09-19T13:23:41+08:00 ] ::1 /whugu/Home/article/102.html
INFO: [ app_init ] --START--
INFO: Run Behavior\BuildLiteBehavior [ RunTime:0.000000s ]
INFO: [ app_init ] --END-- [ RunTime:0.003000s ]
INFO: [ app_begin ] --START--
INFO: Run Behavior\ReadHtmlCacheBehavior [ RunTime:0.001000s ]
INFO: [ app_begin ] --END-- [ RunTime:0.002000s ]
SQL: SHOW COLUMNS FROM `article` [ RunTime:0.0040s ]
SQL: SELECT * FROM `article` WHERE `id` = 102 LIMIT 1   [ RunTime:0.0000s ]
SQL: SHOW COLUMNS FROM `category` [ RunTime:0.0030s ]
SQL: SELECT * FROM `category` WHERE `id` = null LIMIT 1   [ RunTime:0.0000s ]
INFO: [ view_parse ] --START--
INFO: [ template_filter ] --START--
INFO: Run Behavior\ContentReplaceBehavior [ RunTime:0.001000s ]
INFO: [ template_filter ] --END-- [ RunTime:0.001000s ]
NOTIC: [8] Undefined index: title C:\www\whugu\app\Runtime\Cache\Home\bc11a67a19137f1c76ae8019e668d7be.php 第 86 行.
NOTIC: [8] Undefined index: publisher C:\www\whugu\app\Runtime\Cache\Home\bc11a67a19137f1c76ae8019e668d7be.php 第 87 行.
NOTIC: [8] Undefined index: pubdate C:\www\whugu\app\Runtime\Cache\Home\bc11a67a19137f1c76ae8019e668d7be.php 第 88 行.
NOTIC: [8] Undefined index: author C:\www\whugu\app\Runtime\Cache\Home\bc11a67a19137f1c76ae8019e668d7be.php 第 90 行.
NOTIC: [8] Undefined index: hit C:\www\whugu\app\Runtime\Cache\Home\bc11a67a19137f1c76ae8019e668d7be.php 第 91 行.
NOTIC: [8] Undefined index: content C:\www\whugu\app\Runtime\Cache\Home\bc11a67a19137f1c76ae8019e668d7be.php 第 95 行.
INFO: Run Behavior\ParseTemplateBehavior [ RunTime:0.030002s ]
INFO: [ view_parse ] --END-- [ RunTime:0.032002s ]
INFO: [ view_filter ] --START--
INFO: Run Behavior\WriteHtmlCacheBehavior [ RunTime:0.001000s ]
INFO: [ view_filter ] --END-- [ RunTime:0.002000s ]
INFO: [ app_end ] --START--
INFO: Run Behavior\ShowPageTraceBehavior [ RunTime:0.001000s ]
INFO: [ app_end ] --END-- [ RunTime:0.002000s ]

[ 2015-09-19T13:23:51+08:00 ] ::1 /whugu/Home/Ueditor/102.html
INFO: [ app_init ] --START--
INFO: Run Behavior\BuildLiteBehavior [ RunTime:0.000000s ]
INFO: [ app_init ] --END-- [ RunTime:0.001000s ]
INFO: [ app_begin ] --START--
INFO: Run Behavior\ReadHtmlCacheBehavior [ RunTime:0.001000s ]
INFO: [ app_begin ] --END-- [ RunTime:0.002000s ]
ERR: 无法加载控制器:Ueditor

[ 2015-09-19T13:24:07+08:00 ] ::1 /whugu/Home/Ueditor/102.html
INFO: [ app_init ] --START--
INFO: Run Behavior\BuildLiteBehavior [ RunTime:0.000000s ]
INFO: [ app_init ] --END-- [ RunTime:0.001000s ]
INFO: [ app_begin ] --START--
INFO: Run Behavior\ReadHtmlCacheBehavior [ RunTime:0.001000s ]
INFO: [ app_begin ] --END-- [ RunTime:0.002000s ]
ERR: 无法加载控制器:Ueditor

[ 2015-09-19T14:13:08+08:00 ] ::1 /whugu/?XDEBUG_SESSION_START=12398
INFO: [ app_init ] --START--
INFO: Run Behavior\BuildLiteBehavior [ RunTime:0.001000s ]
INFO: [ app_init ] --END-- [ RunTime:0.001000s ]
INFO: [ app_begin ] --START--
INFO: Run Behavior\ReadHtmlCacheBehavior [ RunTime:0.001000s ]
INFO: [ app_begin ] --END-- [ RunTime:0.003000s ]
ERR: 无法加载控制器:Index

